<?xml version="1.0" encoding="utf-8"?>
<coverage line-rate="1" branch-rate="1" version="1.9" timestamp="1662746449" lines-covered="97" lines-valid="97" branches-covered="34" branches-valid="34">
  <sources>
    <source>/</source>
  </sources>
  <packages>
    <package name="DependencyGraph" line-rate="1" branch-rate="1" complexity="37">
      <classes>
        <class name="SpreadsheetUtilities.DependencyGraph" filename="Users/clintonkwong/Projects/spreadsheet-clintonkwong/Spreadsheet/DependencyGraph/DependencyGraph.cs" line-rate="1" branch-rate="1" complexity="37">
          <methods>
            <method name="get_Size" signature="()" line-rate="1" branch-rate="1" complexity="1">
              <lines>
                <line number="74" hits="27353" branch="False" />
              </lines>
            </method>
            <method name="set_Size" signature="(System.Int32)" line-rate="1" branch-rate="1" complexity="1">
              <lines>
                <line number="75" hits="27362" branch="False" />
              </lines>
            </method>
            <method name="get_Item" signature="(System.String)" line-rate="1" branch-rate="1" complexity="2">
              <lines>
                <line number="88" hits="3" branch="False" />
                <line number="89" hits="3" branch="True" condition-coverage="100% (2/2)">
                  <conditions>
                    <condition number="15" type="jump" coverage="100%" />
                  </conditions>
                </line>
                <line number="90" hits="2" branch="False" />
                <line number="91" hits="2" branch="False" />
                <line number="94" hits="1" branch="False" />
                <line number="95" hits="1" branch="False" />
                <line number="97" hits="3" branch="False" />
              </lines>
            </method>
            <method name="HasDependents" signature="(System.String)" line-rate="1" branch-rate="1" complexity="2">
              <lines>
                <line number="105" hits="3" branch="False" />
                <line number="106" hits="3" branch="True" condition-coverage="100% (2/2)">
                  <conditions>
                    <condition number="15" type="jump" coverage="100%" />
                  </conditions>
                </line>
                <line number="107" hits="2" branch="False" />
                <line number="108" hits="2" branch="False" />
                <line number="111" hits="1" branch="False" />
                <line number="112" hits="1" branch="False" />
                <line number="114" hits="3" branch="False" />
              </lines>
            </method>
            <method name="HasDependees" signature="(System.String)" line-rate="1" branch-rate="1" complexity="2">
              <lines>
                <line number="121" hits="3" branch="False" />
                <line number="123" hits="3" branch="True" condition-coverage="100% (2/2)">
                  <conditions>
                    <condition number="15" type="jump" coverage="100%" />
                  </conditions>
                </line>
                <line number="124" hits="2" branch="False" />
                <line number="125" hits="2" branch="False" />
                <line number="128" hits="1" branch="False" />
                <line number="129" hits="1" branch="False" />
                <line number="131" hits="3" branch="False" />
              </lines>
            </method>
            <method name="GetDependents" signature="(System.String)" line-rate="1" branch-rate="1" complexity="2">
              <lines>
                <line number="138" hits="205" branch="False" />
                <line number="139" hits="205" branch="True" condition-coverage="100% (2/2)">
                  <conditions>
                    <condition number="15" type="jump" coverage="100%" />
                  </conditions>
                </line>
                <line number="140" hits="204" branch="False" />
                <line number="141" hits="204" branch="False" />
                <line number="144" hits="1" branch="False" />
                <line number="145" hits="1" branch="False" />
                <line number="147" hits="205" branch="False" />
              </lines>
            </method>
            <method name="GetDependees" signature="(System.String)" line-rate="1" branch-rate="1" complexity="2">
              <lines>
                <line number="153" hits="213" branch="False" />
                <line number="154" hits="213" branch="True" condition-coverage="100% (2/2)">
                  <conditions>
                    <condition number="15" type="jump" coverage="100%" />
                  </conditions>
                </line>
                <line number="155" hits="212" branch="False" />
                <line number="156" hits="212" branch="False" />
                <line number="159" hits="1" branch="False" />
                <line number="160" hits="1" branch="False" />
                <line number="162" hits="213" branch="False" />
              </lines>
            </method>
            <method name="AddDependency" signature="(System.String,System.String)" line-rate="1" branch-rate="1" complexity="4">
              <lines>
                <line number="176" hits="29923" branch="False" />
                <line number="177" hits="29923" branch="False" />
                <line number="178" hits="29923" branch="False" />
                <line number="179" hits="49846" branch="True" condition-coverage="100% (4/4)">
                  <conditions>
                    <condition number="35" type="jump" coverage="100%" />
                    <condition number="60" type="jump" coverage="100%" />
                  </conditions>
                </line>
                <line number="180" hits="19923" branch="False" />
                <line number="181" hits="19923" branch="False" />
                <line number="183" hits="29923" branch="False" />
              </lines>
            </method>
            <method name="AddHelper" signature="(System.String)" line-rate="1" branch-rate="1" complexity="2">
              <lines>
                <line number="190" hits="76266" branch="False" />
                <line number="191" hits="76266" branch="True" condition-coverage="100% (2/2)">
                  <conditions>
                    <condition number="18" type="jump" coverage="100%" />
                  </conditions>
                </line>
                <line number="192" hits="235" branch="False" />
                <line number="193" hits="235" branch="False" />
                <line number="194" hits="235" branch="False" />
                <line number="195" hits="235" branch="False" />
                <line number="196" hits="76266" branch="False" />
              </lines>
            </method>
            <method name="RemoveDependency" signature="(System.String,System.String)" line-rate="1" branch-rate="1" complexity="4">
              <lines>
                <line number="205" hits="8207" branch="False" />
                <line number="206" hits="8207" branch="False" />
                <line number="207" hits="8207" branch="False" />
                <line number="208" hits="15630" branch="True" condition-coverage="100% (4/4)">
                  <conditions>
                    <condition number="35" type="jump" coverage="100%" />
                    <condition number="60" type="jump" coverage="100%" />
                  </conditions>
                </line>
                <line number="209" hits="7423" branch="False" />
                <line number="210" hits="7423" branch="False" />
                <line number="211" hits="8207" branch="False" />
                <line number="212" hits="8207" branch="False" />
                <line number="213" hits="8207" branch="False" />
              </lines>
            </method>
            <method name="RemoveHelper" signature="(System.String)" line-rate="1" branch-rate="1" complexity="6">
              <lines>
                <line number="220" hits="16420" branch="False" />
                <line number="221" hits="16420" branch="True" condition-coverage="100% (6/6)">
                  <conditions>
                    <condition number="13" type="jump" coverage="100%" />
                    <condition number="32" type="jump" coverage="100%" />
                    <condition number="59" type="jump" coverage="100%" />
                  </conditions>
                </line>
                <line number="222" hits="15" branch="False" />
                <line number="223" hits="15" branch="False" />
                <line number="224" hits="15" branch="False" />
                <line number="225" hits="15" branch="False" />
                <line number="226" hits="16420" branch="False" />
              </lines>
            </method>
            <method name="ReplaceDependents" signature="(System.String,System.Collections.Generic.IEnumerable`1&lt;System.String&gt;)" line-rate="1" branch-rate="1" complexity="4">
              <lines>
                <line number="234" hits="3" branch="False" />
                <line number="235" hits="3" branch="False" />
                <line number="236" hits="11" branch="True" condition-coverage="100% (2/2)">
                  <conditions>
                    <condition number="56" type="jump" coverage="100%" />
                  </conditions>
                </line>
                <line number="237" hits="1" branch="False" />
                <line number="238" hits="1" branch="False" />
                <line number="239" hits="1" branch="False" />
                <line number="240" hits="11" branch="True" condition-coverage="100% (2/2)">
                  <conditions>
                    <condition number="109" type="jump" coverage="100%" />
                  </conditions>
                </line>
                <line number="241" hits="1" branch="False" />
                <line number="242" hits="1" branch="False" />
                <line number="243" hits="1" branch="False" />
                <line number="244" hits="3" branch="False" />
                <line number="245" hits="3" branch="False" />
              </lines>
            </method>
            <method name="ReplaceDependees" signature="(System.String,System.Collections.Generic.IEnumerable`1&lt;System.String&gt;)" line-rate="1" branch-rate="1" complexity="4">
              <lines>
                <line number="253" hits="3" branch="False" />
                <line number="254" hits="3" branch="False" />
                <line number="255" hits="15" branch="True" condition-coverage="100% (2/2)">
                  <conditions>
                    <condition number="56" type="jump" coverage="100%" />
                  </conditions>
                </line>
                <line number="256" hits="3" branch="False" />
                <line number="257" hits="3" branch="False" />
                <line number="258" hits="3" branch="False" />
                <line number="259" hits="15" branch="True" condition-coverage="100% (2/2)">
                  <conditions>
                    <condition number="109" type="jump" coverage="100%" />
                  </conditions>
                </line>
                <line number="260" hits="3" branch="False" />
                <line number="261" hits="3" branch="False" />
                <line number="262" hits="3" branch="False" />
                <line number="263" hits="3" branch="False" />
                <line number="264" hits="3" branch="False" />
              </lines>
            </method>
            <method name=".ctor" signature="()" line-rate="1" branch-rate="1" complexity="1">
              <lines>
                <line number="49" hits="16" branch="False" />
                <line number="50" hits="16" branch="False" />
                <line number="51" hits="16" branch="False" />
                <line number="52" hits="16" branch="False" />
                <line number="53" hits="16" branch="False" />
                <line number="54" hits="16" branch="False" />
              </lines>
            </method>
          </methods>
          <lines>
            <line number="74" hits="27353" branch="False" />
            <line number="75" hits="27362" branch="False" />
            <line number="88" hits="3" branch="False" />
            <line number="89" hits="3" branch="True" condition-coverage="100% (2/2)">
              <conditions>
                <condition number="15" type="jump" coverage="100%" />
              </conditions>
            </line>
            <line number="90" hits="2" branch="False" />
            <line number="91" hits="2" branch="False" />
            <line number="94" hits="1" branch="False" />
            <line number="95" hits="1" branch="False" />
            <line number="97" hits="3" branch="False" />
            <line number="105" hits="3" branch="False" />
            <line number="106" hits="3" branch="True" condition-coverage="100% (2/2)">
              <conditions>
                <condition number="15" type="jump" coverage="100%" />
              </conditions>
            </line>
            <line number="107" hits="2" branch="False" />
            <line number="108" hits="2" branch="False" />
            <line number="111" hits="1" branch="False" />
            <line number="112" hits="1" branch="False" />
            <line number="114" hits="3" branch="False" />
            <line number="121" hits="3" branch="False" />
            <line number="123" hits="3" branch="True" condition-coverage="100% (2/2)">
              <conditions>
                <condition number="15" type="jump" coverage="100%" />
              </conditions>
            </line>
            <line number="124" hits="2" branch="False" />
            <line number="125" hits="2" branch="False" />
            <line number="128" hits="1" branch="False" />
            <line number="129" hits="1" branch="False" />
            <line number="131" hits="3" branch="False" />
            <line number="138" hits="205" branch="False" />
            <line number="139" hits="205" branch="True" condition-coverage="100% (2/2)">
              <conditions>
                <condition number="15" type="jump" coverage="100%" />
              </conditions>
            </line>
            <line number="140" hits="204" branch="False" />
            <line number="141" hits="204" branch="False" />
            <line number="144" hits="1" branch="False" />
            <line number="145" hits="1" branch="False" />
            <line number="147" hits="205" branch="False" />
            <line number="153" hits="213" branch="False" />
            <line number="154" hits="213" branch="True" condition-coverage="100% (2/2)">
              <conditions>
                <condition number="15" type="jump" coverage="100%" />
              </conditions>
            </line>
            <line number="155" hits="212" branch="False" />
            <line number="156" hits="212" branch="False" />
            <line number="159" hits="1" branch="False" />
            <line number="160" hits="1" branch="False" />
            <line number="162" hits="213" branch="False" />
            <line number="176" hits="29923" branch="False" />
            <line number="177" hits="29923" branch="False" />
            <line number="178" hits="29923" branch="False" />
            <line number="179" hits="49846" branch="True" condition-coverage="100% (4/4)">
              <conditions>
                <condition number="35" type="jump" coverage="100%" />
                <condition number="60" type="jump" coverage="100%" />
              </conditions>
            </line>
            <line number="180" hits="19923" branch="False" />
            <line number="181" hits="19923" branch="False" />
            <line number="183" hits="29923" branch="False" />
            <line number="190" hits="76266" branch="False" />
            <line number="191" hits="76266" branch="True" condition-coverage="100% (2/2)">
              <conditions>
                <condition number="18" type="jump" coverage="100%" />
              </conditions>
            </line>
            <line number="192" hits="235" branch="False" />
            <line number="193" hits="235" branch="False" />
            <line number="194" hits="235" branch="False" />
            <line number="195" hits="235" branch="False" />
            <line number="196" hits="76266" branch="False" />
            <line number="205" hits="8207" branch="False" />
            <line number="206" hits="8207" branch="False" />
            <line number="207" hits="8207" branch="False" />
            <line number="208" hits="15630" branch="True" condition-coverage="100% (4/4)">
              <conditions>
                <condition number="35" type="jump" coverage="100%" />
                <condition number="60" type="jump" coverage="100%" />
              </conditions>
            </line>
            <line number="209" hits="7423" branch="False" />
            <line number="210" hits="7423" branch="False" />
            <line number="211" hits="8207" branch="False" />
            <line number="212" hits="8207" branch="False" />
            <line number="213" hits="8207" branch="False" />
            <line number="220" hits="16420" branch="False" />
            <line number="221" hits="16420" branch="True" condition-coverage="100% (6/6)">
              <conditions>
                <condition number="13" type="jump" coverage="100%" />
                <condition number="32" type="jump" coverage="100%" />
                <condition number="59" type="jump" coverage="100%" />
              </conditions>
            </line>
            <line number="222" hits="15" branch="False" />
            <line number="223" hits="15" branch="False" />
            <line number="224" hits="15" branch="False" />
            <line number="225" hits="15" branch="False" />
            <line number="226" hits="16420" branch="False" />
            <line number="234" hits="3" branch="False" />
            <line number="235" hits="3" branch="False" />
            <line number="236" hits="11" branch="True" condition-coverage="100% (2/2)">
              <conditions>
                <condition number="56" type="jump" coverage="100%" />
              </conditions>
            </line>
            <line number="237" hits="1" branch="False" />
            <line number="238" hits="1" branch="False" />
            <line number="239" hits="1" branch="False" />
            <line number="240" hits="11" branch="True" condition-coverage="100% (2/2)">
              <conditions>
                <condition number="109" type="jump" coverage="100%" />
              </conditions>
            </line>
            <line number="241" hits="1" branch="False" />
            <line number="242" hits="1" branch="False" />
            <line number="243" hits="1" branch="False" />
            <line number="244" hits="3" branch="False" />
            <line number="245" hits="3" branch="False" />
            <line number="253" hits="3" branch="False" />
            <line number="254" hits="3" branch="False" />
            <line number="255" hits="15" branch="True" condition-coverage="100% (2/2)">
              <conditions>
                <condition number="56" type="jump" coverage="100%" />
              </conditions>
            </line>
            <line number="256" hits="3" branch="False" />
            <line number="257" hits="3" branch="False" />
            <line number="258" hits="3" branch="False" />
            <line number="259" hits="15" branch="True" condition-coverage="100% (2/2)">
              <conditions>
                <condition number="109" type="jump" coverage="100%" />
              </conditions>
            </line>
            <line number="260" hits="3" branch="False" />
            <line number="261" hits="3" branch="False" />
            <line number="262" hits="3" branch="False" />
            <line number="263" hits="3" branch="False" />
            <line number="264" hits="3" branch="False" />
            <line number="49" hits="16" branch="False" />
            <line number="50" hits="16" branch="False" />
            <line number="51" hits="16" branch="False" />
            <line number="52" hits="16" branch="False" />
            <line number="53" hits="16" branch="False" />
            <line number="54" hits="16" branch="False" />
          </lines>
        </class>
      </classes>
    </package>
  </packages>
</coverage>