<?xml version="1.0" encoding="utf-8"?>
<coverage line-rate="1" branch-rate="0.9864" version="1.9" timestamp="1663350629" lines-covered="168" lines-valid="168" branches-covered="73" branches-valid="74">
  <sources>
    <source>/</source>
  </sources>
  <packages>
    <package name="Formula" line-rate="1" branch-rate="0.9864" complexity="82">
      <classes>
        <class name="SpreadsheetUtilities.Formula" filename="Users/clintonkwong/Projects/spreadsheet-clintonkwong/Spreadsheet/Formula/Formula.cs" line-rate="1" branch-rate="0.9856999999999999" complexity="75">
          <methods>
            <method name="Evaluate" signature="(System.Func`2&lt;System.String,System.Double&gt;)" line-rate="1" branch-rate="1" complexity="12">
              <lines>
                <line number="176" hits="4" branch="False" />
                <line number="177" hits="4" branch="False" />
                <line number="178" hits="4" branch="False" />
                <line number="181" hits="4" branch="False" />
                <line number="182" hits="94" branch="True" condition-coverage="100% (2/2)">
                  <conditions>
                    <condition number="268" type="jump" coverage="100%" />
                  </conditions>
                </line>
                <line number="183" hits="42" branch="False" />
                <line number="184" hits="42" branch="True" condition-coverage="100% (2/2)">
                  <conditions>
                    <condition number="56" type="jump" coverage="100%" />
                  </conditions>
                </line>
                <line number="185" hits="17" branch="False" />
                <line number="187" hits="17" branch="True" condition-coverage="100% (2/2)">
                  <conditions>
                    <condition number="74" type="jump" coverage="100%" />
                  </conditions>
                </line>
                <line number="188" hits="4" branch="False" />
                <line number="190" hits="4" branch="False" />
                <line number="191" hits="4" branch="False" />
                <line number="192" hits="3" branch="False" />
                <line number="193" hits="1" branch="False" />
                <line number="194" hits="1" branch="False" />
                <line number="195" hits="1" branch="False" />
                <line number="197" hits="3" branch="False" />
                <line number="198" hits="16" branch="False" />
                <line number="199" hits="16" branch="False" />
                <line number="200" hits="15" branch="False" />
                <line number="202" hits="25" branch="True" condition-coverage="100% (2/2)">
                  <conditions>
                    <condition number="164" type="jump" coverage="100%" />
                  </conditions>
                </line>
                <line number="203" hits="6" branch="False" />
                <line number="204" hits="6" branch="False" />
                <line number="205" hits="6" branch="False" />
                <line number="206" hits="6" branch="False" />
                <line number="208" hits="19" branch="True" condition-coverage="100% (2/2)">
                  <conditions>
                    <condition number="202" type="jump" coverage="100%" />
                  </conditions>
                </line>
                <line number="209" hits="13" branch="False" />
                <line number="210" hits="13" branch="False" />
                <line number="211" hits="13" branch="False" />
                <line number="213" hits="6" branch="True" condition-coverage="100% (2/2)">
                  <conditions>
                    <condition number="231" type="jump" coverage="100%" />
                  </conditions>
                </line>
                <line number="214" hits="6" branch="False" />
                <line number="215" hits="6" branch="False" />
                <line number="216" hits="6" branch="False" />
                <line number="217" hits="6" branch="False" />
                <line number="218" hits="6" branch="False" />
                <line number="219" hits="40" branch="False" />
                <line number="220" hits="2" branch="False" />
                <line number="221" hits="1" branch="False" />
                <line number="222" hits="1" branch="False" />
                <line number="223" hits="1" branch="False" />
                <line number="227" hits="2" branch="False" />
                <line number="230" hits="2" branch="False" />
                <line number="231" hits="4" branch="False" />
              </lines>
            </method>
            <method name="EvaluateOperator" signature="(System.Collections.Generic.Stack`1&lt;System.String&gt;,System.Collections.Generic.Stack`1&lt;System.Double&gt;,System.Boolean)" line-rate="1" branch-rate="1" complexity="20">
              <lines>
                <line number="240" hits="36" branch="False" />
                <line number="241" hits="36" branch="True" condition-coverage="100% (2/2)">
                  <conditions>
                    <condition number="12" type="jump" coverage="100%" />
                  </conditions>
                </line>
                <line number="242" hits="29" branch="False" />
                <line number="243" hits="29" branch="True" condition-coverage="100% (8/8)">
                  <conditions>
                    <condition number="19" type="jump" coverage="100%" />
                    <condition number="37" type="jump" coverage="100%" />
                    <condition number="40" type="jump" coverage="100%" />
                    <condition number="66" type="jump" coverage="100%" />
                  </conditions>
                </line>
                <line number="244" hits="12" branch="False" />
                <line number="245" hits="12" branch="True" condition-coverage="100% (8/8)">
                  <conditions>
                    <condition number="96" type="jump" coverage="100%" />
                    <condition number="110" type="jump" coverage="100%" />
                    <condition number="124" type="jump" coverage="100%" />
                    <condition number="138" type="jump" coverage="100%" />
                  </conditions>
                </line>
                <line number="248" hits="3" branch="False" />
                <line number="249" hits="3" branch="False" />
                <line number="251" hits="2" branch="False" />
                <line number="252" hits="2" branch="False" />
                <line number="253" hits="2" branch="False" />
                <line number="255" hits="3" branch="False" />
                <line number="256" hits="3" branch="False" />
                <line number="258" hits="4" branch="False" />
                <line number="259" hits="6" branch="True" condition-coverage="100% (2/2)">
                  <conditions>
                    <condition number="233" type="jump" coverage="100%" />
                  </conditions>
                </line>
                <line number="260" hits="3" branch="False" />
                <line number="261" hits="3" branch="False" />
                <line number="263" hits="11" branch="False" />
                <line number="264" hits="28" branch="False" />
                <line number="265" hits="35" branch="False" />
              </lines>
            </method>
            <method name="GetVariables" signature="()" line-rate="1" branch-rate="1" complexity="1">
              <lines>
                <line number="279" hits="1" branch="False" />
                <line number="280" hits="6" branch="False" />
                <line number="281" hits="1" branch="False" />
              </lines>
            </method>
            <method name="ToString" signature="()" line-rate="1" branch-rate="1" complexity="1">
              <lines>
                <line number="294" hits="10" branch="False" />
                <line number="295" hits="10" branch="False" />
                <line number="296" hits="10" branch="False" />
              </lines>
            </method>
            <method name="Equals" signature="(System.Object)" line-rate="1" branch-rate="1" complexity="2">
              <lines>
                <line number="319" hits="4" branch="False" />
                <line number="320" hits="4" branch="True" condition-coverage="100% (2/2)">
                  <conditions>
                    <condition number="15" type="jump" coverage="100%" />
                  </conditions>
                </line>
                <line number="321" hits="1" branch="False" />
                <line number="322" hits="1" branch="False" />
                <line number="324" hits="3" branch="False" />
                <line number="325" hits="4" branch="False" />
              </lines>
            </method>
            <method name="op_Equality" signature="(SpreadsheetUtilities.Formula,SpreadsheetUtilities.Formula)" line-rate="1" branch-rate="1" complexity="2">
              <lines>
                <line number="333" hits="2" branch="False" />
                <line number="334" hits="2" branch="True" condition-coverage="100% (2/2)">
                  <conditions>
                    <condition number="7" type="jump" coverage="100%" />
                  </conditions>
                </line>
                <line number="335" hits="1" branch="False" />
                <line number="336" hits="1" branch="False" />
                <line number="338" hits="1" branch="False" />
                <line number="339" hits="2" branch="False" />
              </lines>
            </method>
            <method name="op_Inequality" signature="(SpreadsheetUtilities.Formula,SpreadsheetUtilities.Formula)" line-rate="1" branch-rate="1" complexity="1">
              <lines>
                <line number="347" hits="1" branch="False" />
                <line number="348" hits="1" branch="False" />
                <line number="349" hits="1" branch="False" />
              </lines>
            </method>
            <method name="GetHashCode" signature="()" line-rate="1" branch-rate="1" complexity="1">
              <lines>
                <line number="357" hits="2" branch="False" />
                <line number="358" hits="2" branch="False" />
                <line number="359" hits="2" branch="False" />
              </lines>
            </method>
            <method name=".ctor" signature="(System.String)" line-rate="1" branch-rate="1" complexity="1">
              <lines>
                <line number="66" hits="54" branch="False" />
                <line number="67" hits="16" branch="False" />
                <line number="68" hits="16" branch="False" />
              </lines>
            </method>
            <method name=".ctor" signature="(System.String,System.Func`2&lt;System.String,System.String&gt;,System.Func`2&lt;System.String,System.Boolean&gt;)" line-rate="1" branch-rate="0.9704999999999999" complexity="34">
              <lines>
                <line number="92" hits="22" branch="False" />
                <line number="93" hits="22" branch="False" />
                <line number="94" hits="22" branch="False" />
                <line number="95" hits="22" branch="False" />
                <line number="96" hits="22" branch="False" />
                <line number="98" hits="284" branch="True" condition-coverage="100% (2/2)">
                  <conditions>
                    <condition number="348" type="jump" coverage="100%" />
                  </conditions>
                </line>
                <line number="99" hits="110" branch="False" />
                <line number="101" hits="110" branch="True" condition-coverage="100% (4/4)">
                  <conditions>
                    <condition number="50" type="jump" coverage="100%" />
                    <condition number="70" type="jump" coverage="100%" />
                  </conditions>
                </line>
                <line number="102" hits="8" branch="False" />
                <line number="103" hits="8" branch="False" />
                <line number="104" hits="8" branch="False" />
                <line number="105" hits="8" branch="False" />
                <line number="106" hits="102" branch="True" condition-coverage="100% (4/4)">
                  <conditions>
                    <condition number="97" type="jump" coverage="100%" />
                    <condition number="117" type="jump" coverage="100%" />
                  </conditions>
                </line>
                <line number="107" hits="8" branch="False" />
                <line number="108" hits="8" branch="False" />
                <line number="109" hits="8" branch="True" condition-coverage="100% (2/2)">
                  <conditions>
                    <condition number="132" type="jump" coverage="100%" />
                  </conditions>
                </line>
                <line number="110" hits="1" branch="False" />
                <line number="111" hits="1" branch="False" />
                <line number="113" hits="7" branch="False" />
                <line number="114" hits="7" branch="False" />
                <line number="115" hits="94" branch="True" condition-coverage="100% (4/4)">
                  <conditions>
                    <condition number="166" type="jump" coverage="100%" />
                    <condition number="186" type="jump" coverage="100%" />
                  </conditions>
                </line>
                <line number="116" hits="37" branch="False" />
                <line number="117" hits="37" branch="False" />
                <line number="118" hits="37" branch="False" />
                <line number="119" hits="37" branch="False" />
                <line number="120" hits="57" branch="True" condition-coverage="75% (3/4)">
                  <conditions>
                    <condition number="211" type="jump" coverage="50%" />
                    <condition number="228" type="jump" coverage="100%" />
                  </conditions>
                </line>
                <line number="121" hits="44" branch="False" />
                <line number="122" hits="44" branch="False" />
                <line number="123" hits="44" branch="False" />
                <line number="124" hits="44" branch="False" />
                <line number="125" hits="13" branch="True" condition-coverage="100% (6/6)">
                  <conditions>
                    <condition number="256" type="jump" coverage="100%" />
                    <condition number="269" type="jump" coverage="100%" />
                    <condition number="291" type="jump" coverage="100%" />
                  </conditions>
                </line>
                <line number="126" hits="12" branch="False" />
                <line number="127" hits="12" branch="False" />
                <line number="128" hits="12" branch="False" />
                <line number="129" hits="12" branch="False" />
                <line number="131" hits="1" branch="False" />
                <line number="132" hits="1" branch="False" />
                <line number="134" hits="108" branch="False" />
                <line number="135" hits="20" branch="True" condition-coverage="100% (2/2)">
                  <conditions>
                    <condition number="384" type="jump" coverage="100%" />
                  </conditions>
                </line>
                <line number="136" hits="1" branch="False" />
                <line number="137" hits="1" branch="False" />
                <line number="139" hits="19" branch="True" condition-coverage="100% (2/2)">
                  <conditions>
                    <condition number="403" type="jump" coverage="100%" />
                  </conditions>
                </line>
                <line number="140" hits="1" branch="False" />
                <line number="141" hits="1" branch="False" />
                <line number="143" hits="18" branch="True" condition-coverage="100% (2/2)">
                  <conditions>
                    <condition number="425" type="jump" coverage="100%" />
                  </conditions>
                </line>
                <line number="144" hits="1" branch="False" />
                <line number="145" hits="1" branch="False" />
                <line number="147" hits="17" branch="False" />
                <line number="148" hits="245" branch="True" condition-coverage="100% (2/2)">
                  <conditions>
                    <condition number="503" type="jump" coverage="100%" />
                  </conditions>
                </line>
                <line number="149" hits="97" branch="False" />
                <line number="150" hits="97" branch="False" />
                <line number="151" hits="97" branch="False" />
                <line number="152" hits="17" branch="False" />
              </lines>
            </method>
          </methods>
          <lines>
            <line number="176" hits="4" branch="False" />
            <line number="177" hits="4" branch="False" />
            <line number="178" hits="4" branch="False" />
            <line number="181" hits="4" branch="False" />
            <line number="182" hits="94" branch="True" condition-coverage="100% (2/2)">
              <conditions>
                <condition number="268" type="jump" coverage="100%" />
              </conditions>
            </line>
            <line number="183" hits="42" branch="False" />
            <line number="184" hits="42" branch="True" condition-coverage="100% (2/2)">
              <conditions>
                <condition number="56" type="jump" coverage="100%" />
              </conditions>
            </line>
            <line number="185" hits="17" branch="False" />
            <line number="187" hits="17" branch="True" condition-coverage="100% (2/2)">
              <conditions>
                <condition number="74" type="jump" coverage="100%" />
              </conditions>
            </line>
            <line number="188" hits="4" branch="False" />
            <line number="190" hits="4" branch="False" />
            <line number="191" hits="4" branch="False" />
            <line number="192" hits="3" branch="False" />
            <line number="193" hits="1" branch="False" />
            <line number="194" hits="1" branch="False" />
            <line number="195" hits="1" branch="False" />
            <line number="197" hits="3" branch="False" />
            <line number="198" hits="16" branch="False" />
            <line number="199" hits="16" branch="False" />
            <line number="200" hits="15" branch="False" />
            <line number="202" hits="25" branch="True" condition-coverage="100% (2/2)">
              <conditions>
                <condition number="164" type="jump" coverage="100%" />
              </conditions>
            </line>
            <line number="203" hits="6" branch="False" />
            <line number="204" hits="6" branch="False" />
            <line number="205" hits="6" branch="False" />
            <line number="206" hits="6" branch="False" />
            <line number="208" hits="19" branch="True" condition-coverage="100% (2/2)">
              <conditions>
                <condition number="202" type="jump" coverage="100%" />
              </conditions>
            </line>
            <line number="209" hits="13" branch="False" />
            <line number="210" hits="13" branch="False" />
            <line number="211" hits="13" branch="False" />
            <line number="213" hits="6" branch="True" condition-coverage="100% (2/2)">
              <conditions>
                <condition number="231" type="jump" coverage="100%" />
              </conditions>
            </line>
            <line number="214" hits="6" branch="False" />
            <line number="215" hits="6" branch="False" />
            <line number="216" hits="6" branch="False" />
            <line number="217" hits="6" branch="False" />
            <line number="218" hits="6" branch="False" />
            <line number="219" hits="40" branch="False" />
            <line number="220" hits="2" branch="False" />
            <line number="221" hits="1" branch="False" />
            <line number="222" hits="1" branch="False" />
            <line number="223" hits="1" branch="False" />
            <line number="227" hits="2" branch="False" />
            <line number="230" hits="2" branch="False" />
            <line number="231" hits="4" branch="False" />
            <line number="240" hits="36" branch="False" />
            <line number="241" hits="36" branch="True" condition-coverage="100% (2/2)">
              <conditions>
                <condition number="12" type="jump" coverage="100%" />
              </conditions>
            </line>
            <line number="242" hits="29" branch="False" />
            <line number="243" hits="29" branch="True" condition-coverage="100% (8/8)">
              <conditions>
                <condition number="19" type="jump" coverage="100%" />
                <condition number="37" type="jump" coverage="100%" />
                <condition number="40" type="jump" coverage="100%" />
                <condition number="66" type="jump" coverage="100%" />
              </conditions>
            </line>
            <line number="244" hits="12" branch="False" />
            <line number="245" hits="12" branch="True" condition-coverage="100% (8/8)">
              <conditions>
                <condition number="96" type="jump" coverage="100%" />
                <condition number="110" type="jump" coverage="100%" />
                <condition number="124" type="jump" coverage="100%" />
                <condition number="138" type="jump" coverage="100%" />
              </conditions>
            </line>
            <line number="248" hits="3" branch="False" />
            <line number="249" hits="3" branch="False" />
            <line number="251" hits="2" branch="False" />
            <line number="252" hits="2" branch="False" />
            <line number="253" hits="2" branch="False" />
            <line number="255" hits="3" branch="False" />
            <line number="256" hits="3" branch="False" />
            <line number="258" hits="4" branch="False" />
            <line number="259" hits="6" branch="True" condition-coverage="100% (2/2)">
              <conditions>
                <condition number="233" type="jump" coverage="100%" />
              </conditions>
            </line>
            <line number="260" hits="3" branch="False" />
            <line number="261" hits="3" branch="False" />
            <line number="263" hits="11" branch="False" />
            <line number="264" hits="28" branch="False" />
            <line number="265" hits="35" branch="False" />
            <line number="279" hits="1" branch="False" />
            <line number="280" hits="6" branch="False" />
            <line number="281" hits="1" branch="False" />
            <line number="294" hits="10" branch="False" />
            <line number="295" hits="10" branch="False" />
            <line number="296" hits="10" branch="False" />
            <line number="319" hits="4" branch="False" />
            <line number="320" hits="4" branch="True" condition-coverage="100% (2/2)">
              <conditions>
                <condition number="15" type="jump" coverage="100%" />
              </conditions>
            </line>
            <line number="321" hits="1" branch="False" />
            <line number="322" hits="1" branch="False" />
            <line number="324" hits="3" branch="False" />
            <line number="325" hits="4" branch="False" />
            <line number="333" hits="2" branch="False" />
            <line number="334" hits="2" branch="True" condition-coverage="100% (2/2)">
              <conditions>
                <condition number="7" type="jump" coverage="100%" />
              </conditions>
            </line>
            <line number="335" hits="1" branch="False" />
            <line number="336" hits="1" branch="False" />
            <line number="338" hits="1" branch="False" />
            <line number="339" hits="2" branch="False" />
            <line number="347" hits="1" branch="False" />
            <line number="348" hits="1" branch="False" />
            <line number="349" hits="1" branch="False" />
            <line number="357" hits="2" branch="False" />
            <line number="358" hits="2" branch="False" />
            <line number="359" hits="2" branch="False" />
            <line number="66" hits="54" branch="False" />
            <line number="67" hits="16" branch="False" />
            <line number="68" hits="16" branch="False" />
            <line number="92" hits="22" branch="False" />
            <line number="93" hits="22" branch="False" />
            <line number="94" hits="22" branch="False" />
            <line number="95" hits="22" branch="False" />
            <line number="96" hits="22" branch="False" />
            <line number="98" hits="284" branch="True" condition-coverage="100% (2/2)">
              <conditions>
                <condition number="348" type="jump" coverage="100%" />
              </conditions>
            </line>
            <line number="99" hits="110" branch="False" />
            <line number="101" hits="110" branch="True" condition-coverage="100% (4/4)">
              <conditions>
                <condition number="50" type="jump" coverage="100%" />
                <condition number="70" type="jump" coverage="100%" />
              </conditions>
            </line>
            <line number="102" hits="8" branch="False" />
            <line number="103" hits="8" branch="False" />
            <line number="104" hits="8" branch="False" />
            <line number="105" hits="8" branch="False" />
            <line number="106" hits="102" branch="True" condition-coverage="100% (4/4)">
              <conditions>
                <condition number="97" type="jump" coverage="100%" />
                <condition number="117" type="jump" coverage="100%" />
              </conditions>
            </line>
            <line number="107" hits="8" branch="False" />
            <line number="108" hits="8" branch="False" />
            <line number="109" hits="8" branch="True" condition-coverage="100% (2/2)">
              <conditions>
                <condition number="132" type="jump" coverage="100%" />
              </conditions>
            </line>
            <line number="110" hits="1" branch="False" />
            <line number="111" hits="1" branch="False" />
            <line number="113" hits="7" branch="False" />
            <line number="114" hits="7" branch="False" />
            <line number="115" hits="94" branch="True" condition-coverage="100% (4/4)">
              <conditions>
                <condition number="166" type="jump" coverage="100%" />
                <condition number="186" type="jump" coverage="100%" />
              </conditions>
            </line>
            <line number="116" hits="37" branch="False" />
            <line number="117" hits="37" branch="False" />
            <line number="118" hits="37" branch="False" />
            <line number="119" hits="37" branch="False" />
            <line number="120" hits="57" branch="True" condition-coverage="75% (3/4)">
              <conditions>
                <condition number="211" type="jump" coverage="50%" />
                <condition number="228" type="jump" coverage="100%" />
              </conditions>
            </line>
            <line number="121" hits="44" branch="False" />
            <line number="122" hits="44" branch="False" />
            <line number="123" hits="44" branch="False" />
            <line number="124" hits="44" branch="False" />
            <line number="125" hits="13" branch="True" condition-coverage="100% (6/6)">
              <conditions>
                <condition number="256" type="jump" coverage="100%" />
                <condition number="269" type="jump" coverage="100%" />
                <condition number="291" type="jump" coverage="100%" />
              </conditions>
            </line>
            <line number="126" hits="12" branch="False" />
            <line number="127" hits="12" branch="False" />
            <line number="128" hits="12" branch="False" />
            <line number="129" hits="12" branch="False" />
            <line number="131" hits="1" branch="False" />
            <line number="132" hits="1" branch="False" />
            <line number="134" hits="108" branch="False" />
            <line number="135" hits="20" branch="True" condition-coverage="100% (2/2)">
              <conditions>
                <condition number="384" type="jump" coverage="100%" />
              </conditions>
            </line>
            <line number="136" hits="1" branch="False" />
            <line number="137" hits="1" branch="False" />
            <line number="139" hits="19" branch="True" condition-coverage="100% (2/2)">
              <conditions>
                <condition number="403" type="jump" coverage="100%" />
              </conditions>
            </line>
            <line number="140" hits="1" branch="False" />
            <line number="141" hits="1" branch="False" />
            <line number="143" hits="18" branch="True" condition-coverage="100% (2/2)">
              <conditions>
                <condition number="425" type="jump" coverage="100%" />
              </conditions>
            </line>
            <line number="144" hits="1" branch="False" />
            <line number="145" hits="1" branch="False" />
            <line number="147" hits="17" branch="False" />
            <line number="148" hits="245" branch="True" condition-coverage="100% (2/2)">
              <conditions>
                <condition number="503" type="jump" coverage="100%" />
              </conditions>
            </line>
            <line number="149" hits="97" branch="False" />
            <line number="150" hits="97" branch="False" />
            <line number="151" hits="97" branch="False" />
            <line number="152" hits="17" branch="False" />
          </lines>
        </class>
        <class name="SpreadsheetUtilities.Formula/&lt;GetTokens&gt;d__12" filename="Users/clintonkwong/Projects/spreadsheet-clintonkwong/Spreadsheet/Formula/Formula.cs" line-rate="1" branch-rate="1" complexity="4">
          <methods>
            <method name="MoveNext" signature="()" line-rate="1" branch-rate="1" complexity="4">
              <lines>
                <line number="368" hits="22" branch="False" />
                <line number="370" hits="22" branch="False" />
                <line number="371" hits="22" branch="False" />
                <line number="372" hits="22" branch="False" />
                <line number="373" hits="22" branch="False" />
                <line number="374" hits="22" branch="False" />
                <line number="375" hits="22" branch="False" />
                <line number="378" hits="22" branch="False" />
                <line number="379" hits="22" branch="False" />
                <line number="382" hits="812" branch="True" condition-coverage="100% (2/2)">
                  <conditions>
                    <condition number="323" type="jump" coverage="100%" />
                  </conditions>
                </line>
                <line number="383" hits="374" branch="False" />
                <line number="384" hits="374" branch="True" condition-coverage="100% (2/2)">
                  <conditions>
                    <condition number="255" type="jump" coverage="100%" />
                  </conditions>
                </line>
                <line number="385" hits="110" branch="False" />
                <line number="386" hits="110" branch="False" />
                <line number="387" hits="108" branch="False" />
                <line number="388" hits="372" branch="False" />
                <line number="390" hits="20" branch="False" />
              </lines>
            </method>
          </methods>
          <lines>
            <line number="368" hits="22" branch="False" />
            <line number="370" hits="22" branch="False" />
            <line number="371" hits="22" branch="False" />
            <line number="372" hits="22" branch="False" />
            <line number="373" hits="22" branch="False" />
            <line number="374" hits="22" branch="False" />
            <line number="375" hits="22" branch="False" />
            <line number="378" hits="22" branch="False" />
            <line number="379" hits="22" branch="False" />
            <line number="382" hits="812" branch="True" condition-coverage="100% (2/2)">
              <conditions>
                <condition number="323" type="jump" coverage="100%" />
              </conditions>
            </line>
            <line number="383" hits="374" branch="False" />
            <line number="384" hits="374" branch="True" condition-coverage="100% (2/2)">
              <conditions>
                <condition number="255" type="jump" coverage="100%" />
              </conditions>
            </line>
            <line number="385" hits="110" branch="False" />
            <line number="386" hits="110" branch="False" />
            <line number="387" hits="108" branch="False" />
            <line number="388" hits="372" branch="False" />
            <line number="390" hits="20" branch="False" />
          </lines>
        </class>
        <class name="SpreadsheetUtilities.FormulaFormatException" filename="Users/clintonkwong/Projects/spreadsheet-clintonkwong/Spreadsheet/Formula/Formula.cs" line-rate="1" branch-rate="1" complexity="1">
          <methods>
            <method name=".ctor" signature="(System.String)" line-rate="1" branch-rate="1" complexity="1">
              <lines>
                <line number="402" hits="5" branch="False" />
                <line number="403" hits="5" branch="False" />
                <line number="404" hits="5" branch="False" />
              </lines>
            </method>
          </methods>
          <lines>
            <line number="402" hits="5" branch="False" />
            <line number="403" hits="5" branch="False" />
            <line number="404" hits="5" branch="False" />
          </lines>
        </class>
        <class name="SpreadsheetUtilities.FormulaError" filename="Users/clintonkwong/Projects/spreadsheet-clintonkwong/Spreadsheet/Formula/Formula.cs" line-rate="1" branch-rate="1" complexity="2">
          <methods>
            <method name="get_Reason" signature="()" line-rate="1" branch-rate="1" complexity="1">
              <lines>
                <line number="425" hits="2" branch="False" />
              </lines>
            </method>
            <method name=".ctor" signature="(System.String)" line-rate="1" branch-rate="1" complexity="1">
              <lines>
                <line number="417" hits="2" branch="False" />
                <line number="418" hits="2" branch="False" />
                <line number="419" hits="2" branch="False" />
                <line number="420" hits="2" branch="False" />
              </lines>
            </method>
          </methods>
          <lines>
            <line number="425" hits="2" branch="False" />
            <line number="417" hits="2" branch="False" />
            <line number="418" hits="2" branch="False" />
            <line number="419" hits="2" branch="False" />
            <line number="420" hits="2" branch="False" />
          </lines>
        </class>
      </classes>
    </package>
  </packages>
</coverage>