<?xml version="1.0" encoding="utf-8"?>
<coverage line-rate="0.9823999999999999" branch-rate="1" version="1.9" timestamp="1663284815" lines-covered="168" lines-valid="171" branches-covered="74" branches-valid="74">
  <sources>
    <source>/</source>
  </sources>
  <packages>
    <package name="Formula" line-rate="0.9823999999999999" branch-rate="1" complexity="83">
      <classes>
        <class name="SpreadsheetUtilities.Formula" filename="Users/clintonkwong/Projects/spreadsheet-clintonkwong/Spreadsheet/Formula/Formula.cs" line-rate="1" branch-rate="1" complexity="75">
          <methods>
            <method name="Evaluate" signature="(System.Func`2&lt;System.String,System.Double&gt;)" line-rate="1" branch-rate="1" complexity="12">
              <lines>
                <line number="179" hits="9" branch="False" />
                <line number="180" hits="9" branch="False" />
                <line number="181" hits="9" branch="False" />
                <line number="184" hits="9" branch="False" />
                <line number="185" hits="216" branch="True" condition-coverage="100% (2/2)">
                  <conditions>
                    <condition number="268" type="jump" coverage="100%" />
                  </conditions>
                </line>
                <line number="186" hits="97" branch="False" />
                <line number="187" hits="97" branch="True" condition-coverage="100% (2/2)">
                  <conditions>
                    <condition number="56" type="jump" coverage="100%" />
                  </conditions>
                </line>
                <line number="188" hits="37" branch="False" />
                <line number="190" hits="37" branch="True" condition-coverage="100% (2/2)">
                  <conditions>
                    <condition number="74" type="jump" coverage="100%" />
                  </conditions>
                </line>
                <line number="191" hits="19" branch="False" />
                <line number="193" hits="19" branch="False" />
                <line number="194" hits="19" branch="False" />
                <line number="195" hits="17" branch="False" />
                <line number="196" hits="2" branch="False" />
                <line number="197" hits="2" branch="False" />
                <line number="198" hits="2" branch="False" />
                <line number="200" hits="17" branch="False" />
                <line number="201" hits="35" branch="False" />
                <line number="202" hits="35" branch="False" />
                <line number="203" hits="33" branch="False" />
                <line number="205" hits="60" branch="True" condition-coverage="100% (2/2)">
                  <conditions>
                    <condition number="164" type="jump" coverage="100%" />
                  </conditions>
                </line>
                <line number="206" hits="19" branch="False" />
                <line number="207" hits="19" branch="False" />
                <line number="208" hits="19" branch="False" />
                <line number="209" hits="19" branch="False" />
                <line number="211" hits="41" branch="True" condition-coverage="100% (2/2)">
                  <conditions>
                    <condition number="202" type="jump" coverage="100%" />
                  </conditions>
                </line>
                <line number="212" hits="25" branch="False" />
                <line number="213" hits="25" branch="False" />
                <line number="214" hits="25" branch="False" />
                <line number="216" hits="16" branch="True" condition-coverage="100% (2/2)">
                  <conditions>
                    <condition number="231" type="jump" coverage="100%" />
                  </conditions>
                </line>
                <line number="217" hits="16" branch="False" />
                <line number="218" hits="16" branch="False" />
                <line number="219" hits="16" branch="False" />
                <line number="220" hits="16" branch="False" />
                <line number="221" hits="15" branch="False" />
                <line number="222" hits="92" branch="False" />
                <line number="223" hits="4" branch="False" />
                <line number="224" hits="3" branch="False" />
                <line number="225" hits="3" branch="False" />
                <line number="226" hits="3" branch="False" />
                <line number="230" hits="4" branch="False" />
                <line number="233" hits="4" branch="False" />
                <line number="234" hits="9" branch="False" />
              </lines>
            </method>
            <method name="EvaluateOperator" signature="(System.Collections.Generic.Stack`1&lt;System.String&gt;,System.Collections.Generic.Stack`1&lt;System.Double&gt;,System.Boolean)" line-rate="1" branch-rate="1" complexity="20">
              <lines>
                <line number="243" hits="90" branch="False" />
                <line number="244" hits="90" branch="True" condition-coverage="100% (2/2)">
                  <conditions>
                    <condition number="12" type="jump" coverage="100%" />
                  </conditions>
                </line>
                <line number="245" hits="75" branch="False" />
                <line number="246" hits="75" branch="True" condition-coverage="100% (8/8)">
                  <conditions>
                    <condition number="19" type="jump" coverage="100%" />
                    <condition number="37" type="jump" coverage="100%" />
                    <condition number="40" type="jump" coverage="100%" />
                    <condition number="66" type="jump" coverage="100%" />
                  </conditions>
                </line>
                <line number="247" hits="26" branch="False" />
                <line number="248" hits="26" branch="True" condition-coverage="100% (8/8)">
                  <conditions>
                    <condition number="96" type="jump" coverage="100%" />
                    <condition number="110" type="jump" coverage="100%" />
                    <condition number="124" type="jump" coverage="100%" />
                    <condition number="138" type="jump" coverage="100%" />
                  </conditions>
                </line>
                <line number="251" hits="14" branch="False" />
                <line number="252" hits="14" branch="False" />
                <line number="254" hits="3" branch="False" />
                <line number="255" hits="3" branch="False" />
                <line number="256" hits="3" branch="False" />
                <line number="258" hits="3" branch="False" />
                <line number="259" hits="3" branch="False" />
                <line number="261" hits="6" branch="False" />
                <line number="262" hits="12" branch="True" condition-coverage="100% (2/2)">
                  <conditions>
                    <condition number="233" type="jump" coverage="100%" />
                  </conditions>
                </line>
                <line number="263" hits="3" branch="False" />
                <line number="264" hits="3" branch="False" />
                <line number="266" hits="23" branch="False" />
                <line number="267" hits="72" branch="False" />
                <line number="268" hits="87" branch="False" />
              </lines>
            </method>
            <method name="GetVariables" signature="()" line-rate="1" branch-rate="1" complexity="1">
              <lines>
                <line number="282" hits="1" branch="False" />
                <line number="283" hits="6" branch="False" />
                <line number="284" hits="1" branch="False" />
              </lines>
            </method>
            <method name="ToString" signature="()" line-rate="1" branch-rate="1" complexity="1">
              <lines>
                <line number="297" hits="28" branch="False" />
                <line number="298" hits="28" branch="False" />
                <line number="299" hits="28" branch="False" />
              </lines>
            </method>
            <method name="Equals" signature="(System.Object)" line-rate="1" branch-rate="1" complexity="2">
              <lines>
                <line number="322" hits="14" branch="False" />
                <line number="323" hits="14" branch="True" condition-coverage="100% (2/2)">
                  <conditions>
                    <condition number="15" type="jump" coverage="100%" />
                  </conditions>
                </line>
                <line number="324" hits="4" branch="False" />
                <line number="325" hits="4" branch="False" />
                <line number="327" hits="10" branch="False" />
                <line number="328" hits="14" branch="False" />
              </lines>
            </method>
            <method name="op_Equality" signature="(SpreadsheetUtilities.Formula,SpreadsheetUtilities.Formula)" line-rate="1" branch-rate="1" complexity="2">
              <lines>
                <line number="336" hits="6" branch="False" />
                <line number="337" hits="6" branch="True" condition-coverage="100% (2/2)">
                  <conditions>
                    <condition number="7" type="jump" coverage="100%" />
                  </conditions>
                </line>
                <line number="338" hits="2" branch="False" />
                <line number="339" hits="2" branch="False" />
                <line number="341" hits="4" branch="False" />
                <line number="342" hits="6" branch="False" />
              </lines>
            </method>
            <method name="op_Inequality" signature="(SpreadsheetUtilities.Formula,SpreadsheetUtilities.Formula)" line-rate="1" branch-rate="1" complexity="1">
              <lines>
                <line number="350" hits="3" branch="False" />
                <line number="351" hits="3" branch="False" />
                <line number="352" hits="3" branch="False" />
              </lines>
            </method>
            <method name="GetHashCode" signature="()" line-rate="1" branch-rate="1" complexity="1">
              <lines>
                <line number="360" hits="4" branch="False" />
                <line number="361" hits="4" branch="False" />
                <line number="362" hits="4" branch="False" />
              </lines>
            </method>
            <method name=".ctor" signature="(System.String)" line-rate="1" branch-rate="1" complexity="1">
              <lines>
                <line number="69" hits="123" branch="False" />
                <line number="70" hits="35" branch="False" />
                <line number="71" hits="35" branch="False" />
              </lines>
            </method>
            <method name=".ctor" signature="(System.String,System.Func`2&lt;System.String,System.String&gt;,System.Func`2&lt;System.String,System.Boolean&gt;)" line-rate="1" branch-rate="1" complexity="34">
              <lines>
                <line number="95" hits="50" branch="False" />
                <line number="96" hits="50" branch="False" />
                <line number="97" hits="50" branch="False" />
                <line number="98" hits="50" branch="False" />
                <line number="99" hits="50" branch="False" />
                <line number="101" hits="573" branch="True" condition-coverage="100% (2/2)">
                  <conditions>
                    <condition number="348" type="jump" coverage="100%" />
                  </conditions>
                </line>
                <line number="102" hits="215" branch="False" />
                <line number="104" hits="215" branch="True" condition-coverage="100% (4/4)">
                  <conditions>
                    <condition number="50" type="jump" coverage="100%" />
                    <condition number="70" type="jump" coverage="100%" />
                  </conditions>
                </line>
                <line number="105" hits="18" branch="False" />
                <line number="106" hits="18" branch="False" />
                <line number="107" hits="18" branch="False" />
                <line number="108" hits="18" branch="False" />
                <line number="109" hits="197" branch="True" condition-coverage="100% (4/4)">
                  <conditions>
                    <condition number="97" type="jump" coverage="100%" />
                    <condition number="117" type="jump" coverage="100%" />
                  </conditions>
                </line>
                <line number="110" hits="18" branch="False" />
                <line number="111" hits="18" branch="False" />
                <line number="112" hits="18" branch="True" condition-coverage="100% (2/2)">
                  <conditions>
                    <condition number="132" type="jump" coverage="100%" />
                  </conditions>
                </line>
                <line number="113" hits="1" branch="False" />
                <line number="114" hits="1" branch="False" />
                <line number="116" hits="17" branch="False" />
                <line number="117" hits="17" branch="False" />
                <line number="118" hits="179" branch="True" condition-coverage="100% (4/4)">
                  <conditions>
                    <condition number="166" type="jump" coverage="100%" />
                    <condition number="186" type="jump" coverage="100%" />
                  </conditions>
                </line>
                <line number="119" hits="65" branch="False" />
                <line number="120" hits="65" branch="False" />
                <line number="121" hits="65" branch="False" />
                <line number="122" hits="65" branch="False" />
                <line number="123" hits="114" branch="True" condition-coverage="100% (4/4)">
                  <conditions>
                    <condition number="211" type="jump" coverage="100%" />
                    <condition number="228" type="jump" coverage="100%" />
                  </conditions>
                </line>
                <line number="124" hits="76" branch="False" />
                <line number="125" hits="76" branch="False" />
                <line number="126" hits="76" branch="False" />
                <line number="127" hits="76" branch="False" />
                <line number="128" hits="38" branch="True" condition-coverage="100% (6/6)">
                  <conditions>
                    <condition number="256" type="jump" coverage="100%" />
                    <condition number="269" type="jump" coverage="100%" />
                    <condition number="291" type="jump" coverage="100%" />
                  </conditions>
                </line>
                <line number="129" hits="32" branch="False" />
                <line number="130" hits="32" branch="False" />
                <line number="131" hits="32" branch="False" />
                <line number="132" hits="32" branch="False" />
                <line number="134" hits="6" branch="False" />
                <line number="135" hits="6" branch="False" />
                <line number="137" hits="208" branch="False" />
                <line number="138" hits="43" branch="True" condition-coverage="100% (2/2)">
                  <conditions>
                    <condition number="384" type="jump" coverage="100%" />
                  </conditions>
                </line>
                <line number="139" hits="1" branch="False" />
                <line number="140" hits="1" branch="False" />
                <line number="142" hits="42" branch="True" condition-coverage="100% (2/2)">
                  <conditions>
                    <condition number="403" type="jump" coverage="100%" />
                  </conditions>
                </line>
                <line number="143" hits="1" branch="False" />
                <line number="144" hits="1" branch="False" />
                <line number="146" hits="41" branch="True" condition-coverage="100% (2/2)">
                  <conditions>
                    <condition number="425" type="jump" coverage="100%" />
                  </conditions>
                </line>
                <line number="147" hits="1" branch="False" />
                <line number="148" hits="1" branch="False" />
                <line number="150" hits="40" branch="False" />
                <line number="151" hits="496" branch="True" condition-coverage="100% (2/2)">
                  <conditions>
                    <condition number="503" type="jump" coverage="100%" />
                  </conditions>
                </line>
                <line number="152" hits="188" branch="False" />
                <line number="153" hits="188" branch="False" />
                <line number="154" hits="188" branch="False" />
                <line number="155" hits="40" branch="False" />
              </lines>
            </method>
          </methods>
          <lines>
            <line number="179" hits="9" branch="False" />
            <line number="180" hits="9" branch="False" />
            <line number="181" hits="9" branch="False" />
            <line number="184" hits="9" branch="False" />
            <line number="185" hits="216" branch="True" condition-coverage="100% (2/2)">
              <conditions>
                <condition number="268" type="jump" coverage="100%" />
              </conditions>
            </line>
            <line number="186" hits="97" branch="False" />
            <line number="187" hits="97" branch="True" condition-coverage="100% (2/2)">
              <conditions>
                <condition number="56" type="jump" coverage="100%" />
              </conditions>
            </line>
            <line number="188" hits="37" branch="False" />
            <line number="190" hits="37" branch="True" condition-coverage="100% (2/2)">
              <conditions>
                <condition number="74" type="jump" coverage="100%" />
              </conditions>
            </line>
            <line number="191" hits="19" branch="False" />
            <line number="193" hits="19" branch="False" />
            <line number="194" hits="19" branch="False" />
            <line number="195" hits="17" branch="False" />
            <line number="196" hits="2" branch="False" />
            <line number="197" hits="2" branch="False" />
            <line number="198" hits="2" branch="False" />
            <line number="200" hits="17" branch="False" />
            <line number="201" hits="35" branch="False" />
            <line number="202" hits="35" branch="False" />
            <line number="203" hits="33" branch="False" />
            <line number="205" hits="60" branch="True" condition-coverage="100% (2/2)">
              <conditions>
                <condition number="164" type="jump" coverage="100%" />
              </conditions>
            </line>
            <line number="206" hits="19" branch="False" />
            <line number="207" hits="19" branch="False" />
            <line number="208" hits="19" branch="False" />
            <line number="209" hits="19" branch="False" />
            <line number="211" hits="41" branch="True" condition-coverage="100% (2/2)">
              <conditions>
                <condition number="202" type="jump" coverage="100%" />
              </conditions>
            </line>
            <line number="212" hits="25" branch="False" />
            <line number="213" hits="25" branch="False" />
            <line number="214" hits="25" branch="False" />
            <line number="216" hits="16" branch="True" condition-coverage="100% (2/2)">
              <conditions>
                <condition number="231" type="jump" coverage="100%" />
              </conditions>
            </line>
            <line number="217" hits="16" branch="False" />
            <line number="218" hits="16" branch="False" />
            <line number="219" hits="16" branch="False" />
            <line number="220" hits="16" branch="False" />
            <line number="221" hits="15" branch="False" />
            <line number="222" hits="92" branch="False" />
            <line number="223" hits="4" branch="False" />
            <line number="224" hits="3" branch="False" />
            <line number="225" hits="3" branch="False" />
            <line number="226" hits="3" branch="False" />
            <line number="230" hits="4" branch="False" />
            <line number="233" hits="4" branch="False" />
            <line number="234" hits="9" branch="False" />
            <line number="243" hits="90" branch="False" />
            <line number="244" hits="90" branch="True" condition-coverage="100% (2/2)">
              <conditions>
                <condition number="12" type="jump" coverage="100%" />
              </conditions>
            </line>
            <line number="245" hits="75" branch="False" />
            <line number="246" hits="75" branch="True" condition-coverage="100% (8/8)">
              <conditions>
                <condition number="19" type="jump" coverage="100%" />
                <condition number="37" type="jump" coverage="100%" />
                <condition number="40" type="jump" coverage="100%" />
                <condition number="66" type="jump" coverage="100%" />
              </conditions>
            </line>
            <line number="247" hits="26" branch="False" />
            <line number="248" hits="26" branch="True" condition-coverage="100% (8/8)">
              <conditions>
                <condition number="96" type="jump" coverage="100%" />
                <condition number="110" type="jump" coverage="100%" />
                <condition number="124" type="jump" coverage="100%" />
                <condition number="138" type="jump" coverage="100%" />
              </conditions>
            </line>
            <line number="251" hits="14" branch="False" />
            <line number="252" hits="14" branch="False" />
            <line number="254" hits="3" branch="False" />
            <line number="255" hits="3" branch="False" />
            <line number="256" hits="3" branch="False" />
            <line number="258" hits="3" branch="False" />
            <line number="259" hits="3" branch="False" />
            <line number="261" hits="6" branch="False" />
            <line number="262" hits="12" branch="True" condition-coverage="100% (2/2)">
              <conditions>
                <condition number="233" type="jump" coverage="100%" />
              </conditions>
            </line>
            <line number="263" hits="3" branch="False" />
            <line number="264" hits="3" branch="False" />
            <line number="266" hits="23" branch="False" />
            <line number="267" hits="72" branch="False" />
            <line number="268" hits="87" branch="False" />
            <line number="282" hits="1" branch="False" />
            <line number="283" hits="6" branch="False" />
            <line number="284" hits="1" branch="False" />
            <line number="297" hits="28" branch="False" />
            <line number="298" hits="28" branch="False" />
            <line number="299" hits="28" branch="False" />
            <line number="322" hits="14" branch="False" />
            <line number="323" hits="14" branch="True" condition-coverage="100% (2/2)">
              <conditions>
                <condition number="15" type="jump" coverage="100%" />
              </conditions>
            </line>
            <line number="324" hits="4" branch="False" />
            <line number="325" hits="4" branch="False" />
            <line number="327" hits="10" branch="False" />
            <line number="328" hits="14" branch="False" />
            <line number="336" hits="6" branch="False" />
            <line number="337" hits="6" branch="True" condition-coverage="100% (2/2)">
              <conditions>
                <condition number="7" type="jump" coverage="100%" />
              </conditions>
            </line>
            <line number="338" hits="2" branch="False" />
            <line number="339" hits="2" branch="False" />
            <line number="341" hits="4" branch="False" />
            <line number="342" hits="6" branch="False" />
            <line number="350" hits="3" branch="False" />
            <line number="351" hits="3" branch="False" />
            <line number="352" hits="3" branch="False" />
            <line number="360" hits="4" branch="False" />
            <line number="361" hits="4" branch="False" />
            <line number="362" hits="4" branch="False" />
            <line number="69" hits="123" branch="False" />
            <line number="70" hits="35" branch="False" />
            <line number="71" hits="35" branch="False" />
            <line number="95" hits="50" branch="False" />
            <line number="96" hits="50" branch="False" />
            <line number="97" hits="50" branch="False" />
            <line number="98" hits="50" branch="False" />
            <line number="99" hits="50" branch="False" />
            <line number="101" hits="573" branch="True" condition-coverage="100% (2/2)">
              <conditions>
                <condition number="348" type="jump" coverage="100%" />
              </conditions>
            </line>
            <line number="102" hits="215" branch="False" />
            <line number="104" hits="215" branch="True" condition-coverage="100% (4/4)">
              <conditions>
                <condition number="50" type="jump" coverage="100%" />
                <condition number="70" type="jump" coverage="100%" />
              </conditions>
            </line>
            <line number="105" hits="18" branch="False" />
            <line number="106" hits="18" branch="False" />
            <line number="107" hits="18" branch="False" />
            <line number="108" hits="18" branch="False" />
            <line number="109" hits="197" branch="True" condition-coverage="100% (4/4)">
              <conditions>
                <condition number="97" type="jump" coverage="100%" />
                <condition number="117" type="jump" coverage="100%" />
              </conditions>
            </line>
            <line number="110" hits="18" branch="False" />
            <line number="111" hits="18" branch="False" />
            <line number="112" hits="18" branch="True" condition-coverage="100% (2/2)">
              <conditions>
                <condition number="132" type="jump" coverage="100%" />
              </conditions>
            </line>
            <line number="113" hits="1" branch="False" />
            <line number="114" hits="1" branch="False" />
            <line number="116" hits="17" branch="False" />
            <line number="117" hits="17" branch="False" />
            <line number="118" hits="179" branch="True" condition-coverage="100% (4/4)">
              <conditions>
                <condition number="166" type="jump" coverage="100%" />
                <condition number="186" type="jump" coverage="100%" />
              </conditions>
            </line>
            <line number="119" hits="65" branch="False" />
            <line number="120" hits="65" branch="False" />
            <line number="121" hits="65" branch="False" />
            <line number="122" hits="65" branch="False" />
            <line number="123" hits="114" branch="True" condition-coverage="100% (4/4)">
              <conditions>
                <condition number="211" type="jump" coverage="100%" />
                <condition number="228" type="jump" coverage="100%" />
              </conditions>
            </line>
            <line number="124" hits="76" branch="False" />
            <line number="125" hits="76" branch="False" />
            <line number="126" hits="76" branch="False" />
            <line number="127" hits="76" branch="False" />
            <line number="128" hits="38" branch="True" condition-coverage="100% (6/6)">
              <conditions>
                <condition number="256" type="jump" coverage="100%" />
                <condition number="269" type="jump" coverage="100%" />
                <condition number="291" type="jump" coverage="100%" />
              </conditions>
            </line>
            <line number="129" hits="32" branch="False" />
            <line number="130" hits="32" branch="False" />
            <line number="131" hits="32" branch="False" />
            <line number="132" hits="32" branch="False" />
            <line number="134" hits="6" branch="False" />
            <line number="135" hits="6" branch="False" />
            <line number="137" hits="208" branch="False" />
            <line number="138" hits="43" branch="True" condition-coverage="100% (2/2)">
              <conditions>
                <condition number="384" type="jump" coverage="100%" />
              </conditions>
            </line>
            <line number="139" hits="1" branch="False" />
            <line number="140" hits="1" branch="False" />
            <line number="142" hits="42" branch="True" condition-coverage="100% (2/2)">
              <conditions>
                <condition number="403" type="jump" coverage="100%" />
              </conditions>
            </line>
            <line number="143" hits="1" branch="False" />
            <line number="144" hits="1" branch="False" />
            <line number="146" hits="41" branch="True" condition-coverage="100% (2/2)">
              <conditions>
                <condition number="425" type="jump" coverage="100%" />
              </conditions>
            </line>
            <line number="147" hits="1" branch="False" />
            <line number="148" hits="1" branch="False" />
            <line number="150" hits="40" branch="False" />
            <line number="151" hits="496" branch="True" condition-coverage="100% (2/2)">
              <conditions>
                <condition number="503" type="jump" coverage="100%" />
              </conditions>
            </line>
            <line number="152" hits="188" branch="False" />
            <line number="153" hits="188" branch="False" />
            <line number="154" hits="188" branch="False" />
            <line number="155" hits="40" branch="False" />
          </lines>
        </class>
        <class name="SpreadsheetUtilities.Formula/&lt;GetTokens&gt;d__12" filename="Users/clintonkwong/Projects/spreadsheet-clintonkwong/Spreadsheet/Formula/Formula.cs" line-rate="1" branch-rate="1" complexity="4">
          <methods>
            <method name="MoveNext" signature="()" line-rate="1" branch-rate="1" complexity="4">
              <lines>
                <line number="371" hits="50" branch="False" />
                <line number="373" hits="50" branch="False" />
                <line number="374" hits="50" branch="False" />
                <line number="375" hits="50" branch="False" />
                <line number="376" hits="50" branch="False" />
                <line number="377" hits="50" branch="False" />
                <line number="378" hits="50" branch="False" />
                <line number="381" hits="50" branch="False" />
                <line number="382" hits="50" branch="False" />
                <line number="385" hits="1389" branch="True" condition-coverage="100% (2/2)">
                  <conditions>
                    <condition number="323" type="jump" coverage="100%" />
                  </conditions>
                </line>
                <line number="386" hits="623" branch="False" />
                <line number="387" hits="623" branch="True" condition-coverage="100% (2/2)">
                  <conditions>
                    <condition number="255" type="jump" coverage="100%" />
                  </conditions>
                </line>
                <line number="388" hits="215" branch="False" />
                <line number="389" hits="215" branch="False" />
                <line number="390" hits="208" branch="False" />
                <line number="391" hits="616" branch="False" />
                <line number="393" hits="43" branch="False" />
              </lines>
            </method>
          </methods>
          <lines>
            <line number="371" hits="50" branch="False" />
            <line number="373" hits="50" branch="False" />
            <line number="374" hits="50" branch="False" />
            <line number="375" hits="50" branch="False" />
            <line number="376" hits="50" branch="False" />
            <line number="377" hits="50" branch="False" />
            <line number="378" hits="50" branch="False" />
            <line number="381" hits="50" branch="False" />
            <line number="382" hits="50" branch="False" />
            <line number="385" hits="1389" branch="True" condition-coverage="100% (2/2)">
              <conditions>
                <condition number="323" type="jump" coverage="100%" />
              </conditions>
            </line>
            <line number="386" hits="623" branch="False" />
            <line number="387" hits="623" branch="True" condition-coverage="100% (2/2)">
              <conditions>
                <condition number="255" type="jump" coverage="100%" />
              </conditions>
            </line>
            <line number="388" hits="215" branch="False" />
            <line number="389" hits="215" branch="False" />
            <line number="390" hits="208" branch="False" />
            <line number="391" hits="616" branch="False" />
            <line number="393" hits="43" branch="False" />
          </lines>
        </class>
        <class name="SpreadsheetUtilities.FormulaFormatException" filename="Users/clintonkwong/Projects/spreadsheet-clintonkwong/Spreadsheet/Formula/Formula.cs" line-rate="1" branch-rate="1" complexity="1">
          <methods>
            <method name=".ctor" signature="(System.String)" line-rate="1" branch-rate="1" complexity="1">
              <lines>
                <line number="405" hits="10" branch="False" />
                <line number="406" hits="10" branch="False" />
                <line number="407" hits="10" branch="False" />
              </lines>
            </method>
          </methods>
          <lines>
            <line number="405" hits="10" branch="False" />
            <line number="406" hits="10" branch="False" />
            <line number="407" hits="10" branch="False" />
          </lines>
        </class>
        <class name="SpreadsheetUtilities.FormulaError" filename="Users/clintonkwong/Projects/spreadsheet-clintonkwong/Spreadsheet/Formula/Formula.cs" line-rate="0.625" branch-rate="1" complexity="3">
          <methods>
            <method name="get_Reason" signature="()" line-rate="1" branch-rate="1" complexity="1">
              <lines>
                <line number="428" hits="5" branch="False" />
              </lines>
            </method>
            <method name="ToString" signature="()" line-rate="0" branch-rate="1" complexity="1">
              <lines>
                <line number="431" hits="0" branch="False" />
                <line number="432" hits="0" branch="False" />
                <line number="433" hits="0" branch="False" />
              </lines>
            </method>
            <method name=".ctor" signature="(System.String)" line-rate="1" branch-rate="1" complexity="1">
              <lines>
                <line number="420" hits="5" branch="False" />
                <line number="421" hits="5" branch="False" />
                <line number="422" hits="5" branch="False" />
                <line number="423" hits="5" branch="False" />
              </lines>
            </method>
          </methods>
          <lines>
            <line number="428" hits="5" branch="False" />
            <line number="431" hits="0" branch="False" />
            <line number="432" hits="0" branch="False" />
            <line number="433" hits="0" branch="False" />
            <line number="420" hits="5" branch="False" />
            <line number="421" hits="5" branch="False" />
            <line number="422" hits="5" branch="False" />
            <line number="423" hits="5" branch="False" />
          </lines>
        </class>
      </classes>
    </package>
  </packages>
</coverage>