<?xml version="1.0" encoding="utf-8"?>
<coverage line-rate="0.6748999999999999" branch-rate="0.6509999999999999" version="1.9" timestamp="1663958419" lines-covered="326" lines-valid="483" branches-covered="125" branches-valid="192">
  <sources>
    <source>/Users/clintonkwong/Projects/spreadsheet-clintonkwong/Spreadsheet/</source>
  </sources>
  <packages>
    <package name="DependencyGraph" line-rate="0.5670000000000001" branch-rate="0.5588000000000001" complexity="37">
      <classes>
        <class name="SpreadsheetUtilities.DependencyGraph" filename="DependencyGraph/DependencyGraph.cs" line-rate="0.5670000000000001" branch-rate="0.5588000000000001" complexity="37">
          <methods>
            <method name="get_Size" signature="()" line-rate="1" branch-rate="1" complexity="1">
              <lines>
                <line number="74" hits="49" branch="False" />
              </lines>
            </method>
            <method name="set_Size" signature="(System.Int32)" line-rate="1" branch-rate="1" complexity="1">
              <lines>
                <line number="75" hits="87" branch="False" />
              </lines>
            </method>
            <method name="get_Item" signature="(System.String)" line-rate="0" branch-rate="0" complexity="2">
              <lines>
                <line number="89" hits="0" branch="False" />
                <line number="90" hits="0" branch="True" condition-coverage="0% (0/2)">
                  <conditions>
                    <condition number="15" type="jump" coverage="0%" />
                  </conditions>
                </line>
                <line number="91" hits="0" branch="False" />
                <line number="92" hits="0" branch="False" />
                <line number="95" hits="0" branch="False" />
                <line number="96" hits="0" branch="False" />
                <line number="98" hits="0" branch="False" />
              </lines>
            </method>
            <method name="HasDependents" signature="(System.String)" line-rate="0" branch-rate="0" complexity="2">
              <lines>
                <line number="106" hits="0" branch="False" />
                <line number="107" hits="0" branch="True" condition-coverage="0% (0/2)">
                  <conditions>
                    <condition number="15" type="jump" coverage="0%" />
                  </conditions>
                </line>
                <line number="108" hits="0" branch="False" />
                <line number="109" hits="0" branch="False" />
                <line number="112" hits="0" branch="False" />
                <line number="113" hits="0" branch="False" />
                <line number="115" hits="0" branch="False" />
              </lines>
            </method>
            <method name="HasDependees" signature="(System.String)" line-rate="0" branch-rate="0" complexity="2">
              <lines>
                <line number="122" hits="0" branch="False" />
                <line number="124" hits="0" branch="True" condition-coverage="0% (0/2)">
                  <conditions>
                    <condition number="15" type="jump" coverage="0%" />
                  </conditions>
                </line>
                <line number="125" hits="0" branch="False" />
                <line number="126" hits="0" branch="False" />
                <line number="129" hits="0" branch="False" />
                <line number="130" hits="0" branch="False" />
                <line number="132" hits="0" branch="False" />
              </lines>
            </method>
            <method name="GetDependents" signature="(System.String)" line-rate="0.7142000000000001" branch-rate="0.5" complexity="2">
              <lines>
                <line number="139" hits="10" branch="False" />
                <line number="140" hits="10" branch="True" condition-coverage="50% (1/2)">
                  <conditions>
                    <condition number="15" type="jump" coverage="50%" />
                  </conditions>
                </line>
                <line number="141" hits="10" branch="False" />
                <line number="142" hits="10" branch="False" />
                <line number="145" hits="0" branch="False" />
                <line number="146" hits="0" branch="False" />
                <line number="148" hits="10" branch="False" />
              </lines>
            </method>
            <method name="GetDependees" signature="(System.String)" line-rate="0" branch-rate="0" complexity="2">
              <lines>
                <line number="154" hits="0" branch="False" />
                <line number="155" hits="0" branch="True" condition-coverage="0% (0/2)">
                  <conditions>
                    <condition number="15" type="jump" coverage="0%" />
                  </conditions>
                </line>
                <line number="156" hits="0" branch="False" />
                <line number="157" hits="0" branch="False" />
                <line number="160" hits="0" branch="False" />
                <line number="161" hits="0" branch="False" />
                <line number="163" hits="0" branch="False" />
              </lines>
            </method>
            <method name="AddDependency" signature="(System.String,System.String)" line-rate="1" branch-rate="0.75" complexity="4">
              <lines>
                <line number="177" hits="34" branch="False" />
                <line number="178" hits="34" branch="False" />
                <line number="179" hits="34" branch="False" />
                <line number="180" hits="68" branch="True" condition-coverage="75% (3/4)">
                  <conditions>
                    <condition number="35" type="jump" coverage="50%" />
                    <condition number="60" type="jump" coverage="100%" />
                  </conditions>
                </line>
                <line number="181" hits="34" branch="False" />
                <line number="182" hits="34" branch="False" />
                <line number="184" hits="34" branch="False" />
              </lines>
            </method>
            <method name="AddHelper" signature="(System.String)" line-rate="1" branch-rate="1" complexity="2">
              <lines>
                <line number="191" hits="108" branch="False" />
                <line number="192" hits="108" branch="True" condition-coverage="100% (2/2)">
                  <conditions>
                    <condition number="18" type="jump" coverage="100%" />
                  </conditions>
                </line>
                <line number="193" hits="43" branch="False" />
                <line number="194" hits="43" branch="False" />
                <line number="195" hits="43" branch="False" />
                <line number="196" hits="43" branch="False" />
                <line number="197" hits="108" branch="False" />
              </lines>
            </method>
            <method name="RemoveDependency" signature="(System.String,System.String)" line-rate="1" branch-rate="0.75" complexity="4">
              <lines>
                <line number="206" hits="15" branch="False" />
                <line number="207" hits="15" branch="False" />
                <line number="208" hits="15" branch="False" />
                <line number="209" hits="30" branch="True" condition-coverage="75% (3/4)">
                  <conditions>
                    <condition number="35" type="jump" coverage="50%" />
                    <condition number="60" type="jump" coverage="100%" />
                  </conditions>
                </line>
                <line number="210" hits="15" branch="False" />
                <line number="211" hits="15" branch="False" />
                <line number="212" hits="15" branch="False" />
                <line number="213" hits="15" branch="False" />
                <line number="214" hits="15" branch="False" />
              </lines>
            </method>
            <method name="RemoveHelper" signature="(System.String)" line-rate="1" branch-rate="1" complexity="6">
              <lines>
                <line number="221" hits="40" branch="False" />
                <line number="222" hits="40" branch="True" condition-coverage="100% (6/6)">
                  <conditions>
                    <condition number="13" type="jump" coverage="100%" />
                    <condition number="32" type="jump" coverage="100%" />
                    <condition number="59" type="jump" coverage="100%" />
                  </conditions>
                </line>
                <line number="223" hits="22" branch="False" />
                <line number="224" hits="22" branch="False" />
                <line number="225" hits="22" branch="False" />
                <line number="226" hits="22" branch="False" />
                <line number="227" hits="40" branch="False" />
              </lines>
            </method>
            <method name="ReplaceDependents" signature="(System.String,System.Collections.Generic.IEnumerable`1&lt;System.String&gt;)" line-rate="1" branch-rate="1" complexity="4">
              <lines>
                <line number="235" hits="10" branch="False" />
                <line number="236" hits="10" branch="False" />
                <line number="237" hits="60" branch="True" condition-coverage="100% (2/2)">
                  <conditions>
                    <condition number="56" type="jump" coverage="100%" />
                  </conditions>
                </line>
                <line number="238" hits="15" branch="False" />
                <line number="239" hits="15" branch="False" />
                <line number="240" hits="15" branch="False" />
                <line number="241" hits="62" branch="True" condition-coverage="100% (2/2)">
                  <conditions>
                    <condition number="109" type="jump" coverage="100%" />
                  </conditions>
                </line>
                <line number="242" hits="16" branch="False" />
                <line number="243" hits="16" branch="False" />
                <line number="244" hits="16" branch="False" />
                <line number="245" hits="10" branch="False" />
                <line number="246" hits="10" branch="False" />
              </lines>
            </method>
            <method name="ReplaceDependees" signature="(System.String,System.Collections.Generic.IEnumerable`1&lt;System.String&gt;)" line-rate="0" branch-rate="0" complexity="4">
              <lines>
                <line number="254" hits="0" branch="False" />
                <line number="255" hits="0" branch="False" />
                <line number="256" hits="0" branch="True" condition-coverage="0% (0/2)">
                  <conditions>
                    <condition number="56" type="jump" coverage="0%" />
                  </conditions>
                </line>
                <line number="257" hits="0" branch="False" />
                <line number="258" hits="0" branch="False" />
                <line number="259" hits="0" branch="False" />
                <line number="260" hits="0" branch="True" condition-coverage="0% (0/2)">
                  <conditions>
                    <condition number="109" type="jump" coverage="0%" />
                  </conditions>
                </line>
                <line number="261" hits="0" branch="False" />
                <line number="262" hits="0" branch="False" />
                <line number="263" hits="0" branch="False" />
                <line number="264" hits="0" branch="False" />
                <line number="265" hits="0" branch="False" />
              </lines>
            </method>
            <method name=".ctor" signature="()" line-rate="1" branch-rate="1" complexity="1">
              <lines>
                <line number="49" hits="38" branch="False" />
                <line number="50" hits="38" branch="False" />
                <line number="51" hits="38" branch="False" />
                <line number="52" hits="38" branch="False" />
                <line number="53" hits="38" branch="False" />
                <line number="54" hits="38" branch="False" />
              </lines>
            </method>
          </methods>
          <lines>
            <line number="74" hits="49" branch="False" />
            <line number="75" hits="87" branch="False" />
            <line number="89" hits="0" branch="False" />
            <line number="90" hits="0" branch="True" condition-coverage="0% (0/2)">
              <conditions>
                <condition number="15" type="jump" coverage="0%" />
              </conditions>
            </line>
            <line number="91" hits="0" branch="False" />
            <line number="92" hits="0" branch="False" />
            <line number="95" hits="0" branch="False" />
            <line number="96" hits="0" branch="False" />
            <line number="98" hits="0" branch="False" />
            <line number="106" hits="0" branch="False" />
            <line number="107" hits="0" branch="True" condition-coverage="0% (0/2)">
              <conditions>
                <condition number="15" type="jump" coverage="0%" />
              </conditions>
            </line>
            <line number="108" hits="0" branch="False" />
            <line number="109" hits="0" branch="False" />
            <line number="112" hits="0" branch="False" />
            <line number="113" hits="0" branch="False" />
            <line number="115" hits="0" branch="False" />
            <line number="122" hits="0" branch="False" />
            <line number="124" hits="0" branch="True" condition-coverage="0% (0/2)">
              <conditions>
                <condition number="15" type="jump" coverage="0%" />
              </conditions>
            </line>
            <line number="125" hits="0" branch="False" />
            <line number="126" hits="0" branch="False" />
            <line number="129" hits="0" branch="False" />
            <line number="130" hits="0" branch="False" />
            <line number="132" hits="0" branch="False" />
            <line number="139" hits="10" branch="False" />
            <line number="140" hits="10" branch="True" condition-coverage="50% (1/2)">
              <conditions>
                <condition number="15" type="jump" coverage="50%" />
              </conditions>
            </line>
            <line number="141" hits="10" branch="False" />
            <line number="142" hits="10" branch="False" />
            <line number="145" hits="0" branch="False" />
            <line number="146" hits="0" branch="False" />
            <line number="148" hits="10" branch="False" />
            <line number="154" hits="0" branch="False" />
            <line number="155" hits="0" branch="True" condition-coverage="0% (0/2)">
              <conditions>
                <condition number="15" type="jump" coverage="0%" />
              </conditions>
            </line>
            <line number="156" hits="0" branch="False" />
            <line number="157" hits="0" branch="False" />
            <line number="160" hits="0" branch="False" />
            <line number="161" hits="0" branch="False" />
            <line number="163" hits="0" branch="False" />
            <line number="177" hits="34" branch="False" />
            <line number="178" hits="34" branch="False" />
            <line number="179" hits="34" branch="False" />
            <line number="180" hits="68" branch="True" condition-coverage="75% (3/4)">
              <conditions>
                <condition number="35" type="jump" coverage="50%" />
                <condition number="60" type="jump" coverage="100%" />
              </conditions>
            </line>
            <line number="181" hits="34" branch="False" />
            <line number="182" hits="34" branch="False" />
            <line number="184" hits="34" branch="False" />
            <line number="191" hits="108" branch="False" />
            <line number="192" hits="108" branch="True" condition-coverage="100% (2/2)">
              <conditions>
                <condition number="18" type="jump" coverage="100%" />
              </conditions>
            </line>
            <line number="193" hits="43" branch="False" />
            <line number="194" hits="43" branch="False" />
            <line number="195" hits="43" branch="False" />
            <line number="196" hits="43" branch="False" />
            <line number="197" hits="108" branch="False" />
            <line number="206" hits="15" branch="False" />
            <line number="207" hits="15" branch="False" />
            <line number="208" hits="15" branch="False" />
            <line number="209" hits="30" branch="True" condition-coverage="75% (3/4)">
              <conditions>
                <condition number="35" type="jump" coverage="50%" />
                <condition number="60" type="jump" coverage="100%" />
              </conditions>
            </line>
            <line number="210" hits="15" branch="False" />
            <line number="211" hits="15" branch="False" />
            <line number="212" hits="15" branch="False" />
            <line number="213" hits="15" branch="False" />
            <line number="214" hits="15" branch="False" />
            <line number="221" hits="40" branch="False" />
            <line number="222" hits="40" branch="True" condition-coverage="100% (6/6)">
              <conditions>
                <condition number="13" type="jump" coverage="100%" />
                <condition number="32" type="jump" coverage="100%" />
                <condition number="59" type="jump" coverage="100%" />
              </conditions>
            </line>
            <line number="223" hits="22" branch="False" />
            <line number="224" hits="22" branch="False" />
            <line number="225" hits="22" branch="False" />
            <line number="226" hits="22" branch="False" />
            <line number="227" hits="40" branch="False" />
            <line number="235" hits="10" branch="False" />
            <line number="236" hits="10" branch="False" />
            <line number="237" hits="60" branch="True" condition-coverage="100% (2/2)">
              <conditions>
                <condition number="56" type="jump" coverage="100%" />
              </conditions>
            </line>
            <line number="238" hits="15" branch="False" />
            <line number="239" hits="15" branch="False" />
            <line number="240" hits="15" branch="False" />
            <line number="241" hits="62" branch="True" condition-coverage="100% (2/2)">
              <conditions>
                <condition number="109" type="jump" coverage="100%" />
              </conditions>
            </line>
            <line number="242" hits="16" branch="False" />
            <line number="243" hits="16" branch="False" />
            <line number="244" hits="16" branch="False" />
            <line number="245" hits="10" branch="False" />
            <line number="246" hits="10" branch="False" />
            <line number="254" hits="0" branch="False" />
            <line number="255" hits="0" branch="False" />
            <line number="256" hits="0" branch="True" condition-coverage="0% (0/2)">
              <conditions>
                <condition number="56" type="jump" coverage="0%" />
              </conditions>
            </line>
            <line number="257" hits="0" branch="False" />
            <line number="258" hits="0" branch="False" />
            <line number="259" hits="0" branch="False" />
            <line number="260" hits="0" branch="True" condition-coverage="0% (0/2)">
              <conditions>
                <condition number="109" type="jump" coverage="0%" />
              </conditions>
            </line>
            <line number="261" hits="0" branch="False" />
            <line number="262" hits="0" branch="False" />
            <line number="263" hits="0" branch="False" />
            <line number="264" hits="0" branch="False" />
            <line number="265" hits="0" branch="False" />
            <line number="49" hits="38" branch="False" />
            <line number="50" hits="38" branch="False" />
            <line number="51" hits="38" branch="False" />
            <line number="52" hits="38" branch="False" />
            <line number="53" hits="38" branch="False" />
            <line number="54" hits="38" branch="False" />
          </lines>
        </class>
      </classes>
    </package>
    <package name="Spreadsheet" line-rate="0.9539" branch-rate="0.9285" complexity="92">
      <classes>
        <class name="SS.AbstractSpreadsheet" filename="Spreadsheet/AbstractSpreadsheet.cs" line-rate="1" branch-rate="1" complexity="7">
          <methods>
            <method name="GetCellsToRecalculate" signature="(System.String)" line-rate="1" branch-rate="1" complexity="1">
              <lines>
                <line number="174" hits="68" branch="False" />
                <line number="175" hits="68" branch="False" />
                <line number="176" hits="68" branch="False" />
                <line number="177" hits="68" branch="False" />
                <line number="178" hits="64" branch="False" />
                <line number="179" hits="64" branch="False" />
              </lines>
            </method>
            <method name="Visit" signature="(System.String,System.String,System.Collections.Generic.ISet`1&lt;System.String&gt;,System.Collections.Generic.LinkedList`1&lt;System.String&gt;)" line-rate="1" branch-rate="1" complexity="6">
              <lines>
                <line number="188" hits="94" branch="False" />
                <line number="189" hits="94" branch="False" />
                <line number="190" hits="331" branch="True" condition-coverage="100% (2/2)">
                  <conditions>
                    <condition number="86" type="jump" coverage="100%" />
                  </conditions>
                </line>
                <line number="191" hits="30" branch="False" />
                <line number="192" hits="30" branch="True" condition-coverage="100% (2/2)">
                  <conditions>
                    <condition number="42" type="jump" coverage="100%" />
                  </conditions>
                </line>
                <line number="193" hits="4" branch="False" />
                <line number="194" hits="4" branch="False" />
                <line number="196" hits="26" branch="True" condition-coverage="100% (2/2)">
                  <conditions>
                    <condition number="63" type="jump" coverage="100%" />
                  </conditions>
                </line>
                <line number="197" hits="26" branch="False" />
                <line number="198" hits="26" branch="False" />
                <line number="199" hits="19" branch="False" />
                <line number="200" hits="19" branch="False" />
                <line number="201" hits="83" branch="False" />
                <line number="202" hits="83" branch="False" />
              </lines>
            </method>
          </methods>
          <lines>
            <line number="174" hits="68" branch="False" />
            <line number="175" hits="68" branch="False" />
            <line number="176" hits="68" branch="False" />
            <line number="177" hits="68" branch="False" />
            <line number="178" hits="64" branch="False" />
            <line number="179" hits="64" branch="False" />
            <line number="188" hits="94" branch="False" />
            <line number="189" hits="94" branch="False" />
            <line number="190" hits="331" branch="True" condition-coverage="100% (2/2)">
              <conditions>
                <condition number="86" type="jump" coverage="100%" />
              </conditions>
            </line>
            <line number="191" hits="30" branch="False" />
            <line number="192" hits="30" branch="True" condition-coverage="100% (2/2)">
              <conditions>
                <condition number="42" type="jump" coverage="100%" />
              </conditions>
            </line>
            <line number="193" hits="4" branch="False" />
            <line number="194" hits="4" branch="False" />
            <line number="196" hits="26" branch="True" condition-coverage="100% (2/2)">
              <conditions>
                <condition number="63" type="jump" coverage="100%" />
              </conditions>
            </line>
            <line number="197" hits="26" branch="False" />
            <line number="198" hits="26" branch="False" />
            <line number="199" hits="19" branch="False" />
            <line number="200" hits="19" branch="False" />
            <line number="201" hits="83" branch="False" />
            <line number="202" hits="83" branch="False" />
          </lines>
        </class>
        <class name="SS.Spreadsheet" filename="Spreadsheet/Spreadsheet.cs" line-rate="0.9477" branch-rate="0.9516" complexity="64">
          <methods>
            <method name="GetNamesOfAllNonemptyCells" signature="()" line-rate="1" branch-rate="1" complexity="1">
              <lines>
                <line number="84" hits="8" branch="False" />
                <line number="85" hits="8" branch="False" />
                <line number="86" hits="8" branch="False" />
              </lines>
            </method>
            <method name="GetCellContents" signature="(System.String)" line-rate="1" branch-rate="1" complexity="4">
              <lines>
                <line number="95" hits="17" branch="False" />
                <line number="96" hits="17" branch="True" condition-coverage="100% (2/2)">
                  <conditions>
                    <condition number="12" type="jump" coverage="100%" />
                  </conditions>
                </line>
                <line number="97" hits="4" branch="False" />
                <line number="98" hits="4" branch="False" />
                <line number="102" hits="13" branch="True" condition-coverage="100% (2/2)">
                  <conditions>
                    <condition number="37" type="jump" coverage="100%" />
                  </conditions>
                </line>
                <line number="103" hits="11" branch="False" />
                <line number="104" hits="11" branch="False" />
                <line number="106" hits="2" branch="False" />
                <line number="107" hits="13" branch="False" />
              </lines>
            </method>
            <method name="SetCellContents" signature="(System.String,System.Double)" line-rate="0.9209999999999999" branch-rate="0.9375" complexity="16">
              <lines>
                <line number="119" hits="12" branch="False" />
                <line number="120" hits="12" branch="True" condition-coverage="100% (2/2)">
                  <conditions>
                    <condition number="12" type="jump" coverage="100%" />
                  </conditions>
                </line>
                <line number="121" hits="3" branch="False" />
                <line number="122" hits="3" branch="False" />
                <line number="125" hits="9" branch="False" />
                <line number="126" hits="9" branch="False" />
                <line number="129" hits="9" branch="True" condition-coverage="100% (2/2)">
                  <conditions>
                    <condition number="59" type="jump" coverage="100%" />
                  </conditions>
                </line>
                <line number="130" hits="7" branch="False" />
                <line number="131" hits="7" branch="False" />
                <line number="132" hits="35" branch="True" condition-coverage="100% (2/2)">
                  <conditions>
                    <condition number="120" type="jump" coverage="100%" />
                  </conditions>
                </line>
                <line number="133" hits="7" branch="False" />
                <line number="134" hits="7" branch="False" />
                <line number="135" hits="7" branch="False" />
                <line number="136" hits="7" branch="False" />
                <line number="137" hits="7" branch="False" />
                <line number="142" hits="2" branch="True" condition-coverage="100% (2/2)">
                  <conditions>
                    <condition number="178" type="jump" coverage="100%" />
                  </conditions>
                </line>
                <line number="143" hits="2" branch="False" />
                <line number="144" hits="2" branch="False" />
                <line number="145" hits="2" branch="False" />
                <line number="149" hits="2" branch="True" condition-coverage="100% (2/2)">
                  <conditions>
                    <condition number="219" type="jump" coverage="100%" />
                  </conditions>
                </line>
                <line number="150" hits="2" branch="False" />
                <line number="151" hits="2" branch="False" />
                <line number="152" hits="10" branch="True" condition-coverage="100% (2/2)">
                  <conditions>
                    <condition number="297" type="jump" coverage="100%" />
                  </conditions>
                </line>
                <line number="153" hits="2" branch="False" />
                <line number="154" hits="2" branch="True" condition-coverage="50% (1/2)">
                  <conditions>
                    <condition number="270" type="jump" coverage="50%" />
                  </conditions>
                </line>
                <line number="155" hits="0" branch="False" />
                <line number="156" hits="0" branch="False" />
                <line number="157" hits="0" branch="False" />
                <line number="158" hits="2" branch="False" />
                <line number="159" hits="2" branch="False" />
                <line number="160" hits="2" branch="False" />
                <line number="163" hits="2" branch="False" />
                <line number="164" hits="10" branch="True" condition-coverage="100% (2/2)">
                  <conditions>
                    <condition number="362" type="jump" coverage="100%" />
                  </conditions>
                </line>
                <line number="165" hits="2" branch="False" />
                <line number="166" hits="2" branch="False" />
                <line number="167" hits="2" branch="False" />
                <line number="168" hits="2" branch="False" />
                <line number="169" hits="9" branch="False" />
              </lines>
            </method>
            <method name="SetCellContents" signature="(System.String,System.String)" line-rate="0.9189" branch-rate="0.9375" complexity="16">
              <lines>
                <line number="181" hits="14" branch="False" />
                <line number="182" hits="14" branch="True" condition-coverage="100% (2/2)">
                  <conditions>
                    <condition number="12" type="jump" coverage="100%" />
                  </conditions>
                </line>
                <line number="183" hits="3" branch="False" />
                <line number="184" hits="3" branch="False" />
                <line number="188" hits="11" branch="True" condition-coverage="100% (2/2)">
                  <conditions>
                    <condition number="40" type="jump" coverage="100%" />
                  </conditions>
                </line>
                <line number="189" hits="9" branch="False" />
                <line number="190" hits="9" branch="False" />
                <line number="191" hits="9" branch="False" />
                <line number="193" hits="11" branch="True" condition-coverage="100% (2/2)">
                  <conditions>
                    <condition number="79" type="jump" coverage="100%" />
                  </conditions>
                </line>
                <line number="194" hits="1" branch="False" />
                <line number="195" hits="1" branch="False" />
                <line number="196" hits="1" branch="False" />
                <line number="200" hits="11" branch="True" condition-coverage="100% (2/2)">
                  <conditions>
                    <condition number="114" type="jump" coverage="100%" />
                  </conditions>
                </line>
                <line number="201" hits="10" branch="False" />
                <line number="202" hits="10" branch="False" />
                <line number="203" hits="10" branch="False" />
                <line number="205" hits="10" branch="True" condition-coverage="100% (2/2)">
                  <conditions>
                    <condition number="150" type="jump" coverage="100%" />
                  </conditions>
                </line>
                <line number="206" hits="10" branch="False" />
                <line number="207" hits="10" branch="False" />
                <line number="208" hits="52" branch="True" condition-coverage="100% (2/2)">
                  <conditions>
                    <condition number="228" type="jump" coverage="100%" />
                  </conditions>
                </line>
                <line number="209" hits="11" branch="False" />
                <line number="210" hits="11" branch="True" condition-coverage="50% (1/2)">
                  <conditions>
                    <condition number="201" type="jump" coverage="50%" />
                  </conditions>
                </line>
                <line number="211" hits="0" branch="False" />
                <line number="212" hits="0" branch="False" />
                <line number="213" hits="0" branch="False" />
                <line number="214" hits="11" branch="False" />
                <line number="215" hits="10" branch="False" />
                <line number="216" hits="10" branch="False" />
                <line number="221" hits="11" branch="False" />
                <line number="222" hits="11" branch="False" />
                <line number="223" hits="11" branch="False" />
                <line number="224" hits="55" branch="True" condition-coverage="100% (2/2)">
                  <conditions>
                    <condition number="312" type="jump" coverage="100%" />
                  </conditions>
                </line>
                <line number="225" hits="11" branch="False" />
                <line number="226" hits="11" branch="False" />
                <line number="227" hits="11" branch="False" />
                <line number="228" hits="11" branch="False" />
                <line number="229" hits="11" branch="False" />
              </lines>
            </method>
            <method name="SetCellContents" signature="(System.String,SpreadsheetUtilities.Formula)" line-rate="1" branch-rate="1" complexity="16">
              <lines>
                <line number="244" hits="21" branch="False" />
                <line number="247" hits="21" branch="True" condition-coverage="100% (2/2)">
                  <conditions>
                    <condition number="12" type="jump" coverage="100%" />
                  </conditions>
                </line>
                <line number="248" hits="3" branch="False" />
                <line number="249" hits="3" branch="False" />
                <line number="253" hits="18" branch="True" condition-coverage="100% (2/2)">
                  <conditions>
                    <condition number="40" type="jump" coverage="100%" />
                  </conditions>
                </line>
                <line number="254" hits="16" branch="False" />
                <line number="256" hits="16" branch="False" />
                <line number="258" hits="16" branch="False" />
                <line number="260" hits="16" branch="True" condition-coverage="100% (2/2)">
                  <conditions>
                    <condition number="89" type="jump" coverage="100%" />
                  </conditions>
                </line>
                <line number="261" hits="13" branch="False" />
                <line number="262" hits="75" branch="True" condition-coverage="100% (2/2)">
                  <conditions>
                    <condition number="141" type="jump" coverage="100%" />
                  </conditions>
                </line>
                <line number="263" hits="18" branch="False" />
                <line number="264" hits="18" branch="False" />
                <line number="265" hits="18" branch="False" />
                <line number="266" hits="13" branch="False" />
                <line number="267" hits="16" branch="False" />
                <line number="271" hits="18" branch="False" />
                <line number="276" hits="14" branch="True" condition-coverage="100% (2/2)">
                  <conditions>
                    <condition number="186" type="jump" coverage="100%" />
                  </conditions>
                </line>
                <line number="277" hits="14" branch="False" />
                <line number="278" hits="14" branch="False" />
                <line number="279" hits="14" branch="False" />
                <line number="283" hits="14" branch="True" condition-coverage="100% (2/2)">
                  <conditions>
                    <condition number="216" type="jump" coverage="100%" />
                  </conditions>
                </line>
                <line number="284" hits="10" branch="False" />
                <line number="285" hits="10" branch="False" />
                <line number="286" hits="62" branch="True" condition-coverage="100% (2/2)">
                  <conditions>
                    <condition number="270" type="jump" coverage="100%" />
                  </conditions>
                </line>
                <line number="287" hits="16" branch="False" />
                <line number="288" hits="16" branch="False" />
                <line number="289" hits="16" branch="False" />
                <line number="291" hits="10" branch="False" />
                <line number="292" hits="10" branch="False" />
                <line number="296" hits="14" branch="False" />
                <line number="297" hits="14" branch="False" />
                <line number="299" hits="14" branch="False" />
                <line number="300" hits="78" branch="True" condition-coverage="100% (2/2)">
                  <conditions>
                    <condition number="368" type="jump" coverage="100%" />
                  </conditions>
                </line>
                <line number="301" hits="18" branch="False" />
                <line number="302" hits="18" branch="False" />
                <line number="303" hits="18" branch="False" />
                <line number="304" hits="14" branch="False" />
                <line number="305" hits="14" branch="False" />
              </lines>
            </method>
            <method name="GetDirectDependents" signature="(System.String)" line-rate="0.909" branch-rate="0.9" complexity="10">
              <lines>
                <line number="320" hits="94" branch="False" />
                <line number="322" hits="94" branch="True" condition-coverage="50% (1/2)">
                  <conditions>
                    <condition number="12" type="jump" coverage="50%" />
                  </conditions>
                </line>
                <line number="323" hits="0" branch="False" />
                <line number="324" hits="0" branch="False" />
                <line number="329" hits="94" branch="False" />
                <line number="330" hits="574" branch="True" condition-coverage="100% (2/2)">
                  <conditions>
                    <condition number="185" type="jump" coverage="100%" />
                  </conditions>
                </line>
                <line number="331" hits="146" branch="False" />
                <line number="335" hits="146" branch="False" />
                <line number="337" hits="146" branch="True" condition-coverage="100% (2/2)">
                  <conditions>
                    <condition number="82" type="jump" coverage="100%" />
                  </conditions>
                </line>
                <line number="338" hits="146" branch="False" />
                <line number="339" hits="146" branch="False" />
                <line number="340" hits="854" branch="True" condition-coverage="100% (2/2)">
                  <conditions>
                    <condition number="159" type="jump" coverage="100%" />
                  </conditions>
                </line>
                <line number="341" hits="208" branch="False" />
                <line number="342" hits="208" branch="True" condition-coverage="100% (2/2)">
                  <conditions>
                    <condition number="133" type="jump" coverage="100%" />
                  </conditions>
                </line>
                <line number="343" hits="30" branch="False" />
                <line number="344" hits="30" branch="False" />
                <line number="345" hits="30" branch="False" />
                <line number="346" hits="208" branch="False" />
                <line number="347" hits="146" branch="False" />
                <line number="348" hits="146" branch="False" />
                <line number="349" hits="94" branch="False" />
                <line number="350" hits="94" branch="False" />
              </lines>
            </method>
            <method name=".ctor" signature="()" line-rate="1" branch-rate="1" complexity="1">
              <lines>
                <line number="74" hits="38" branch="False" />
                <line number="75" hits="38" branch="False" />
                <line number="76" hits="38" branch="False" />
                <line number="77" hits="38" branch="False" />
                <line number="78" hits="38" branch="False" />
              </lines>
            </method>
          </methods>
          <lines>
            <line number="84" hits="8" branch="False" />
            <line number="85" hits="8" branch="False" />
            <line number="86" hits="8" branch="False" />
            <line number="95" hits="17" branch="False" />
            <line number="96" hits="17" branch="True" condition-coverage="100% (2/2)">
              <conditions>
                <condition number="12" type="jump" coverage="100%" />
              </conditions>
            </line>
            <line number="97" hits="4" branch="False" />
            <line number="98" hits="4" branch="False" />
            <line number="102" hits="13" branch="True" condition-coverage="100% (2/2)">
              <conditions>
                <condition number="37" type="jump" coverage="100%" />
              </conditions>
            </line>
            <line number="103" hits="11" branch="False" />
            <line number="104" hits="11" branch="False" />
            <line number="106" hits="2" branch="False" />
            <line number="107" hits="13" branch="False" />
            <line number="119" hits="12" branch="False" />
            <line number="120" hits="12" branch="True" condition-coverage="100% (2/2)">
              <conditions>
                <condition number="12" type="jump" coverage="100%" />
              </conditions>
            </line>
            <line number="121" hits="3" branch="False" />
            <line number="122" hits="3" branch="False" />
            <line number="125" hits="9" branch="False" />
            <line number="126" hits="9" branch="False" />
            <line number="129" hits="9" branch="True" condition-coverage="100% (2/2)">
              <conditions>
                <condition number="59" type="jump" coverage="100%" />
              </conditions>
            </line>
            <line number="130" hits="7" branch="False" />
            <line number="131" hits="7" branch="False" />
            <line number="132" hits="35" branch="True" condition-coverage="100% (2/2)">
              <conditions>
                <condition number="120" type="jump" coverage="100%" />
              </conditions>
            </line>
            <line number="133" hits="7" branch="False" />
            <line number="134" hits="7" branch="False" />
            <line number="135" hits="7" branch="False" />
            <line number="136" hits="7" branch="False" />
            <line number="137" hits="7" branch="False" />
            <line number="142" hits="2" branch="True" condition-coverage="100% (2/2)">
              <conditions>
                <condition number="178" type="jump" coverage="100%" />
              </conditions>
            </line>
            <line number="143" hits="2" branch="False" />
            <line number="144" hits="2" branch="False" />
            <line number="145" hits="2" branch="False" />
            <line number="149" hits="2" branch="True" condition-coverage="100% (2/2)">
              <conditions>
                <condition number="219" type="jump" coverage="100%" />
              </conditions>
            </line>
            <line number="150" hits="2" branch="False" />
            <line number="151" hits="2" branch="False" />
            <line number="152" hits="10" branch="True" condition-coverage="100% (2/2)">
              <conditions>
                <condition number="297" type="jump" coverage="100%" />
              </conditions>
            </line>
            <line number="153" hits="2" branch="False" />
            <line number="154" hits="2" branch="True" condition-coverage="50% (1/2)">
              <conditions>
                <condition number="270" type="jump" coverage="50%" />
              </conditions>
            </line>
            <line number="155" hits="0" branch="False" />
            <line number="156" hits="0" branch="False" />
            <line number="157" hits="0" branch="False" />
            <line number="158" hits="2" branch="False" />
            <line number="159" hits="2" branch="False" />
            <line number="160" hits="2" branch="False" />
            <line number="163" hits="2" branch="False" />
            <line number="164" hits="10" branch="True" condition-coverage="100% (2/2)">
              <conditions>
                <condition number="362" type="jump" coverage="100%" />
              </conditions>
            </line>
            <line number="165" hits="2" branch="False" />
            <line number="166" hits="2" branch="False" />
            <line number="167" hits="2" branch="False" />
            <line number="168" hits="2" branch="False" />
            <line number="169" hits="9" branch="False" />
            <line number="181" hits="14" branch="False" />
            <line number="182" hits="14" branch="True" condition-coverage="100% (2/2)">
              <conditions>
                <condition number="12" type="jump" coverage="100%" />
              </conditions>
            </line>
            <line number="183" hits="3" branch="False" />
            <line number="184" hits="3" branch="False" />
            <line number="188" hits="11" branch="True" condition-coverage="100% (2/2)">
              <conditions>
                <condition number="40" type="jump" coverage="100%" />
              </conditions>
            </line>
            <line number="189" hits="9" branch="False" />
            <line number="190" hits="9" branch="False" />
            <line number="191" hits="9" branch="False" />
            <line number="193" hits="11" branch="True" condition-coverage="100% (2/2)">
              <conditions>
                <condition number="79" type="jump" coverage="100%" />
              </conditions>
            </line>
            <line number="194" hits="1" branch="False" />
            <line number="195" hits="1" branch="False" />
            <line number="196" hits="1" branch="False" />
            <line number="200" hits="11" branch="True" condition-coverage="100% (2/2)">
              <conditions>
                <condition number="114" type="jump" coverage="100%" />
              </conditions>
            </line>
            <line number="201" hits="10" branch="False" />
            <line number="202" hits="10" branch="False" />
            <line number="203" hits="10" branch="False" />
            <line number="205" hits="10" branch="True" condition-coverage="100% (2/2)">
              <conditions>
                <condition number="150" type="jump" coverage="100%" />
              </conditions>
            </line>
            <line number="206" hits="10" branch="False" />
            <line number="207" hits="10" branch="False" />
            <line number="208" hits="52" branch="True" condition-coverage="100% (2/2)">
              <conditions>
                <condition number="228" type="jump" coverage="100%" />
              </conditions>
            </line>
            <line number="209" hits="11" branch="False" />
            <line number="210" hits="11" branch="True" condition-coverage="50% (1/2)">
              <conditions>
                <condition number="201" type="jump" coverage="50%" />
              </conditions>
            </line>
            <line number="211" hits="0" branch="False" />
            <line number="212" hits="0" branch="False" />
            <line number="213" hits="0" branch="False" />
            <line number="214" hits="11" branch="False" />
            <line number="215" hits="10" branch="False" />
            <line number="216" hits="10" branch="False" />
            <line number="221" hits="11" branch="False" />
            <line number="222" hits="11" branch="False" />
            <line number="223" hits="11" branch="False" />
            <line number="224" hits="55" branch="True" condition-coverage="100% (2/2)">
              <conditions>
                <condition number="312" type="jump" coverage="100%" />
              </conditions>
            </line>
            <line number="225" hits="11" branch="False" />
            <line number="226" hits="11" branch="False" />
            <line number="227" hits="11" branch="False" />
            <line number="228" hits="11" branch="False" />
            <line number="229" hits="11" branch="False" />
            <line number="244" hits="21" branch="False" />
            <line number="247" hits="21" branch="True" condition-coverage="100% (2/2)">
              <conditions>
                <condition number="12" type="jump" coverage="100%" />
              </conditions>
            </line>
            <line number="248" hits="3" branch="False" />
            <line number="249" hits="3" branch="False" />
            <line number="253" hits="18" branch="True" condition-coverage="100% (2/2)">
              <conditions>
                <condition number="40" type="jump" coverage="100%" />
              </conditions>
            </line>
            <line number="254" hits="16" branch="False" />
            <line number="256" hits="16" branch="False" />
            <line number="258" hits="16" branch="False" />
            <line number="260" hits="16" branch="True" condition-coverage="100% (2/2)">
              <conditions>
                <condition number="89" type="jump" coverage="100%" />
              </conditions>
            </line>
            <line number="261" hits="13" branch="False" />
            <line number="262" hits="75" branch="True" condition-coverage="100% (2/2)">
              <conditions>
                <condition number="141" type="jump" coverage="100%" />
              </conditions>
            </line>
            <line number="263" hits="18" branch="False" />
            <line number="264" hits="18" branch="False" />
            <line number="265" hits="18" branch="False" />
            <line number="266" hits="13" branch="False" />
            <line number="267" hits="16" branch="False" />
            <line number="271" hits="18" branch="False" />
            <line number="276" hits="14" branch="True" condition-coverage="100% (2/2)">
              <conditions>
                <condition number="186" type="jump" coverage="100%" />
              </conditions>
            </line>
            <line number="277" hits="14" branch="False" />
            <line number="278" hits="14" branch="False" />
            <line number="279" hits="14" branch="False" />
            <line number="283" hits="14" branch="True" condition-coverage="100% (2/2)">
              <conditions>
                <condition number="216" type="jump" coverage="100%" />
              </conditions>
            </line>
            <line number="284" hits="10" branch="False" />
            <line number="285" hits="10" branch="False" />
            <line number="286" hits="62" branch="True" condition-coverage="100% (2/2)">
              <conditions>
                <condition number="270" type="jump" coverage="100%" />
              </conditions>
            </line>
            <line number="287" hits="16" branch="False" />
            <line number="288" hits="16" branch="False" />
            <line number="289" hits="16" branch="False" />
            <line number="291" hits="10" branch="False" />
            <line number="292" hits="10" branch="False" />
            <line number="296" hits="14" branch="False" />
            <line number="297" hits="14" branch="False" />
            <line number="299" hits="14" branch="False" />
            <line number="300" hits="78" branch="True" condition-coverage="100% (2/2)">
              <conditions>
                <condition number="368" type="jump" coverage="100%" />
              </conditions>
            </line>
            <line number="301" hits="18" branch="False" />
            <line number="302" hits="18" branch="False" />
            <line number="303" hits="18" branch="False" />
            <line number="304" hits="14" branch="False" />
            <line number="305" hits="14" branch="False" />
            <line number="320" hits="94" branch="False" />
            <line number="322" hits="94" branch="True" condition-coverage="50% (1/2)">
              <conditions>
                <condition number="12" type="jump" coverage="50%" />
              </conditions>
            </line>
            <line number="323" hits="0" branch="False" />
            <line number="324" hits="0" branch="False" />
            <line number="329" hits="94" branch="False" />
            <line number="330" hits="574" branch="True" condition-coverage="100% (2/2)">
              <conditions>
                <condition number="185" type="jump" coverage="100%" />
              </conditions>
            </line>
            <line number="331" hits="146" branch="False" />
            <line number="335" hits="146" branch="False" />
            <line number="337" hits="146" branch="True" condition-coverage="100% (2/2)">
              <conditions>
                <condition number="82" type="jump" coverage="100%" />
              </conditions>
            </line>
            <line number="338" hits="146" branch="False" />
            <line number="339" hits="146" branch="False" />
            <line number="340" hits="854" branch="True" condition-coverage="100% (2/2)">
              <conditions>
                <condition number="159" type="jump" coverage="100%" />
              </conditions>
            </line>
            <line number="341" hits="208" branch="False" />
            <line number="342" hits="208" branch="True" condition-coverage="100% (2/2)">
              <conditions>
                <condition number="133" type="jump" coverage="100%" />
              </conditions>
            </line>
            <line number="343" hits="30" branch="False" />
            <line number="344" hits="30" branch="False" />
            <line number="345" hits="30" branch="False" />
            <line number="346" hits="208" branch="False" />
            <line number="347" hits="146" branch="False" />
            <line number="348" hits="146" branch="False" />
            <line number="349" hits="94" branch="False" />
            <line number="350" hits="94" branch="False" />
            <line number="74" hits="38" branch="False" />
            <line number="75" hits="38" branch="False" />
            <line number="76" hits="38" branch="False" />
            <line number="77" hits="38" branch="False" />
            <line number="78" hits="38" branch="False" />
          </lines>
        </class>
        <class name="SS.Spreadsheet/Cell" filename="Spreadsheet/Spreadsheet.cs" line-rate="0.9545" branch-rate="0.8125" complexity="21">
          <methods>
            <method name="getContents" signature="()" line-rate="1" branch-rate="1" complexity="1">
              <lines>
                <line number="428" hits="169" branch="False" />
                <line number="429" hits="169" branch="False" />
                <line number="430" hits="169" branch="False" />
              </lines>
            </method>
            <method name="setContents" signature="(System.Object)" line-rate="1" branch-rate="1" complexity="1">
              <lines>
                <line number="439" hits="26" branch="False" />
                <line number="440" hits="26" branch="False" />
                <line number="441" hits="26" branch="False" />
              </lines>
            </method>
            <method name="validName" signature="(System.String)" line-rate="0.9047" branch-rate="0.8125" complexity="16">
              <lines>
                <line number="447" hits="158" branch="False" />
                <line number="448" hits="158" branch="True" condition-coverage="100% (2/2)">
                  <conditions>
                    <condition number="7" type="jump" coverage="100%" />
                  </conditions>
                </line>
                <line number="449" hits="5" branch="False" />
                <line number="450" hits="5" branch="False" />
                <line number="452" hits="153" branch="True" condition-coverage="100% (4/4)">
                  <conditions>
                    <condition number="29" type="jump" coverage="100%" />
                    <condition number="56" type="jump" coverage="100%" />
                  </conditions>
                </line>
                <line number="453" hits="145" branch="False" />
                <line number="454" hits="145" branch="True" condition-coverage="100% (2/2)">
                  <conditions>
                    <condition number="72" type="jump" coverage="100%" />
                  </conditions>
                </line>
                <line number="455" hits="2" branch="False" />
                <line number="456" hits="2" branch="False" />
                <line number="458" hits="572" branch="True" condition-coverage="100% (2/2)">
                  <conditions>
                    <condition number="173" type="jump" coverage="100%" />
                  </conditions>
                </line>
                <line number="459" hits="143" branch="False" />
                <line number="460" hits="143" branch="True" condition-coverage="50% (3/6)">
                  <conditions>
                    <condition number="106" type="jump" coverage="50%" />
                    <condition number="121" type="jump" coverage="50%" />
                    <condition number="143" type="jump" coverage="50%" />
                  </conditions>
                </line>
                <line number="461" hits="143" branch="False" />
                <line number="462" hits="143" branch="False" />
                <line number="463" hits="143" branch="False" />
                <line number="464" hits="143" branch="False" />
                <line number="467" hits="0" branch="False" />
                <line number="468" hits="0" branch="False" />
                <line number="471" hits="143" branch="False" />
                <line number="473" hits="8" branch="False" />
                <line number="474" hits="158" branch="False" />
              </lines>
            </method>
            <method name=".ctor" signature="(System.String,System.Double)" line-rate="1" branch-rate="1" complexity="1">
              <lines>
                <line number="395" hits="7" branch="False" />
                <line number="396" hits="7" branch="False" />
                <line number="397" hits="7" branch="False" />
                <line number="398" hits="7" branch="False" />
                <line number="399" hits="7" branch="False" />
                <line number="400" hits="7" branch="False" />
              </lines>
            </method>
            <method name=".ctor" signature="(System.String,SpreadsheetUtilities.Formula)" line-rate="1" branch-rate="1" complexity="1">
              <lines>
                <line number="407" hits="16" branch="False" />
                <line number="408" hits="16" branch="False" />
                <line number="409" hits="16" branch="False" />
                <line number="410" hits="16" branch="False" />
                <line number="411" hits="16" branch="False" />
              </lines>
            </method>
            <method name=".ctor" signature="(System.String,System.String)" line-rate="1" branch-rate="1" complexity="1">
              <lines>
                <line number="418" hits="9" branch="False" />
                <line number="419" hits="9" branch="False" />
                <line number="420" hits="9" branch="False" />
                <line number="421" hits="9" branch="False" />
                <line number="422" hits="9" branch="False" />
                <line number="424" hits="9" branch="False" />
              </lines>
            </method>
          </methods>
          <lines>
            <line number="428" hits="169" branch="False" />
            <line number="429" hits="169" branch="False" />
            <line number="430" hits="169" branch="False" />
            <line number="439" hits="26" branch="False" />
            <line number="440" hits="26" branch="False" />
            <line number="441" hits="26" branch="False" />
            <line number="447" hits="158" branch="False" />
            <line number="448" hits="158" branch="True" condition-coverage="100% (2/2)">
              <conditions>
                <condition number="7" type="jump" coverage="100%" />
              </conditions>
            </line>
            <line number="449" hits="5" branch="False" />
            <line number="450" hits="5" branch="False" />
            <line number="452" hits="153" branch="True" condition-coverage="100% (4/4)">
              <conditions>
                <condition number="29" type="jump" coverage="100%" />
                <condition number="56" type="jump" coverage="100%" />
              </conditions>
            </line>
            <line number="453" hits="145" branch="False" />
            <line number="454" hits="145" branch="True" condition-coverage="100% (2/2)">
              <conditions>
                <condition number="72" type="jump" coverage="100%" />
              </conditions>
            </line>
            <line number="455" hits="2" branch="False" />
            <line number="456" hits="2" branch="False" />
            <line number="458" hits="572" branch="True" condition-coverage="100% (2/2)">
              <conditions>
                <condition number="173" type="jump" coverage="100%" />
              </conditions>
            </line>
            <line number="459" hits="143" branch="False" />
            <line number="460" hits="143" branch="True" condition-coverage="50% (3/6)">
              <conditions>
                <condition number="106" type="jump" coverage="50%" />
                <condition number="121" type="jump" coverage="50%" />
                <condition number="143" type="jump" coverage="50%" />
              </conditions>
            </line>
            <line number="461" hits="143" branch="False" />
            <line number="462" hits="143" branch="False" />
            <line number="463" hits="143" branch="False" />
            <line number="464" hits="143" branch="False" />
            <line number="467" hits="0" branch="False" />
            <line number="468" hits="0" branch="False" />
            <line number="471" hits="143" branch="False" />
            <line number="473" hits="8" branch="False" />
            <line number="474" hits="158" branch="False" />
            <line number="395" hits="7" branch="False" />
            <line number="396" hits="7" branch="False" />
            <line number="397" hits="7" branch="False" />
            <line number="398" hits="7" branch="False" />
            <line number="399" hits="7" branch="False" />
            <line number="400" hits="7" branch="False" />
            <line number="407" hits="16" branch="False" />
            <line number="408" hits="16" branch="False" />
            <line number="409" hits="16" branch="False" />
            <line number="410" hits="16" branch="False" />
            <line number="411" hits="16" branch="False" />
            <line number="418" hits="9" branch="False" />
            <line number="419" hits="9" branch="False" />
            <line number="420" hits="9" branch="False" />
            <line number="421" hits="9" branch="False" />
            <line number="422" hits="9" branch="False" />
            <line number="424" hits="9" branch="False" />
          </lines>
        </class>
      </classes>
    </package>
    <package name="Formula" line-rate="0.3786" branch-rate="0.37829999999999997" complexity="82">
      <classes>
        <class name="SpreadsheetUtilities.Formula" filename="Formula/Formula.cs" line-rate="0.32630000000000003" branch-rate="0.3428" complexity="75">
          <methods>
            <method name="Evaluate" signature="(System.Func`2&lt;System.String,System.Double&gt;)" line-rate="0" branch-rate="0" complexity="12">
              <lines>
                <line number="176" hits="0" branch="False" />
                <line number="177" hits="0" branch="False" />
                <line number="178" hits="0" branch="False" />
                <line number="181" hits="0" branch="False" />
                <line number="182" hits="0" branch="True" condition-coverage="0% (0/2)">
                  <conditions>
                    <condition number="268" type="jump" coverage="0%" />
                  </conditions>
                </line>
                <line number="183" hits="0" branch="False" />
                <line number="184" hits="0" branch="True" condition-coverage="0% (0/2)">
                  <conditions>
                    <condition number="56" type="jump" coverage="0%" />
                  </conditions>
                </line>
                <line number="185" hits="0" branch="False" />
                <line number="187" hits="0" branch="True" condition-coverage="0% (0/2)">
                  <conditions>
                    <condition number="74" type="jump" coverage="0%" />
                  </conditions>
                </line>
                <line number="188" hits="0" branch="False" />
                <line number="190" hits="0" branch="False" />
                <line number="191" hits="0" branch="False" />
                <line number="192" hits="0" branch="False" />
                <line number="193" hits="0" branch="False" />
                <line number="194" hits="0" branch="False" />
                <line number="195" hits="0" branch="False" />
                <line number="197" hits="0" branch="False" />
                <line number="198" hits="0" branch="False" />
                <line number="199" hits="0" branch="False" />
                <line number="200" hits="0" branch="False" />
                <line number="202" hits="0" branch="True" condition-coverage="0% (0/2)">
                  <conditions>
                    <condition number="164" type="jump" coverage="0%" />
                  </conditions>
                </line>
                <line number="203" hits="0" branch="False" />
                <line number="204" hits="0" branch="False" />
                <line number="205" hits="0" branch="False" />
                <line number="206" hits="0" branch="False" />
                <line number="208" hits="0" branch="True" condition-coverage="0% (0/2)">
                  <conditions>
                    <condition number="202" type="jump" coverage="0%" />
                  </conditions>
                </line>
                <line number="209" hits="0" branch="False" />
                <line number="210" hits="0" branch="False" />
                <line number="211" hits="0" branch="False" />
                <line number="213" hits="0" branch="True" condition-coverage="0% (0/2)">
                  <conditions>
                    <condition number="231" type="jump" coverage="0%" />
                  </conditions>
                </line>
                <line number="214" hits="0" branch="False" />
                <line number="215" hits="0" branch="False" />
                <line number="216" hits="0" branch="False" />
                <line number="217" hits="0" branch="False" />
                <line number="218" hits="0" branch="False" />
                <line number="219" hits="0" branch="False" />
                <line number="220" hits="0" branch="False" />
                <line number="221" hits="0" branch="False" />
                <line number="222" hits="0" branch="False" />
                <line number="223" hits="0" branch="False" />
                <line number="227" hits="0" branch="False" />
                <line number="230" hits="0" branch="False" />
                <line number="231" hits="0" branch="False" />
              </lines>
            </method>
            <method name="EvaluateOperator" signature="(System.Collections.Generic.Stack`1&lt;System.String&gt;,System.Collections.Generic.Stack`1&lt;System.Double&gt;,System.Boolean)" line-rate="0" branch-rate="0" complexity="20">
              <lines>
                <line number="240" hits="0" branch="False" />
                <line number="241" hits="0" branch="True" condition-coverage="0% (0/2)">
                  <conditions>
                    <condition number="12" type="jump" coverage="0%" />
                  </conditions>
                </line>
                <line number="242" hits="0" branch="False" />
                <line number="243" hits="0" branch="True" condition-coverage="0% (0/8)">
                  <conditions>
                    <condition number="19" type="jump" coverage="0%" />
                    <condition number="37" type="jump" coverage="0%" />
                    <condition number="40" type="jump" coverage="0%" />
                    <condition number="66" type="jump" coverage="0%" />
                  </conditions>
                </line>
                <line number="244" hits="0" branch="False" />
                <line number="245" hits="0" branch="True" condition-coverage="0% (0/8)">
                  <conditions>
                    <condition number="96" type="jump" coverage="0%" />
                    <condition number="110" type="jump" coverage="0%" />
                    <condition number="124" type="jump" coverage="0%" />
                    <condition number="138" type="jump" coverage="0%" />
                  </conditions>
                </line>
                <line number="248" hits="0" branch="False" />
                <line number="249" hits="0" branch="False" />
                <line number="251" hits="0" branch="False" />
                <line number="252" hits="0" branch="False" />
                <line number="253" hits="0" branch="False" />
                <line number="255" hits="0" branch="False" />
                <line number="256" hits="0" branch="False" />
                <line number="258" hits="0" branch="False" />
                <line number="259" hits="0" branch="True" condition-coverage="0% (0/2)">
                  <conditions>
                    <condition number="233" type="jump" coverage="0%" />
                  </conditions>
                </line>
                <line number="260" hits="0" branch="False" />
                <line number="262" hits="0" branch="False" />
                <line number="263" hits="0" branch="False" />
                <line number="265" hits="0" branch="False" />
                <line number="266" hits="0" branch="False" />
                <line number="267" hits="0" branch="False" />
              </lines>
            </method>
            <method name="GetVariables" signature="()" line-rate="1" branch-rate="1" complexity="1">
              <lines>
                <line number="281" hits="211" branch="False" />
                <line number="282" hits="638" branch="False" />
                <line number="283" hits="211" branch="False" />
              </lines>
            </method>
            <method name="ToString" signature="()" line-rate="1" branch-rate="1" complexity="1">
              <lines>
                <line number="296" hits="131" branch="False" />
                <line number="297" hits="131" branch="False" />
                <line number="298" hits="131" branch="False" />
              </lines>
            </method>
            <method name="Equals" signature="(System.Object)" line-rate="0.6666" branch-rate="0.5" complexity="2">
              <lines>
                <line number="321" hits="4" branch="False" />
                <line number="322" hits="4" branch="True" condition-coverage="50% (1/2)">
                  <conditions>
                    <condition number="15" type="jump" coverage="50%" />
                  </conditions>
                </line>
                <line number="323" hits="0" branch="False" />
                <line number="324" hits="0" branch="False" />
                <line number="326" hits="4" branch="False" />
                <line number="327" hits="4" branch="False" />
              </lines>
            </method>
            <method name="op_Equality" signature="(SpreadsheetUtilities.Formula,SpreadsheetUtilities.Formula)" line-rate="0" branch-rate="0" complexity="2">
              <lines>
                <line number="335" hits="0" branch="False" />
                <line number="336" hits="0" branch="True" condition-coverage="0% (0/2)">
                  <conditions>
                    <condition number="7" type="jump" coverage="0%" />
                  </conditions>
                </line>
                <line number="337" hits="0" branch="False" />
                <line number="338" hits="0" branch="False" />
                <line number="340" hits="0" branch="False" />
                <line number="341" hits="0" branch="False" />
              </lines>
            </method>
            <method name="op_Inequality" signature="(SpreadsheetUtilities.Formula,SpreadsheetUtilities.Formula)" line-rate="0" branch-rate="1" complexity="1">
              <lines>
                <line number="349" hits="0" branch="False" />
                <line number="350" hits="0" branch="False" />
                <line number="351" hits="0" branch="False" />
              </lines>
            </method>
            <method name="GetHashCode" signature="()" line-rate="0" branch-rate="1" complexity="1">
              <lines>
                <line number="359" hits="0" branch="False" />
                <line number="360" hits="0" branch="False" />
                <line number="361" hits="0" branch="False" />
              </lines>
            </method>
            <method name=".ctor" signature="(System.String)" line-rate="1" branch-rate="1" complexity="1">
              <lines>
                <line number="66" hits="921" branch="False" />
                <line number="67" hits="183" branch="False" />
                <line number="68" hits="183" branch="False" />
              </lines>
            </method>
            <method name=".ctor" signature="(System.String,System.Func`2&lt;System.String,System.String&gt;,System.Func`2&lt;System.String,System.Boolean&gt;)" line-rate="0.6415000000000001" branch-rate="0.6764" complexity="34">
              <lines>
                <line number="92" hits="183" branch="False" />
                <line number="93" hits="183" branch="False" />
                <line number="94" hits="183" branch="False" />
                <line number="95" hits="183" branch="False" />
                <line number="96" hits="183" branch="False" />
                <line number="98" hits="1283" branch="True" condition-coverage="100% (2/2)">
                  <conditions>
                    <condition number="348" type="jump" coverage="100%" />
                  </conditions>
                </line>
                <line number="99" hits="367" branch="False" />
                <line number="101" hits="367" branch="True" condition-coverage="75% (3/4)">
                  <conditions>
                    <condition number="50" type="jump" coverage="100%" />
                    <condition number="70" type="jump" coverage="50%" />
                  </conditions>
                </line>
                <line number="102" hits="0" branch="False" />
                <line number="103" hits="0" branch="False" />
                <line number="104" hits="0" branch="False" />
                <line number="105" hits="0" branch="False" />
                <line number="106" hits="367" branch="True" condition-coverage="75% (3/4)">
                  <conditions>
                    <condition number="97" type="jump" coverage="100%" />
                    <condition number="117" type="jump" coverage="50%" />
                  </conditions>
                </line>
                <line number="107" hits="0" branch="False" />
                <line number="108" hits="0" branch="False" />
                <line number="109" hits="0" branch="True" condition-coverage="0% (0/2)">
                  <conditions>
                    <condition number="132" type="jump" coverage="0%" />
                  </conditions>
                </line>
                <line number="110" hits="0" branch="False" />
                <line number="111" hits="0" branch="False" />
                <line number="113" hits="0" branch="False" />
                <line number="114" hits="0" branch="False" />
                <line number="115" hits="367" branch="True" condition-coverage="100% (4/4)">
                  <conditions>
                    <condition number="166" type="jump" coverage="100%" />
                    <condition number="186" type="jump" coverage="100%" />
                  </conditions>
                </line>
                <line number="116" hits="92" branch="False" />
                <line number="117" hits="92" branch="False" />
                <line number="118" hits="92" branch="False" />
                <line number="119" hits="92" branch="False" />
                <line number="120" hits="275" branch="True" condition-coverage="75% (3/4)">
                  <conditions>
                    <condition number="211" type="jump" coverage="50%" />
                    <condition number="228" type="jump" coverage="100%" />
                  </conditions>
                </line>
                <line number="121" hits="29" branch="False" />
                <line number="122" hits="29" branch="False" />
                <line number="123" hits="29" branch="False" />
                <line number="124" hits="29" branch="False" />
                <line number="125" hits="246" branch="True" condition-coverage="50% (3/6)">
                  <conditions>
                    <condition number="256" type="jump" coverage="50%" />
                    <condition number="269" type="jump" coverage="50%" />
                    <condition number="291" type="jump" coverage="50%" />
                  </conditions>
                </line>
                <line number="126" hits="246" branch="False" />
                <line number="127" hits="246" branch="False" />
                <line number="128" hits="246" branch="False" />
                <line number="129" hits="246" branch="False" />
                <line number="131" hits="0" branch="False" />
[...]
                <line number="137" hits="0" branch="False" />
                <line number="139" hits="183" branch="True" condition-coverage="50% (1/2)">
                  <conditions>
                    <condition number="403" type="jump" coverage="50%" />
                  </conditions>
                </line>
                <line number="140" hits="0" branch="False" />
                <line number="141" hits="0" branch="False" />
                <line number="143" hits="183" branch="True" condition-coverage="50% (1/2)">
                  <conditions>
                    <condition number="425" type="jump" coverage="50%" />
                  </conditions>
                </line>
                <line number="144" hits="0" branch="False" />
                <line number="145" hits="0" branch="False" />
                <line number="147" hits="183" branch="False" />
                <line number="148" hits="1283" branch="True" condition-coverage="100% (2/2)">
                  <conditions>
                    <condition number="503" type="jump" coverage="100%" />
                  </conditions>
                </line>
                <line number="149" hits="367" branch="False" />
                <line number="150" hits="367" branch="False" />
                <line number="151" hits="367" branch="False" />
                <line number="152" hits="183" branch="False" />
              </lines>
            </method>
          </methods>
          <lines>
            <line number="176" hits="0" branch="False" />
            <line number="177" hits="0" branch="False" />
            <line number="178" hits="0" branch="False" />
            <line number="181" hits="0" branch="False" />
            <line number="182" hits="0" branch="True" condition-coverage="0% (0/2)">
              <conditions>
                <condition number="268" type="jump" coverage="0%" />
              </conditions>
            </line>
            <line number="183" hits="0" branch="False" />
            <line number="184" hits="0" branch="True" condition-coverage="0% (0/2)">
              <conditions>
                <condition number="56" type="jump" coverage="0%" />
              </conditions>
            </line>
            <line number="185" hits="0" branch="False" />
            <line number="187" hits="0" branch="True" condition-coverage="0% (0/2)">
              <conditions>
                <condition number="74" type="jump" coverage="0%" />
              </conditions>
            </line>
            <line number="188" hits="0" branch="False" />
            <line number="190" hits="0" branch="False" />
            <line number="191" hits="0" branch="False" />
            <line number="192" hits="0" branch="False" />
            <line number="193" hits="0" branch="False" />
            <line number="194" hits="0" branch="False" />
            <line number="195" hits="0" branch="False" />
            <line number="197" hits="0" branch="False" />
            <line number="198" hits="0" branch="False" />
            <line number="199" hits="0" branch="False" />
            <line number="200" hits="0" branch="False" />
            <line number="202" hits="0" branch="True" condition-coverage="0% (0/2)">
              <conditions>
                <condition number="164" type="jump" coverage="0%" />
              </conditions>
            </line>
            <line number="203" hits="0" branch="False" />
            <line number="204" hits="0" branch="False" />
            <line number="205" hits="0" branch="False" />
            <line number="206" hits="0" branch="False" />
            <line number="208" hits="0" branch="True" condition-coverage="0% (0/2)">
              <conditions>
                <condition number="202" type="jump" coverage="0%" />
              </conditions>
            </line>
            <line number="209" hits="0" branch="False" />
            <line number="210" hits="0" branch="False" />
            <line number="211" hits="0" branch="False" />
            <line number="213" hits="0" branch="True" condition-coverage="0% (0/2)">
              <conditions>
                <condition number="231" type="jump" coverage="0%" />
              </conditions>
            </line>
            <line number="214" hits="0" branch="False" />
            <line number="215" hits="0" branch="False" />
            <line number="216" hits="0" branch="False" />
            <line number="217" hits="0" branch="False" />
            <line number="218" hits="0" branch="False" />
            <line number="219" hits="0" branch="False" />
            <line number="220" hits="0" branch="False" />
            <line number="221" hits="0" branch="False" />
            <line number="222" hits="0" branch="False" />
            <line number="223" hits="0" branch="False" />
            <line number="227" hits="0" branch="False" />
            <line number="230" hits="0" branch="False" />
            <line number="231" hits="0" branch="False" />
            <line number="240" hits="0" branch="False" />
            <line number="241" hits="0" branch="True" condition-coverage="0% (0/2)">
              <conditions>
                <condition number="12" type="jump" coverage="0%" />
              </conditions>
            </line>
            <line number="242" hits="0" branch="False" />
            <line number="243" hits="0" branch="True" condition-coverage="0% (0/8)">
              <conditions>
                <condition number="19" type="jump" coverage="0%" />
                <condition number="37" type="jump" coverage="0%" />
                <condition number="40" type="jump" coverage="0%" />
                <condition number="66" type="jump" coverage="0%" />
              </conditions>
            </line>
            <line number="244" hits="0" branch="False" />
            <line number="245" hits="0" branch="True" condition-coverage="0% (0/8)">
              <conditions>
                <condition number="96" type="jump" coverage="0%" />
                <condition number="110" type="jump" coverage="0%" />
                <condition number="124" type="jump" coverage="0%" />
                <condition number="138" type="jump" coverage="0%" />
              </conditions>
            </line>
            <line number="248" hits="0" branch="False" />
            <line number="249" hits="0" branch="False" />
            <line number="251" hits="0" branch="False" />
            <line number="252" hits="0" branch="False" />
            <line number="253" hits="0" branch="False" />
            <line number="255" hits="0" branch="False" />
            <line number="256" hits="0" branch="False" />
            <line number="258" hits="0" branch="False" />
            <line number="259" hits="0" branch="True" condition-coverage="0% (0/2)">
              <conditions>
                <condition number="233" type="jump" coverage="0%" />
              </conditions>
            </line>
            <line number="260" hits="0" branch="False" />
            <line number="262" hits="0" branch="False" />
            <line number="263" hits="0" branch="False" />
            <line number="265" hits="0" branch="False" />
            <line number="266" hits="0" branch="False" />
            <line number="267" hits="0" branch="False" />
            <line number="281" hits="211" branch="False" />
            <line number="282" hits="638" branch="False" />
            <line number="283" hits="211" branch="False" />
            <line number="296" hits="131" branch="False" />
            <line number="297" hits="131" branch="False" />
            <line number="298" hits="131" branch="False" />
            <line number="321" hits="4" branch="False" />
            <line number="322" hits="4" branch="True" condition-coverage="50% (1/2)">
              <conditions>
                <condition number="15" type="jump" coverage="50%" />
              </conditions>
            </line>
            <line number="323" hits="0" branch="False" />
            <line number="324" hits="0" branch="False" />
            <line number="326" hits="4" branch="False" />
            <line number="327" hits="4" branch="False" />
            <line number="335" hits="0" branch="False" />
            <line number="336" hits="0" branch="True" condition-coverage="0% (0/2)">
              <conditions>
                <condition number="7" type="jump" coverage="0%" />
              </conditions>
            </line>
            <line number="337" hits="0" branch="False" />
            <line number="338" hits="0" branch="False" />
            <line number="340" hits="0" branch="False" />
            <line number="341" hits="0" branch="False" />
            <line number="349" hits="0" branch="False" />
            <line number="350" hits="0" branch="False" />
            <line number="351" hits="0" branch="False" />
            <line number="359" hits="0" branch="False" />
            <line number="360" hits="0" branch="False" />
            <line number="361" hits="0" branch="False" />
            <line number="66" hits="921" branch="False" />
            <line number="67" hits="183" branch="False" />
            <line number="68" hits="183" branch="False" />
            <line number="92" hits="183" branch="False" />
            <line number="93" hits="183" branch="False" />
            <line number="94" hits="183" branch="False" />
            <line number="95" hits="183" branch="False" />
            <line number="96" hits="183" branch="False" />
            <line number="98" hits="1283" branch="True" condition-coverage="100% (2/2)">
              <conditions>
                <condition number="348" type="jump" coverage="100%" />
              </conditions>
            </line>
            <line number="99" hits="367" branch="False" />
            <line number="101" hits="367" branch="True" condition-coverage="75% (3/4)">
              <conditions>
                <condition number="50" type="jump" coverage="100%" />
                <condition number="70" type="jump" coverage="50%" />
              </conditions>
            </line>
            <line number="102" hits="0" branch="False" />
            <line number="103" hits="0" branch="False" />
            <line number="104" hits="0" branch="False" />
            <line number="105" hits="0" branch="False" />
            <line number="106" hits="367" branch="True" condition-coverage="75% (3/4)">
              <conditions>
                <condition number="97" type="jump" coverage="100%" />
                <condition number="117" type="jump" coverage="50%" />
              </conditions>
            </line>
            <line number="107" hits="0" branch="False" />
            <line number="108" hits="0" branch="False" />
            <line number="109" hits="0" branch="True" condition-coverage="0% (0/2)">
              <conditions>
                <condition number="132" type="jump" coverage="0%" />
              </conditions>
            </line>
            <line number="110" hits="0" branch="False" />
            <line number="111" hits="0" branch="False" />
            <line number="113" hits="0" branch="False" />
            <line number="114" hits="0" branch="False" />
            <line number="115" hits="367" branch="True" condition-coverage="100% (4/4)">
              <conditions>
                <condition number="166" type="jump" coverage="100%" />
                <condition number="186" type="jump" coverage="100%" />
              </conditions>
            </line>
            <line number="116" hits="92" branch="False" />
            <line number="117" hits="92" branch="False" />
            <line number="118" hits="92" branch="False" />
            <line number="119" hits="92" branch="False" />
            <line number="120" hits="275" branch="True" condition-coverage="75% (3/4)">
              <conditions>
                <condition number="211" type="jump" coverage="50%" />
                <condition number="228" type="jump" coverage="100%" />
              </conditions>
            </line>
            <line number="121" hits="29" branch="False" />
            <line number="122" hits="29" branch="False" />
            <line number="123" hits="29" branch="False" />
            <line number="124" hits="29" branch="False" />
            <line number="125" hits="246" branch="True" condition-coverage="50% (3/6)">
              <conditions>
                <condition number="256" type="jump" coverage="50%" />
                <condition number="269" type="jump" coverage="50%" />
                <condition number="291" type="jump" coverage="50%" />
              </conditions>
            </line>
            <line number="126" hits="246" branch="False" />
            <line number="127" hits="246" branch="False" />
            <line number="128" hits="246" branch="False" />
            <line number="129" hits="246" branch="False" />
            <line number="131" hits="0" branch="False" />
            <line number="132" hits="0" branch="False" />
            <line number="134" hits="367" branch="False" />
            <line number="135" hits="183" branch="True" condition-coverage="50% (1/2)">
              <conditions>
                <condition number="384" type="jump" coverage="50%" />
              </conditions>
            </line>
            <line number="136" hits="0" branch="False" />
            <line number="137" hits="0" branch="False" />
            <line number="139" hits="183" branch="True" condition-coverage="50% (1/2)">
              <conditions>
                <condition number="403" type="jump" coverage="50%" />
              </conditions>
            </line>
            <line number="140" hits="0" branch="False" />
            <line number="141" hits="0" branch="False" />
            <line number="143" hits="183" branch="True" condition-coverage="50% (1/2)">
              <conditions>
                <condition number="425" type="jump" coverage="50%" />
              </conditions>
            </line>
            <line number="144" hits="0" branch="False" />
            <line number="145" hits="0" branch="False" />
            <line number="147" hits="183" branch="False" />
            <line number="148" hits="1283" branch="True" condition-coverage="100% (2/2)">
              <conditions>
                <condition number="503" type="jump" coverage="100%" />
              </conditions>
            </line>
            <line number="149" hits="367" branch="False" />
            <line number="150" hits="367" branch="False" />
            <line number="151" hits="367" branch="False" />
            <line number="152" hits="183" branch="False" />
          </lines>
        </class>
        <class name="SpreadsheetUtilities.Formula/&lt;GetTokens&gt;d__12" filename="Formula/Formula.cs" line-rate="1" branch-rate="1" complexity="4">
          <methods>
            <method name="MoveNext" signature="()" line-rate="1" branch-rate="1" complexity="4">
              <lines>
                <line number="370" hits="183" branch="False" />
                <line number="372" hits="183" branch="False" />
                <line number="373" hits="183" branch="False" />
                <line number="374" hits="183" branch="False" />
                <line number="375" hits="183" branch="False" />
                <line number="376" hits="183" branch="False" />
                <line number="377" hits="183" branch="False" />
                <line number="380" hits="183" branch="False" />
                <line number="381" hits="183" branch="False" />
                <line number="384" hits="2391" branch="True" condition-coverage="100% (2/2)">
                  <conditions>
                    <condition number="323" type="jump" coverage="100%" />
                  </conditions>
                </line>
                <line number="385" hits="921" branch="False" />
                <line number="386" hits="921" branch="True" condition-coverage="100% (2/2)">
                  <conditions>
                    <condition number="255" type="jump" coverage="100%" />
                  </conditions>
                </line>
                <line number="387" hits="367" branch="False" />
                <line number="388" hits="367" branch="False" />
                <line number="389" hits="367" branch="False" />
                <line number="390" hits="921" branch="False" />
                <line number="392" hits="183" branch="False" />
              </lines>
            </method>
          </methods>
          <lines>
            <line number="370" hits="183" branch="False" />
            <line number="372" hits="183" branch="False" />
            <line number="373" hits="183" branch="False" />
            <line number="374" hits="183" branch="False" />
            <line number="375" hits="183" branch="False" />
            <line number="376" hits="183" branch="False" />
            <line number="377" hits="183" branch="False" />
            <line number="380" hits="183" branch="False" />
            <line number="381" hits="183" branch="False" />
            <line number="384" hits="2391" branch="True" condition-coverage="100% (2/2)">
              <conditions>
                <condition number="323" type="jump" coverage="100%" />
              </conditions>
            </line>
            <line number="385" hits="921" branch="False" />
            <line number="386" hits="921" branch="True" condition-coverage="100% (2/2)">
              <conditions>
                <condition number="255" type="jump" coverage="100%" />
              </conditions>
            </line>
            <line number="387" hits="367" branch="False" />
            <line number="388" hits="367" branch="False" />
            <line number="389" hits="367" branch="False" />
            <line number="390" hits="921" branch="False" />
            <line number="392" hits="183" branch="False" />
          </lines>
        </class>
        <class name="SpreadsheetUtilities.FormulaFormatException" filename="Formula/Formula.cs" line-rate="0" branch-rate="1" complexity="1">
          <methods>
            <method name=".ctor" signature="(System.String)" line-rate="0" branch-rate="1" complexity="1">
              <lines>
                <line number="404" hits="0" branch="False" />
                <line number="405" hits="0" branch="False" />
                <line number="406" hits="0" branch="False" />
              </lines>
            </method>
          </methods>
          <lines>
            <line number="404" hits="0" branch="False" />
            <line number="405" hits="0" branch="False" />
            <line number="406" hits="0" branch="False" />
          </lines>
        </class>
        <class name="SpreadsheetUtilities.FormulaError" filename="Formula/Formula.cs" line-rate="0" branch-rate="1" complexity="2">
          <methods>
            <method name="get_Reason" signature="()" line-rate="0" branch-rate="1" complexity="1">
              <lines>
                <line number="428" hits="0" branch="False" />
              </lines>
            </method>
            <method name=".ctor" signature="(System.String)" line-rate="0" branch-rate="1" complexity="1">
              <lines>
                <line number="419" hits="0" branch="False" />
                <line number="420" hits="0" branch="False" />
                <line number="421" hits="0" branch="False" />
                <line number="422" hits="0" branch="False" />
              </lines>
            </method>
          </methods>
          <lines>
            <line number="428" hits="0" branch="False" />
            <line number="419" hits="0" branch="False" />
            <line number="420" hits="0" branch="False" />
            <line number="421" hits="0" branch="False" />
            <line number="422" hits="0" branch="False" />
          </lines>
        </class>
      </classes>
    </package>
  </packages>
</coverage>