<?xml version="1.0" encoding="utf-8"?>
<coverage line-rate="0.7222" branch-rate="0.647" version="1.9" timestamp="1664596501" lines-covered="377" lines-valid="522" branches-covered="110" branches-valid="170">
  <sources>
    <source>/Users/clintonkwong/Projects/spreadsheet-clintonkwong/Spreadsheet/</source>
  </sources>
  <packages>
    <package name="DependencyGraph" line-rate="0.6597" branch-rate="0.647" complexity="37">
      <classes>
        <class name="SpreadsheetUtilities.DependencyGraph" filename="DependencyGraph/DependencyGraph.cs" line-rate="0.6597" branch-rate="0.647" complexity="37">
          <methods>
            <method name="get_Size" signature="()" line-rate="1" branch-rate="1" complexity="1">
              <lines>
                <line number="74" hits="9" branch="False" />
              </lines>
            </method>
            <method name="set_Size" signature="(System.Int32)" line-rate="1" branch-rate="1" complexity="1">
              <lines>
                <line number="75" hits="41" branch="False" />
              </lines>
            </method>
            <method name="get_Item" signature="(System.String)" line-rate="0" branch-rate="0" complexity="2">
              <lines>
                <line number="89" hits="0" branch="False" />
                <line number="90" hits="0" branch="True" condition-coverage="0% (0/2)">
                  <conditions>
                    <condition number="15" type="jump" coverage="0%" />
                  </conditions>
                </line>
                <line number="91" hits="0" branch="False" />
                <line number="92" hits="0" branch="False" />
                <line number="95" hits="0" branch="False" />
                <line number="96" hits="0" branch="False" />
                <line number="98" hits="0" branch="False" />
              </lines>
            </method>
            <method name="HasDependents" signature="(System.String)" line-rate="0" branch-rate="0" complexity="2">
              <lines>
                <line number="106" hits="0" branch="False" />
                <line number="107" hits="0" branch="True" condition-coverage="0% (0/2)">
                  <conditions>
                    <condition number="15" type="jump" coverage="0%" />
                  </conditions>
                </line>
                <line number="108" hits="0" branch="False" />
                <line number="109" hits="0" branch="False" />
                <line number="112" hits="0" branch="False" />
                <line number="113" hits="0" branch="False" />
                <line number="115" hits="0" branch="False" />
              </lines>
            </method>
            <method name="HasDependees" signature="(System.String)" line-rate="0" branch-rate="0" complexity="2">
              <lines>
                <line number="122" hits="0" branch="False" />
                <line number="124" hits="0" branch="True" condition-coverage="0% (0/2)">
                  <conditions>
                    <condition number="15" type="jump" coverage="0%" />
                  </conditions>
                </line>
                <line number="125" hits="0" branch="False" />
                <line number="126" hits="0" branch="False" />
                <line number="129" hits="0" branch="False" />
                <line number="130" hits="0" branch="False" />
                <line number="132" hits="0" branch="False" />
              </lines>
            </method>
            <method name="GetDependents" signature="(System.String)" line-rate="1" branch-rate="1" complexity="2">
              <lines>
                <line number="139" hits="29" branch="False" />
                <line number="140" hits="29" branch="True" condition-coverage="100% (2/2)">
                  <conditions>
                    <condition number="15" type="jump" coverage="100%" />
                  </conditions>
                </line>
                <line number="141" hits="6" branch="False" />
                <line number="142" hits="6" branch="False" />
                <line number="145" hits="23" branch="False" />
                <line number="146" hits="23" branch="False" />
                <line number="148" hits="29" branch="False" />
              </lines>
            </method>
            <method name="GetDependees" signature="(System.String)" line-rate="1" branch-rate="1" complexity="2">
              <lines>
                <line number="154" hits="39" branch="False" />
                <line number="155" hits="39" branch="True" condition-coverage="100% (2/2)">
                  <conditions>
                    <condition number="15" type="jump" coverage="100%" />
                  </conditions>
                </line>
                <line number="156" hits="30" branch="False" />
                <line number="157" hits="30" branch="False" />
                <line number="160" hits="9" branch="False" />
                <line number="161" hits="9" branch="False" />
                <line number="163" hits="39" branch="False" />
              </lines>
            </method>
            <method name="AddDependency" signature="(System.String,System.String)" line-rate="1" branch-rate="0.75" complexity="4">
              <lines>
                <line number="177" hits="7" branch="False" />
                <line number="178" hits="7" branch="False" />
                <line number="179" hits="7" branch="False" />
                <line number="180" hits="14" branch="True" condition-coverage="75% (3/4)">
                  <conditions>
                    <condition number="35" type="jump" coverage="50%" />
                    <condition number="60" type="jump" coverage="100%" />
                  </conditions>
                </line>
                <line number="181" hits="7" branch="False" />
                <line number="182" hits="7" branch="False" />
                <line number="184" hits="7" branch="False" />
              </lines>
            </method>
            <method name="AddHelper" signature="(System.String)" line-rate="1" branch-rate="1" complexity="2">
              <lines>
                <line number="191" hits="48" branch="False" />
                <line number="192" hits="48" branch="True" condition-coverage="100% (2/2)">
                  <conditions>
                    <condition number="18" type="jump" coverage="100%" />
                  </conditions>
                </line>
                <line number="193" hits="35" branch="False" />
                <line number="194" hits="35" branch="False" />
                <line number="195" hits="35" branch="False" />
                <line number="196" hits="35" branch="False" />
                <line number="197" hits="48" branch="False" />
              </lines>
            </method>
            <method name="RemoveDependency" signature="(System.String,System.String)" line-rate="1" branch-rate="0.75" complexity="4">
              <lines>
                <line number="206" hits="2" branch="False" />
                <line number="207" hits="2" branch="False" />
                <line number="208" hits="2" branch="False" />
                <line number="209" hits="4" branch="True" condition-coverage="75% (3/4)">
                  <conditions>
                    <condition number="35" type="jump" coverage="50%" />
                    <condition number="60" type="jump" coverage="100%" />
                  </conditions>
                </line>
                <line number="210" hits="2" branch="False" />
                <line number="211" hits="2" branch="False" />
                <line number="212" hits="2" branch="False" />
                <line number="213" hits="2" branch="False" />
                <line number="214" hits="2" branch="False" />
              </lines>
            </method>
            <method name="RemoveHelper" signature="(System.String)" line-rate="1" branch-rate="1" complexity="6">
              <lines>
                <line number="221" hits="34" branch="False" />
                <line number="222" hits="34" branch="True" condition-coverage="100% (6/6)">
                  <conditions>
                    <condition number="13" type="jump" coverage="100%" />
                    <condition number="32" type="jump" coverage="100%" />
                    <condition number="59" type="jump" coverage="100%" />
                  </conditions>
                </line>
                <line number="223" hits="25" branch="False" />
                <line number="224" hits="25" branch="False" />
                <line number="225" hits="25" branch="False" />
                <line number="226" hits="25" branch="False" />
                <line number="227" hits="34" branch="False" />
              </lines>
            </method>
            <method name="ReplaceDependents" signature="(System.String,System.Collections.Generic.IEnumerable`1&lt;System.String&gt;)" line-rate="0" branch-rate="0" complexity="4">
              <lines>
                <line number="235" hits="0" branch="False" />
                <line number="236" hits="0" branch="False" />
                <line number="237" hits="0" branch="True" condition-coverage="0% (0/2)">
                  <conditions>
                    <condition number="56" type="jump" coverage="0%" />
                  </conditions>
                </line>
                <line number="238" hits="0" branch="False" />
                <line number="239" hits="0" branch="False" />
                <line number="240" hits="0" branch="False" />
                <line number="241" hits="0" branch="True" condition-coverage="0% (0/2)">
                  <conditions>
                    <condition number="109" type="jump" coverage="0%" />
                  </conditions>
                </line>
                <line number="242" hits="0" branch="False" />
                <line number="243" hits="0" branch="False" />
                <line number="244" hits="0" branch="False" />
                <line number="245" hits="0" branch="False" />
                <line number="246" hits="0" branch="False" />
              </lines>
            </method>
            <method name="ReplaceDependees" signature="(System.String,System.Collections.Generic.IEnumerable`1&lt;System.String&gt;)" line-rate="1" branch-rate="1" complexity="4">
              <lines>
                <line number="254" hits="30" branch="False" />
                <line number="255" hits="30" branch="False" />
                <line number="256" hits="94" branch="True" condition-coverage="100% (2/2)">
                  <conditions>
                    <condition number="56" type="jump" coverage="100%" />
                  </conditions>
                </line>
                <line number="257" hits="2" branch="False" />
                <line number="258" hits="2" branch="False" />
                <line number="259" hits="2" branch="False" />
                <line number="260" hits="104" branch="True" condition-coverage="100% (2/2)">
                  <conditions>
                    <condition number="109" type="jump" coverage="100%" />
                  </conditions>
                </line>
                <line number="261" hits="7" branch="False" />
                <line number="262" hits="7" branch="False" />
                <line number="263" hits="7" branch="False" />
                <line number="264" hits="30" branch="False" />
                <line number="265" hits="30" branch="False" />
              </lines>
            </method>
            <method name=".ctor" signature="()" line-rate="1" branch-rate="1" complexity="1">
              <lines>
                <line number="49" hits="32" branch="False" />
                <line number="50" hits="32" branch="False" />
                <line number="51" hits="32" branch="False" />
                <line number="52" hits="32" branch="False" />
                <line number="53" hits="32" branch="False" />
                <line number="54" hits="32" branch="False" />
              </lines>
            </method>
          </methods>
          <lines>
            <line number="74" hits="9" branch="False" />
            <line number="75" hits="41" branch="False" />
            <line number="89" hits="0" branch="False" />
            <line number="90" hits="0" branch="True" condition-coverage="0% (0/2)">
              <conditions>
                <condition number="15" type="jump" coverage="0%" />
              </conditions>
            </line>
            <line number="91" hits="0" branch="False" />
            <line number="92" hits="0" branch="False" />
            <line number="95" hits="0" branch="False" />
            <line number="96" hits="0" branch="False" />
            <line number="98" hits="0" branch="False" />
            <line number="106" hits="0" branch="False" />
            <line number="107" hits="0" branch="True" condition-coverage="0% (0/2)">
              <conditions>
                <condition number="15" type="jump" coverage="0%" />
              </conditions>
            </line>
            <line number="108" hits="0" branch="False" />
            <line number="109" hits="0" branch="False" />
            <line number="112" hits="0" branch="False" />
            <line number="113" hits="0" branch="False" />
            <line number="115" hits="0" branch="False" />
            <line number="122" hits="0" branch="False" />
            <line number="124" hits="0" branch="True" condition-coverage="0% (0/2)">
              <conditions>
                <condition number="15" type="jump" coverage="0%" />
              </conditions>
            </line>
            <line number="125" hits="0" branch="False" />
            <line number="126" hits="0" branch="False" />
            <line number="129" hits="0" branch="False" />
            <line number="130" hits="0" branch="False" />
            <line number="132" hits="0" branch="False" />
            <line number="139" hits="29" branch="False" />
            <line number="140" hits="29" branch="True" condition-coverage="100% (2/2)">
              <conditions>
                <condition number="15" type="jump" coverage="100%" />
              </conditions>
            </line>
            <line number="141" hits="6" branch="False" />
            <line number="142" hits="6" branch="False" />
            <line number="145" hits="23" branch="False" />
            <line number="146" hits="23" branch="False" />
            <line number="148" hits="29" branch="False" />
            <line number="154" hits="39" branch="False" />
            <line number="155" hits="39" branch="True" condition-coverage="100% (2/2)">
              <conditions>
                <condition number="15" type="jump" coverage="100%" />
              </conditions>
            </line>
            <line number="156" hits="30" branch="False" />
            <line number="157" hits="30" branch="False" />
            <line number="160" hits="9" branch="False" />
            <line number="161" hits="9" branch="False" />
            <line number="163" hits="39" branch="False" />
            <line number="177" hits="7" branch="False" />
            <line number="178" hits="7" branch="False" />
            <line number="179" hits="7" branch="False" />
            <line number="180" hits="14" branch="True" condition-coverage="75% (3/4)">
              <conditions>
                <condition number="35" type="jump" coverage="50%" />
                <condition number="60" type="jump" coverage="100%" />
              </conditions>
            </line>
            <line number="181" hits="7" branch="False" />
            <line number="182" hits="7" branch="False" />
            <line number="184" hits="7" branch="False" />
            <line number="191" hits="48" branch="False" />
            <line number="192" hits="48" branch="True" condition-coverage="100% (2/2)">
              <conditions>
                <condition number="18" type="jump" coverage="100%" />
              </conditions>
            </line>
            <line number="193" hits="35" branch="False" />
            <line number="194" hits="35" branch="False" />
            <line number="195" hits="35" branch="False" />
            <line number="196" hits="35" branch="False" />
            <line number="197" hits="48" branch="False" />
            <line number="206" hits="2" branch="False" />
            <line number="207" hits="2" branch="False" />
            <line number="208" hits="2" branch="False" />
            <line number="209" hits="4" branch="True" condition-coverage="75% (3/4)">
              <conditions>
                <condition number="35" type="jump" coverage="50%" />
                <condition number="60" type="jump" coverage="100%" />
              </conditions>
            </line>
            <line number="210" hits="2" branch="False" />
            <line number="211" hits="2" branch="False" />
            <line number="212" hits="2" branch="False" />
            <line number="213" hits="2" branch="False" />
            <line number="214" hits="2" branch="False" />
            <line number="221" hits="34" branch="False" />
            <line number="222" hits="34" branch="True" condition-coverage="100% (6/6)">
              <conditions>
                <condition number="13" type="jump" coverage="100%" />
                <condition number="32" type="jump" coverage="100%" />
                <condition number="59" type="jump" coverage="100%" />
              </conditions>
            </line>
            <line number="223" hits="25" branch="False" />
            <line number="224" hits="25" branch="False" />
            <line number="225" hits="25" branch="False" />
            <line number="226" hits="25" branch="False" />
            <line number="227" hits="34" branch="False" />
            <line number="235" hits="0" branch="False" />
            <line number="236" hits="0" branch="False" />
            <line number="237" hits="0" branch="True" condition-coverage="0% (0/2)">
              <conditions>
                <condition number="56" type="jump" coverage="0%" />
              </conditions>
            </line>
            <line number="238" hits="0" branch="False" />
            <line number="239" hits="0" branch="False" />
            <line number="240" hits="0" branch="False" />
            <line number="241" hits="0" branch="True" condition-coverage="0% (0/2)">
              <conditions>
                <condition number="109" type="jump" coverage="0%" />
              </conditions>
            </line>
            <line number="242" hits="0" branch="False" />
            <line number="243" hits="0" branch="False" />
            <line number="244" hits="0" branch="False" />
            <line number="245" hits="0" branch="False" />
            <line number="246" hits="0" branch="False" />
            <line number="254" hits="30" branch="False" />
            <line number="255" hits="30" branch="False" />
            <line number="256" hits="94" branch="True" condition-coverage="100% (2/2)">
              <conditions>
                <condition number="56" type="jump" coverage="100%" />
              </conditions>
            </line>
            <line number="257" hits="2" branch="False" />
            <line number="258" hits="2" branch="False" />
            <line number="259" hits="2" branch="False" />
            <line number="260" hits="104" branch="True" condition-coverage="100% (2/2)">
              <conditions>
                <condition number="109" type="jump" coverage="100%" />
              </conditions>
            </line>
            <line number="261" hits="7" branch="False" />
            <line number="262" hits="7" branch="False" />
            <line number="263" hits="7" branch="False" />
            <line number="264" hits="30" branch="False" />
            <line number="265" hits="30" branch="False" />
            <line number="49" hits="32" branch="False" />
            <line number="50" hits="32" branch="False" />
            <line number="51" hits="32" branch="False" />
            <line number="52" hits="32" branch="False" />
            <line number="53" hits="32" branch="False" />
            <line number="54" hits="32" branch="False" />
          </lines>
        </class>
      </classes>
    </package>
    <package name="Spreadsheet" line-rate="0.871" branch-rate="0.8709" complexity="79">
      <classes>
        <class name="SS.SpreadsheetReadWriteException" filename="Spreadsheet/AbstractSpreadsheet.cs" line-rate="1" branch-rate="1" complexity="1">
          <methods>
            <method name=".ctor" signature="(System.String)" line-rate="1" branch-rate="1" complexity="1">
              <lines>
                <line number="65" hits="3" branch="False" />
                <line number="66" hits="3" branch="False" />
                <line number="67" hits="3" branch="False" />
              </lines>
            </method>
          </methods>
          <lines>
            <line number="65" hits="3" branch="False" />
            <line number="66" hits="3" branch="False" />
            <line number="67" hits="3" branch="False" />
          </lines>
        </class>
        <class name="SS.AbstractSpreadsheet" filename="Spreadsheet/AbstractSpreadsheet.cs" line-rate="0.8275" branch-rate="0.5" complexity="11">
          <methods>
            <method name="get_IsValid" signature="()" line-rate="1" branch-rate="1" complexity="1">
              <lines>
                <line number="133" hits="82" branch="False" />
              </lines>
            </method>
            <method name="get_Normalize" signature="()" line-rate="1" branch-rate="1" complexity="1">
              <lines>
                <line number="140" hits="87" branch="False" />
              </lines>
            </method>
            <method name="get_Version" signature="()" line-rate="1" branch-rate="1" complexity="1">
              <lines>
                <line number="147" hits="38" branch="False" />
              </lines>
            </method>
            <method name="GetCellsToRecalculate" signature="(System.String)" line-rate="1" branch-rate="1" complexity="1">
              <lines>
                <line number="344" hits="29" branch="False" />
                <line number="345" hits="29" branch="False" />
                <line number="346" hits="29" branch="False" />
                <line number="347" hits="29" branch="False" />
                <line number="348" hits="28" branch="False" />
                <line number="349" hits="28" branch="False" />
              </lines>
            </method>
            <method name="Visit" signature="(System.String,System.String,System.Collections.Generic.ISet`1&lt;System.String&gt;,System.Collections.Generic.LinkedList`1&lt;System.String&gt;)" line-rate="0.6428" branch-rate="0.5" complexity="6">
              <lines>
                <line number="358" hits="29" branch="False" />
                <line number="359" hits="29" branch="False" />
                <line number="360" hits="88" branch="True" condition-coverage="100% (2/2)">
                  <conditions>
                    <condition number="86" type="jump" coverage="100%" />
                  </conditions>
                </line>
                <line number="361" hits="1" branch="False" />
                <line number="362" hits="1" branch="True" condition-coverage="50% (1/2)">
                  <conditions>
                    <condition number="42" type="jump" coverage="50%" />
                  </conditions>
                </line>
                <line number="363" hits="1" branch="False" />
                <line number="364" hits="1" branch="False" />
                <line number="366" hits="0" branch="True" condition-coverage="0% (0/2)">
                  <conditions>
                    <condition number="63" type="jump" coverage="0%" />
                  </conditions>
                </line>
                <line number="367" hits="0" branch="False" />
                <line number="368" hits="0" branch="False" />
                <line number="369" hits="0" branch="False" />
                <line number="370" hits="0" branch="False" />
                <line number="371" hits="28" branch="False" />
                <line number="372" hits="28" branch="False" />
              </lines>
            </method>
            <method name=".ctor" signature="(System.Func`2&lt;System.String,System.Boolean&gt;,System.Func`2&lt;System.String,System.String&gt;,System.String)" line-rate="1" branch-rate="1" complexity="1">
              <lines>
                <line number="158" hits="34" branch="False" />
                <line number="159" hits="34" branch="False" />
                <line number="160" hits="34" branch="False" />
                <line number="161" hits="34" branch="False" />
                <line number="162" hits="34" branch="False" />
                <line number="163" hits="34" branch="False" />
              </lines>
            </method>
          </methods>
          <lines>
            <line number="133" hits="82" branch="False" />
            <line number="140" hits="87" branch="False" />
            <line number="147" hits="38" branch="False" />
            <line number="344" hits="29" branch="False" />
            <line number="345" hits="29" branch="False" />
            <line number="346" hits="29" branch="False" />
            <line number="347" hits="29" branch="False" />
            <line number="348" hits="28" branch="False" />
            <line number="349" hits="28" branch="False" />
            <line number="358" hits="29" branch="False" />
            <line number="359" hits="29" branch="False" />
            <line number="360" hits="88" branch="True" condition-coverage="100% (2/2)">
              <conditions>
                <condition number="86" type="jump" coverage="100%" />
              </conditions>
            </line>
            <line number="361" hits="1" branch="False" />
            <line number="362" hits="1" branch="True" condition-coverage="50% (1/2)">
              <conditions>
                <condition number="42" type="jump" coverage="50%" />
              </conditions>
            </line>
            <line number="363" hits="1" branch="False" />
            <line number="364" hits="1" branch="False" />
            <line number="366" hits="0" branch="True" condition-coverage="0% (0/2)">
              <conditions>
                <condition number="63" type="jump" coverage="0%" />
              </conditions>
            </line>
            <line number="367" hits="0" branch="False" />
            <line number="368" hits="0" branch="False" />
            <line number="369" hits="0" branch="False" />
            <line number="370" hits="0" branch="False" />
            <line number="371" hits="28" branch="False" />
            <line number="372" hits="28" branch="False" />
            <line number="158" hits="34" branch="False" />
            <line number="159" hits="34" branch="False" />
            <line number="160" hits="34" branch="False" />
            <line number="161" hits="34" branch="False" />
            <line number="162" hits="34" branch="False" />
            <line number="163" hits="34" branch="False" />
          </lines>
        </class>
        <class name="SS.Spreadsheet" filename="Spreadsheet/Spreadsheet.cs" line-rate="0.8876999999999999" branch-rate="0.9074" complexity="59">
          <methods>
            <method name="GetCellContents" signature="(System.String)" line-rate="1" branch-rate="1" complexity="6">
              <lines>
                <line number="103" hits="14" branch="False" />
                <line number="105" hits="14" branch="True" condition-coverage="100% (4/4)">
                  <conditions>
                    <condition number="8" type="jump" coverage="100%" />
                    <condition number="19" type="jump" coverage="100%" />
                  </conditions>
                </line>
                <line number="106" hits="7" branch="False" />
                <line number="107" hits="7" branch="False" />
                <line number="110" hits="7" branch="False" />
                <line number="112" hits="7" branch="True" condition-coverage="100% (2/2)">
                  <conditions>
                    <condition number="56" type="jump" coverage="100%" />
                  </conditions>
                </line>
                <line number="113" hits="6" branch="False" />
                <line number="114" hits="6" branch="False" />
                <line number="117" hits="1" branch="False" />
                <line number="119" hits="1" branch="False" />
                <line number="121" hits="7" branch="False" />
              </lines>
            </method>
            <method name="GetCellValue" signature="(System.String)" line-rate="1" branch-rate="1" complexity="6">
              <lines>
                <line number="129" hits="4" branch="False" />
                <line number="132" hits="4" branch="True" condition-coverage="100% (4/4)">
                  <conditions>
                    <condition number="8" type="jump" coverage="100%" />
                    <condition number="19" type="jump" coverage="100%" />
                  </conditions>
                </line>
                <line number="133" hits="1" branch="False" />
                <line number="134" hits="1" branch="False" />
                <line number="137" hits="3" branch="False" />
                <line number="139" hits="3" branch="True" condition-coverage="100% (2/2)">
                  <conditions>
                    <condition number="56" type="jump" coverage="100%" />
                  </conditions>
                </line>
                <line number="140" hits="2" branch="False" />
                <line number="141" hits="2" branch="False" />
                <line number="144" hits="1" branch="False" />
                <line number="146" hits="1" branch="False" />
                <line number="148" hits="3" branch="False" />
              </lines>
            </method>
            <method name="GetNamesOfAllNonemptyCells" signature="()" line-rate="1" branch-rate="1" complexity="1">
              <lines>
                <line number="154" hits="2" branch="False" />
              </lines>
            </method>
            <method name="Save" signature="(System.String)" line-rate="0.625" branch-rate="1" complexity="4">
              <lines>
                <line number="162" hits="3" branch="False" />
                <line number="164" hits="3" branch="True" condition-coverage="100% (4/4)">
                  <conditions>
                    <condition number="12" type="jump" coverage="100%" />
                    <condition number="23" type="jump" coverage="100%" />
                  </conditions>
                </line>
                <line number="165" hits="1" branch="False" />
                <line number="166" hits="1" branch="False" />
                <line number="169" hits="2" branch="False" />
                <line number="171" hits="2" branch="False" />
                <line number="173" hits="2" branch="False" />
                <line number="174" hits="2" branch="False" />
                <line number="176" hits="0" branch="False" />
                <line number="177" hits="0" branch="False" />
                <line number="178" hits="0" branch="False" />
                <line number="180" hits="0" branch="False" />
                <line number="181" hits="0" branch="False" />
                <line number="182" hits="0" branch="False" />
                <line number="185" hits="2" branch="False" />
                <line number="186" hits="2" branch="False" />
              </lines>
            </method>
            <method name="SetContentsOfCell" signature="(System.String,System.String)" line-rate="1" branch-rate="1" complexity="12">
              <lines>
                <line number="196" hits="34" branch="False" />
                <line number="198" hits="34" branch="False" />
                <line number="200" hits="34" branch="True" condition-coverage="100% (4/4)">
                  <conditions>
                    <condition number="22" type="jump" coverage="100%" />
                    <condition number="33" type="jump" coverage="100%" />
                  </conditions>
                </line>
                <line number="201" hits="5" branch="False" />
                <line number="202" hits="5" branch="False" />
                <line number="204" hits="29" branch="False" />
                <line number="206" hits="29" branch="True" condition-coverage="100% (2/2)">
                  <conditions>
                    <condition number="61" type="jump" coverage="100%" />
                  </conditions>
                </line>
                <line number="207" hits="9" branch="False" />
                <line number="208" hits="9" branch="False" />
                <line number="209" hits="9" branch="False" />
                <line number="210" hits="9" branch="False" />
                <line number="211" hits="8" branch="False" />
                <line number="212" hits="20" branch="True" condition-coverage="100% (2/2)">
                  <conditions>
                    <condition number="129" type="jump" coverage="100%" />
                  </conditions>
                </line>
                <line number="213" hits="12" branch="False" />
                <line number="214" hits="12" branch="False" />
                <line number="215" hits="12" branch="False" />
                <line number="217" hits="8" branch="False" />
                <line number="218" hits="8" branch="False" />
                <line number="219" hits="8" branch="False" />
                <line number="221" hits="140" branch="True" condition-coverage="100% (2/2)">
                  <conditions>
                    <condition number="238" type="jump" coverage="100%" />
                  </conditions>
                </line>
                <line number="222" hits="28" branch="False" />
                <line number="223" hits="28" branch="True" condition-coverage="100% (2/2)">
                  <conditions>
                    <condition number="206" type="jump" coverage="100%" />
                  </conditions>
                </line>
                <line number="224" hits="27" branch="False" />
                <line number="225" hits="27" branch="False" />
                <line number="226" hits="27" branch="False" />
                <line number="227" hits="28" branch="False" />
                <line number="228" hits="28" branch="False" />
                <line number="229" hits="28" branch="False" />
                <line number="230" hits="28" branch="False" />
              </lines>
            </method>
            <method name="GetDirectDependents" signature="(System.String)" line-rate="1" branch-rate="1" complexity="1">
              <lines>
                <line number="238" hits="29" branch="False" />
                <line number="239" hits="29" branch="False" />
                <line number="240" hits="29" branch="False" />
              </lines>
            </method>
            <method name="SetCellContents" signature="(System.String,System.Double)" line-rate="1" branch-rate="1" complexity="2">
              <lines>
                <line number="250" hits="12" branch="False" />
                <line number="252" hits="12" branch="False" />
                <line number="254" hits="12" branch="True" condition-coverage="100% (2/2)">
                  <conditions>
                    <condition number="22" type="jump" coverage="100%" />
                  </conditions>
                </line>
                <line number="255" hits="2" branch="False" />
                <line number="256" hits="2" branch="False" />
                <line number="257" hits="2" branch="False" />
                <line number="259" hits="10" branch="False" />
                <line number="260" hits="10" branch="False" />
                <line number="261" hits="10" branch="False" />
                <line number="263" hits="12" branch="False" />
                <line number="265" hits="12" branch="False" />
                <line number="266" hits="12" branch="False" />
                <line number="267" hits="12" branch="False" />
              </lines>
            </method>
            <method name="SetCellContents" signature="(System.String,System.String)" line-rate="1" branch-rate="1" complexity="4">
              <lines>
                <line number="276" hits="8" branch="False" />
                <line number="278" hits="8" branch="False" />
                <line number="280" hits="8" branch="True" condition-coverage="100% (2/2)">
                  <conditions>
                    <condition number="22" type="jump" coverage="100%" />
                  </conditions>
                </line>
                <line number="281" hits="1" branch="False" />
                <line number="282" hits="1" branch="False" />
                <line number="283" hits="1" branch="False" />
                <line number="285" hits="7" branch="False" />
                <line number="286" hits="7" branch="False" />
                <line number="287" hits="7" branch="False" />
                <line number="289" hits="8" branch="True" condition-coverage="100% (2/2)">
                  <conditions>
                    <condition number="87" type="jump" coverage="100%" />
                  </conditions>
                </line>
                <line number="290" hits="1" branch="False" />
                <line number="291" hits="1" branch="False" />
                <line number="292" hits="1" branch="False" />
                <line number="294" hits="8" branch="False" />
                <line number="296" hits="8" branch="False" />
                <line number="297" hits="8" branch="False" />
                <line number="298" hits="8" branch="False" />
              </lines>
            </method>
            <method name="SetCellContents" signature="(System.String,SpreadsheetUtilities.Formula)" line-rate="0.8421" branch-rate="0.5" complexity="2">
              <lines>
                <line number="307" hits="9" branch="False" />
                <line number="309" hits="9" branch="False" />
                <line number="311" hits="9" branch="False" />
                <line number="315" hits="9" branch="False" />
                <line number="316" hits="9" branch="False" />
                <line number="317" hits="8" branch="False" />
                <line number="318" hits="8" branch="True" condition-coverage="50% (1/2)">
                  <conditions>
                    <condition number="80" type="jump" coverage="50%" />
                  </conditions>
                </line>
                <line number="319" hits="0" branch="False" />
                <line number="320" hits="0" branch="False" />
                <line number="321" hits="0" branch="False" />
                <line number="323" hits="8" branch="False" />
                <line number="324" hits="8" branch="False" />
                <line number="325" hits="8" branch="False" />
                <line number="326" hits="8" branch="False" />
                <line number="328" hits="1" branch="False" />
                <line number="329" hits="1" branch="False" />
                <line number="330" hits="1" branch="False" />
                <line number="331" hits="1" branch="False" />
                <line number="333" hits="8" branch="False" />
              </lines>
            </method>
            <method name="get_Changed" signature="()" line-rate="1" branch-rate="1" complexity="1">
              <lines>
                <line number="340" hits="62" branch="False" />
              </lines>
            </method>
            <method name="Lookup" signature="(System.String)" line-rate="0.8181" branch-rate="0.75" complexity="4">
              <lines>
                <line number="351" hits="10" branch="False" />
                <line number="352" hits="10" branch="True" condition-coverage="100% (2/2)">
                  <conditions>
                    <condition number="17" type="jump" coverage="100%" />
                  </conditions>
                </line>
                <line number="353" hits="6" branch="False" />
                <line number="354" hits="6" branch="True" condition-coverage="50% (1/2)">
                  <conditions>
                    <condition number="36" type="jump" coverage="50%" />
                  </conditions>
                </line>
                <line number="355" hits="6" branch="False" />
                <line number="356" hits="6" branch="False" />
                <line number="359" hits="0" branch="False" />
                <line number="360" hits="0" branch="False" />
                <line number="364" hits="4" branch="False" />
                <line number="365" hits="4" branch="False" />
                <line number="367" hits="6" branch="False" />
              </lines>
            </method>
            <method name="Read" signature="(System.String)" line-rate="0.8095" branch-rate="0.8332999999999999" complexity="6">
              <lines>
                <line number="371" hits="3" branch="False" />
                <line number="373" hits="3" branch="True" condition-coverage="100% (4/4)">
                  <conditions>
                    <condition number="12" type="jump" coverage="100%" />
                    <condition number="23" type="jump" coverage="100%" />
                  </conditions>
                </line>
                <line number="374" hits="1" branch="False" />
                <line number="375" hits="1" branch="False" />
                <line number="380" hits="2" branch="False" />
                <line number="381" hits="2" branch="False" />
                <line number="383" hits="2" branch="False" />
                <line number="384" hits="1" branch="False" />
                <line number="385" hits="1" branch="False" />
                <line number="386" hits="1" branch="False" />
                <line number="389" hits="1" branch="True" condition-coverage="50% (1/2)">
                  <conditions>
                    <condition number="75" type="jump" coverage="50%" />
                  </conditions>
                </line>
                <line number="390" hits="1" branch="False" />
                <line number="391" hits="1" branch="False" />
                <line number="394" hits="0" branch="False" />
                <line number="397" hits="1" branch="False" />
                <line number="398" hits="1" branch="False" />
                <line number="399" hits="1" branch="False" />
                <line number="401" hits="0" branch="False" />
                <line number="402" hits="0" branch="False" />
                <line number="403" hits="0" branch="False" />
                <line number="405" hits="1" branch="False" />
              </lines>
            </method>
            <method name="checkVariable" signature="(System.String)" line-rate="1" branch-rate="1" complexity="4">
              <lines>
                <line number="413" hits="52" branch="False" />
                <line number="414" hits="52" branch="True" condition-coverage="100% (4/4)">
                  <conditions>
                    <condition number="14" type="jump" coverage="100%" />
                    <condition number="33" type="jump" coverage="100%" />
                  </conditions>
                </line>
                <line number="415" hits="39" branch="False" />
                <line number="416" hits="39" branch="False" />
                <line number="419" hits="13" branch="False" />
                <line number="420" hits="13" branch="False" />
                <line number="422" hits="52" branch="False" />
              </lines>
            </method>
            <method name=".ctor" signature="()" line-rate="1" branch-rate="1" complexity="1">
              <lines>
                <line number="43" hits="119" branch="False" />
                <line number="44" hits="30" branch="False" />
                <line number="46" hits="30" branch="False" />
                <line number="47" hits="30" branch="False" />
                <line number="48" hits="30" branch="False" />
                <line number="49" hits="30" branch="False" />
              </lines>
            </method>
            <method name=".ctor" signature="(System.Func`2&lt;System.String,System.Boolean&gt;,System.Func`2&lt;System.String,System.String&gt;,System.String)" line-rate="1" branch-rate="1" complexity="1">
              <lines>
                <line number="58" hits="1" branch="False" />
                <line number="59" hits="1" branch="False" />
                <line number="61" hits="1" branch="False" />
                <line number="62" hits="1" branch="False" />
                <line number="63" hits="1" branch="False" />
                <line number="64" hits="1" branch="False" />
              </lines>
            </method>
            <method name=".ctor" signature="(System.String,System.Func`2&lt;System.String,System.Boolean&gt;,System.Func`2&lt;System.String,System.String&gt;,System.String)" line-rate="0.6" branch-rate="0.5" complexity="4">
              <lines>
                <line number="74" hits="3" branch="False" />
                <line number="75" hits="3" branch="False" />
                <line number="77" hits="3" branch="False" />
                <line number="78" hits="1" branch="True" condition-coverage="50% (1/2)">
                  <conditions>
                    <condition number="38" type="jump" coverage="50%" />
                  </conditions>
                </line>
                <line number="79" hits="0" branch="False" />
                <line number="80" hits="0" branch="False" />
                <line number="82" hits="1" branch="False" />
                <line number="83" hits="1" branch="False" />
                <line number="85" hits="1" branch="False" />
                <line number="87" hits="3" branch="True" condition-coverage="50% (1/2)">
                  <conditions>
                    <condition number="149" type="jump" coverage="50%" />
                  </conditions>
                </line>
                <line number="88" hits="0" branch="False" />
                <line number="90" hits="0" branch="False" />
                <line number="92" hits="0" branch="False" />
                <line number="93" hits="0" branch="False" />
                <line number="94" hits="1" branch="False" />
              </lines>
            </method>
          </methods>
          <lines>
            <line number="103" hits="14" branch="False" />
            <line number="105" hits="14" branch="True" condition-coverage="100% (4/4)">
              <conditions>
                <condition number="8" type="jump" coverage="100%" />
                <condition number="19" type="jump" coverage="100%" />
              </conditions>
            </line>
            <line number="106" hits="7" branch="False" />
            <line number="107" hits="7" branch="False" />
            <line number="110" hits="7" branch="False" />
            <line number="112" hits="7" branch="True" condition-coverage="100% (2/2)">
              <conditions>
                <condition number="56" type="jump" coverage="100%" />
              </conditions>
            </line>
            <line number="113" hits="6" branch="False" />
            <line number="114" hits="6" branch="False" />
            <line number="117" hits="1" branch="False" />
            <line number="119" hits="1" branch="False" />
            <line number="121" hits="7" branch="False" />
            <line number="129" hits="4" branch="False" />
            <line number="132" hits="4" branch="True" condition-coverage="100% (4/4)">
              <conditions>
                <condition number="8" type="jump" coverage="100%" />
                <condition number="19" type="jump" coverage="100%" />
              </conditions>
            </line>
            <line number="133" hits="1" branch="False" />
            <line number="134" hits="1" branch="False" />
            <line number="137" hits="3" branch="False" />
            <line number="139" hits="3" branch="True" condition-coverage="100% (2/2)">
              <conditions>
                <condition number="56" type="jump" coverage="100%" />
              </conditions>
            </line>
            <line number="140" hits="2" branch="False" />
            <line number="141" hits="2" branch="False" />
            <line number="144" hits="1" branch="False" />
            <line number="146" hits="1" branch="False" />
            <line number="148" hits="3" branch="False" />
            <line number="154" hits="2" branch="False" />
            <line number="162" hits="3" branch="False" />
            <line number="164" hits="3" branch="True" condition-coverage="100% (4/4)">
              <conditions>
                <condition number="12" type="jump" coverage="100%" />
                <condition number="23" type="jump" coverage="100%" />
              </conditions>
            </line>
            <line number="165" hits="1" branch="False" />
            <line number="166" hits="1" branch="False" />
            <line number="169" hits="2" branch="False" />
            <line number="171" hits="2" branch="False" />
            <line number="173" hits="2" branch="False" />
            <line number="174" hits="2" branch="False" />
            <line number="176" hits="0" branch="False" />
            <line number="177" hits="0" branch="False" />
            <line number="178" hits="0" branch="False" />
            <line number="180" hits="0" branch="False" />
            <line number="181" hits="0" branch="False" />
            <line number="182" hits="0" branch="False" />
            <line number="185" hits="2" branch="False" />
            <line number="186" hits="2" branch="False" />
            <line number="196" hits="34" branch="False" />
            <line number="198" hits="34" branch="False" />
            <line number="200" hits="34" branch="True" condition-coverage="100% (4/4)">
              <conditions>
                <condition number="22" type="jump" coverage="100%" />
                <condition number="33" type="jump" coverage="100%" />
              </conditions>
            </line>
            <line number="201" hits="5" branch="False" />
            <line number="202" hits="5" branch="False" />
            <line number="204" hits="29" branch="False" />
            <line number="206" hits="29" branch="True" condition-coverage="100% (2/2)">
              <conditions>
                <condition number="61" type="jump" coverage="100%" />
              </conditions>
            </line>
            <line number="207" hits="9" branch="False" />
            <line number="208" hits="9" branch="False" />
            <line number="209" hits="9" branch="False" />
            <line number="210" hits="9" branch="False" />
            <line number="211" hits="8" branch="False" />
            <line number="212" hits="20" branch="True" condition-coverage="100% (2/2)">
              <conditions>
                <condition number="129" type="jump" coverage="100%" />
              </conditions>
            </line>
            <line number="213" hits="12" branch="False" />
            <line number="214" hits="12" branch="False" />
            <line number="215" hits="12" branch="False" />
            <line number="217" hits="8" branch="False" />
            <line number="218" hits="8" branch="False" />
            <line number="219" hits="8" branch="False" />
            <line number="221" hits="140" branch="True" condition-coverage="100% (2/2)">
              <conditions>
                <condition number="238" type="jump" coverage="100%" />
              </conditions>
            </line>
            <line number="222" hits="28" branch="False" />
            <line number="223" hits="28" branch="True" condition-coverage="100% (2/2)">
              <conditions>
                <condition number="206" type="jump" coverage="100%" />
              </conditions>
            </line>
            <line number="224" hits="27" branch="False" />
            <line number="225" hits="27" branch="False" />
            <line number="226" hits="27" branch="False" />
            <line number="227" hits="28" branch="False" />
            <line number="228" hits="28" branch="False" />
            <line number="229" hits="28" branch="False" />
            <line number="230" hits="28" branch="False" />
            <line number="238" hits="29" branch="False" />
            <line number="239" hits="29" branch="False" />
            <line number="240" hits="29" branch="False" />
            <line number="250" hits="12" branch="False" />
            <line number="252" hits="12" branch="False" />
            <line number="254" hits="12" branch="True" condition-coverage="100% (2/2)">
              <conditions>
                <condition number="22" type="jump" coverage="100%" />
              </conditions>
            </line>
            <line number="255" hits="2" branch="False" />
            <line number="256" hits="2" branch="False" />
            <line number="257" hits="2" branch="False" />
            <line number="259" hits="10" branch="False" />
            <line number="260" hits="10" branch="False" />
            <line number="261" hits="10" branch="False" />
            <line number="263" hits="12" branch="False" />
            <line number="265" hits="12" branch="False" />
            <line number="266" hits="12" branch="False" />
            <line number="267" hits="12" branch="False" />
            <line number="276" hits="8" branch="False" />
            <line number="278" hits="8" branch="False" />
            <line number="280" hits="8" branch="True" condition-coverage="100% (2/2)">
              <conditions>
                <condition number="22" type="jump" coverage="100%" />
              </conditions>
            </line>
            <line number="281" hits="1" branch="False" />
            <line number="282" hits="1" branch="False" />
            <line number="283" hits="1" branch="False" />
            <line number="285" hits="7" branch="False" />
            <line number="286" hits="7" branch="False" />
            <line number="287" hits="7" branch="False" />
            <line number="289" hits="8" branch="True" condition-coverage="100% (2/2)">
              <conditions>
                <condition number="87" type="jump" coverage="100%" />
              </conditions>
            </line>
            <line number="290" hits="1" branch="False" />
            <line number="291" hits="1" branch="False" />
            <line number="292" hits="1" branch="False" />
            <line number="294" hits="8" branch="False" />
            <line number="296" hits="8" branch="False" />
            <line number="297" hits="8" branch="False" />
            <line number="298" hits="8" branch="False" />
            <line number="307" hits="9" branch="False" />
            <line number="309" hits="9" branch="False" />
            <line number="311" hits="9" branch="False" />
            <line number="315" hits="9" branch="False" />
            <line number="316" hits="9" branch="False" />
            <line number="317" hits="8" branch="False" />
            <line number="318" hits="8" branch="True" condition-coverage="50% (1/2)">
              <conditions>
                <condition number="80" type="jump" coverage="50%" />
              </conditions>
            </line>
            <line number="319" hits="0" branch="False" />
            <line number="320" hits="0" branch="False" />
            <line number="321" hits="0" branch="False" />
            <line number="323" hits="8" branch="False" />
            <line number="324" hits="8" branch="False" />
            <line number="325" hits="8" branch="False" />
            <line number="326" hits="8" branch="False" />
            <line number="328" hits="1" branch="False" />
            <line number="329" hits="1" branch="False" />
            <line number="330" hits="1" branch="False" />
            <line number="331" hits="1" branch="False" />
            <line number="333" hits="8" branch="False" />
            <line number="340" hits="62" branch="False" />
            <line number="351" hits="10" branch="False" />
            <line number="352" hits="10" branch="True" condition-coverage="100% (2/2)">
              <conditions>
                <condition number="17" type="jump" coverage="100%" />
              </conditions>
            </line>
            <line number="353" hits="6" branch="False" />
            <line number="354" hits="6" branch="True" condition-coverage="50% (1/2)">
              <conditions>
                <condition number="36" type="jump" coverage="50%" />
              </conditions>
            </line>
            <line number="355" hits="6" branch="False" />
            <line number="356" hits="6" branch="False" />
            <line number="359" hits="0" branch="False" />
            <line number="360" hits="0" branch="False" />
            <line number="364" hits="4" branch="False" />
            <line number="365" hits="4" branch="False" />
            <line number="367" hits="6" branch="False" />
            <line number="371" hits="3" branch="False" />
            <line number="373" hits="3" branch="True" condition-coverage="100% (4/4)">
              <conditions>
                <condition number="12" type="jump" coverage="100%" />
                <condition number="23" type="jump" coverage="100%" />
              </conditions>
            </line>
            <line number="374" hits="1" branch="False" />
            <line number="375" hits="1" branch="False" />
            <line number="380" hits="2" branch="False" />
            <line number="381" hits="2" branch="False" />
            <line number="383" hits="2" branch="False" />
            <line number="384" hits="1" branch="False" />
            <line number="385" hits="1" branch="False" />
            <line number="386" hits="1" branch="False" />
            <line number="389" hits="1" branch="True" condition-coverage="50% (1/2)">
              <conditions>
                <condition number="75" type="jump" coverage="50%" />
              </conditions>
            </line>
            <line number="390" hits="1" branch="False" />
            <line number="391" hits="1" branch="False" />
            <line number="394" hits="0" branch="False" />
            <line number="397" hits="1" branch="False" />
            <line number="398" hits="1" branch="False" />
            <line number="399" hits="1" branch="False" />
            <line number="401" hits="0" branch="False" />
            <line number="402" hits="0" branch="False" />
            <line number="403" hits="0" branch="False" />
            <line number="405" hits="1" branch="False" />
            <line number="413" hits="52" branch="False" />
            <line number="414" hits="52" branch="True" condition-coverage="100% (4/4)">
              <conditions>
                <condition number="14" type="jump" coverage="100%" />
                <condition number="33" type="jump" coverage="100%" />
              </conditions>
            </line>
            <line number="415" hits="39" branch="False" />
            <line number="416" hits="39" branch="False" />
            <line number="419" hits="13" branch="False" />
            <line number="420" hits="13" branch="False" />
            <line number="422" hits="52" branch="False" />
            <line number="43" hits="119" branch="False" />
            <line number="44" hits="30" branch="False" />
            <line number="46" hits="30" branch="False" />
            <line number="47" hits="30" branch="False" />
            <line number="48" hits="30" branch="False" />
            <line number="49" hits="30" branch="False" />
            <line number="58" hits="1" branch="False" />
            <line number="59" hits="1" branch="False" />
            <line number="61" hits="1" branch="False" />
            <line number="62" hits="1" branch="False" />
            <line number="63" hits="1" branch="False" />
            <line number="64" hits="1" branch="False" />
            <line number="74" hits="3" branch="False" />
            <line number="75" hits="3" branch="False" />
            <line number="77" hits="3" branch="False" />
            <line number="78" hits="1" branch="True" condition-coverage="50% (1/2)">
              <conditions>
                <condition number="38" type="jump" coverage="50%" />
              </conditions>
            </line>
            <line number="79" hits="0" branch="False" />
            <line number="80" hits="0" branch="False" />
            <line number="82" hits="1" branch="False" />
            <line number="83" hits="1" branch="False" />
            <line number="85" hits="1" branch="False" />
            <line number="87" hits="3" branch="True" condition-coverage="50% (1/2)">
              <conditions>
                <condition number="149" type="jump" coverage="50%" />
              </conditions>
            </line>
            <line number="88" hits="0" branch="False" />
            <line number="90" hits="0" branch="False" />
            <line number="92" hits="0" branch="False" />
            <line number="93" hits="0" branch="False" />
            <line number="94" hits="1" branch="False" />
          </lines>
        </class>
        <class name="SS.Cell" filename="Spreadsheet/Spreadsheet.cs" line-rate="0.8108" branch-rate="1" complexity="8">
          <methods>
            <method name="get_Value" signature="()" line-rate="1" branch-rate="1" complexity="1">
              <lines>
                <line number="433" hits="50" branch="False" />
              </lines>
            </method>
            <method name="get_Content" signature="()" line-rate="1" branch-rate="1" complexity="1">
              <lines>
                <line number="434" hits="50" branch="False" />
              </lines>
            </method>
            <method name="ReCalculate" signature="(System.Func`2&lt;System.String,System.Double&gt;)" line-rate="1" branch-rate="1" complexity="2">
              <lines>
                <line number="490" hits="27" branch="False" />
                <line number="491" hits="27" branch="True" condition-coverage="100% (2/2)">
                  <conditions>
                    <condition number="19" type="jump" coverage="100%" />
                  </conditions>
                </line>
                <line number="492" hits="8" branch="False" />
                <line number="493" hits="8" branch="False" />
                <line number="494" hits="8" branch="False" />
                <line number="495" hits="8" branch="False" />
                <line number="496" hits="27" branch="False" />
              </lines>
            </method>
            <method name=".ctor" signature="()" line-rate="0" branch-rate="1" complexity="1">
              <lines>
                <line number="440" hits="0" branch="False" />
                <line number="441" hits="0" branch="False" />
                <line number="442" hits="0" branch="False" />
                <line number="443" hits="0" branch="False" />
                <line number="444" hits="0" branch="False" />
                <line number="445" hits="0" branch="False" />
                <line number="446" hits="0" branch="False" />
              </lines>
            </method>
            <method name=".ctor" signature="(System.Double)" line-rate="1" branch-rate="1" complexity="1">
              <lines>
                <line number="451" hits="12" branch="False" />
                <line number="452" hits="12" branch="False" />
                <line number="453" hits="12" branch="False" />
                <line number="454" hits="12" branch="False" />
                <line number="455" hits="12" branch="False" />
                <line number="456" hits="12" branch="False" />
                <line number="457" hits="12" branch="False" />
              </lines>
            </method>
            <method name=".ctor" signature="(System.String)" line-rate="1" branch-rate="1" complexity="1">
              <lines>
                <line number="465" hits="8" branch="False" />
                <line number="466" hits="8" branch="False" />
                <line number="467" hits="8" branch="False" />
                <line number="468" hits="8" branch="False" />
                <line number="469" hits="8" branch="False" />
                <line number="470" hits="8" branch="False" />
                <line number="471" hits="8" branch="False" />
              </lines>
            </method>
            <method name=".ctor" signature="(SpreadsheetUtilities.Formula,System.Func`2&lt;System.String,System.Double&gt;)" line-rate="1" branch-rate="1" complexity="1">
              <lines>
                <line number="477" hits="8" branch="False" />
                <line number="478" hits="8" branch="False" />
                <line number="479" hits="8" branch="False" />
                <line number="480" hits="8" branch="False" />
                <line number="481" hits="8" branch="False" />
                <line number="482" hits="8" branch="False" />
                <line number="483" hits="8" branch="False" />
              </lines>
            </method>
          </methods>
          <lines>
            <line number="433" hits="50" branch="False" />
            <line number="434" hits="50" branch="False" />
            <line number="490" hits="27" branch="False" />
            <line number="491" hits="27" branch="True" condition-coverage="100% (2/2)">
              <conditions>
                <condition number="19" type="jump" coverage="100%" />
              </conditions>
            </line>
            <line number="492" hits="8" branch="False" />
            <line number="493" hits="8" branch="False" />
            <line number="494" hits="8" branch="False" />
            <line number="495" hits="8" branch="False" />
            <line number="496" hits="27" branch="False" />
            <line number="440" hits="0" branch="False" />
            <line number="441" hits="0" branch="False" />
            <line number="442" hits="0" branch="False" />
            <line number="443" hits="0" branch="False" />
            <line number="444" hits="0" branch="False" />
            <line number="445" hits="0" branch="False" />
            <line number="446" hits="0" branch="False" />
            <line number="451" hits="12" branch="False" />
            <line number="452" hits="12" branch="False" />
            <line number="453" hits="12" branch="False" />
            <line number="454" hits="12" branch="False" />
            <line number="455" hits="12" branch="False" />
            <line number="456" hits="12" branch="False" />
            <line number="457" hits="12" branch="False" />
            <line number="465" hits="8" branch="False" />
            <line number="466" hits="8" branch="False" />
            <line number="467" hits="8" branch="False" />
            <line number="468" hits="8" branch="False" />
            <line number="469" hits="8" branch="False" />
            <line number="470" hits="8" branch="False" />
            <line number="471" hits="8" branch="False" />
            <line number="477" hits="8" branch="False" />
            <line number="478" hits="8" branch="False" />
            <line number="479" hits="8" branch="False" />
            <line number="480" hits="8" branch="False" />
            <line number="481" hits="8" branch="False" />
            <line number="482" hits="8" branch="False" />
            <line number="483" hits="8" branch="False" />
          </lines>
        </class>
      </classes>
    </package>
    <package name="Formula" line-rate="0.5325" branch-rate="0.4594" complexity="82">
      <classes>
        <class name="SpreadsheetUtilities.Formula" filename="Formula/Formula.cs" line-rate="0.4722" branch-rate="0.4285" complexity="75">
          <methods>
            <method name="Evaluate" signature="(System.Func`2&lt;System.String,System.Double&gt;)" line-rate="0.5813" branch-rate="0.5" complexity="12">
              <lines>
                <line number="176" hits="16" branch="False" />
                <line number="177" hits="16" branch="False" />
                <line number="178" hits="16" branch="False" />
                <line number="181" hits="16" branch="False" />
                <line number="182" hits="76" branch="True" condition-coverage="100% (2/2)">
                  <conditions>
                    <condition number="268" type="jump" coverage="100%" />
                  </conditions>
                </line>
                <line number="183" hits="16" branch="False" />
                <line number="184" hits="16" branch="True" condition-coverage="50% (1/2)">
                  <conditions>
                    <condition number="56" type="jump" coverage="50%" />
                  </conditions>
                </line>
                <line number="185" hits="16" branch="False" />
                <line number="187" hits="16" branch="True" condition-coverage="100% (2/2)">
                  <conditions>
                    <condition number="74" type="jump" coverage="100%" />
                  </conditions>
                </line>
                <line number="188" hits="10" branch="False" />
                <line number="190" hits="10" branch="False" />
                <line number="191" hits="10" branch="False" />
                <line number="192" hits="6" branch="False" />
                <line number="193" hits="4" branch="False" />
                <line number="194" hits="4" branch="False" />
                <line number="195" hits="4" branch="False" />
                <line number="197" hits="6" branch="False" />
                <line number="198" hits="12" branch="False" />
                <line number="199" hits="12" branch="False" />
                <line number="200" hits="12" branch="False" />
                <line number="202" hits="0" branch="True" condition-coverage="0% (0/2)">
                  <conditions>
                    <condition number="164" type="jump" coverage="0%" />
                  </conditions>
                </line>
                <line number="203" hits="0" branch="False" />
                <line number="204" hits="0" branch="False" />
                <line number="205" hits="0" branch="False" />
                <line number="206" hits="0" branch="False" />
                <line number="208" hits="0" branch="True" condition-coverage="0% (0/2)">
                  <conditions>
                    <condition number="202" type="jump" coverage="0%" />
                  </conditions>
                </line>
                <line number="209" hits="0" branch="False" />
                <line number="210" hits="0" branch="False" />
                <line number="211" hits="0" branch="False" />
                <line number="213" hits="0" branch="True" condition-coverage="50% (1/2)">
                  <conditions>
                    <condition number="231" type="jump" coverage="50%" />
                  </conditions>
                </line>
                <line number="214" hits="0" branch="False" />
                <line number="215" hits="0" branch="False" />
                <line number="216" hits="0" branch="False" />
                <line number="217" hits="0" branch="False" />
                <line number="218" hits="0" branch="False" />
                <line number="219" hits="12" branch="False" />
                <line number="220" hits="12" branch="False" />
                <line number="221" hits="0" branch="False" />
                <line number="222" hits="0" branch="False" />
                <line number="223" hits="0" branch="False" />
                <line number="227" hits="12" branch="False" />
                <line number="230" hits="12" branch="False" />
                <line number="231" hits="16" branch="False" />
              </lines>
            </method>
            <method name="EvaluateOperator" signature="(System.Collections.Generic.Stack`1&lt;System.String&gt;,System.Collections.Generic.Stack`1&lt;System.Double&gt;,System.Boolean)" line-rate="0.14279999999999998" branch-rate="0.05" complexity="20">
              <lines>
                <line number="240" hits="24" branch="False" />
                <line number="241" hits="24" branch="True" condition-coverage="50% (1/2)">
                  <conditions>
                    <condition number="12" type="jump" coverage="50%" />
                  </conditions>
                </line>
                <line number="242" hits="0" branch="False" />
                <line number="243" hits="0" branch="True" condition-coverage="0% (0/8)">
                  <conditions>
                    <condition number="19" type="jump" coverage="0%" />
                    <condition number="37" type="jump" coverage="0%" />
                    <condition number="40" type="jump" coverage="0%" />
                    <condition number="66" type="jump" coverage="0%" />
                  </conditions>
                </line>
                <line number="244" hits="0" branch="False" />
                <line number="245" hits="0" branch="True" condition-coverage="0% (0/8)">
                  <conditions>
                    <condition number="96" type="jump" coverage="0%" />
                    <condition number="110" type="jump" coverage="0%" />
                    <condition number="124" type="jump" coverage="0%" />
                    <condition number="138" type="jump" coverage="0%" />
                  </conditions>
                </line>
                <line number="248" hits="0" branch="False" />
                <line number="249" hits="0" branch="False" />
                <line number="251" hits="0" branch="False" />
                <line number="252" hits="0" branch="False" />
                <line number="253" hits="0" branch="False" />
                <line number="255" hits="0" branch="False" />
                <line number="256" hits="0" branch="False" />
                <line number="258" hits="0" branch="False" />
                <line number="259" hits="0" branch="True" condition-coverage="0% (0/2)">
                  <conditions>
                    <condition number="233" type="jump" coverage="0%" />
                  </conditions>
                </line>
                <line number="260" hits="0" branch="False" />
                <line number="262" hits="0" branch="False" />
                <line number="263" hits="0" branch="False" />
                <line number="265" hits="0" branch="False" />
                <line number="266" hits="0" branch="False" />
                <line number="267" hits="24" branch="False" />
              </lines>
            </method>
            <method name="GetVariables" signature="()" line-rate="1" branch-rate="1" complexity="1">
              <lines>
                <line number="281" hits="9" branch="False" />
                <line number="282" hits="20" branch="False" />
                <line number="283" hits="9" branch="False" />
              </lines>
            </method>
            <method name="ToString" signature="()" line-rate="1" branch-rate="1" complexity="1">
              <lines>
                <line number="296" hits="8" branch="False" />
                <line number="297" hits="8" branch="False" />
                <line number="298" hits="8" branch="False" />
              </lines>
            </method>
            <method name="Equals" signature="(System.Object)" line-rate="0" branch-rate="0" complexity="2">
              <lines>
                <line number="321" hits="0" branch="False" />
                <line number="322" hits="0" branch="True" condition-coverage="0% (0/2)">
                  <conditions>
                    <condition number="15" type="jump" coverage="0%" />
                  </conditions>
                </line>
                <line number="323" hits="0" branch="False" />
                <line number="324" hits="0" branch="False" />
                <line number="326" hits="0" branch="False" />
                <line number="327" hits="0" branch="False" />
              </lines>
            </method>
            <method name="op_Equality" signature="(SpreadsheetUtilities.Formula,SpreadsheetUtilities.Formula)" line-rate="0" branch-rate="0" complexity="2">
              <lines>
                <line number="335" hits="0" branch="False" />
                <line number="336" hits="0" branch="True" condition-coverage="0% (0/2)">
                  <conditions>
                    <condition number="7" type="jump" coverage="0%" />
                  </conditions>
                </line>
                <line number="337" hits="0" branch="False" />
                <line number="338" hits="0" branch="False" />
                <line number="340" hits="0" branch="False" />
                <line number="341" hits="0" branch="False" />
              </lines>
            </method>
            <method name="op_Inequality" signature="(SpreadsheetUtilities.Formula,SpreadsheetUtilities.Formula)" line-rate="0" branch-rate="1" complexity="1">
              <lines>
                <line number="349" hits="0" branch="False" />
                <line number="350" hits="0" branch="False" />
                <line number="351" hits="0" branch="False" />
              </lines>
            </method>
            <method name="GetHashCode" signature="()" line-rate="0" branch-rate="1" complexity="1">
              <lines>
                <line number="359" hits="0" branch="False" />
                <line number="360" hits="0" branch="False" />
                <line number="361" hits="0" branch="False" />
              </lines>
            </method>
            <method name=".ctor" signature="(System.String)" line-rate="0" branch-rate="1" complexity="1">
              <lines>
                <line number="66" hits="0" branch="False" />
                <line number="67" hits="0" branch="False" />
                <line number="68" hits="0" branch="False" />
              </lines>
            </method>
            <method name=".ctor" signature="(System.String,System.Func`2&lt;System.String,System.String&gt;,System.Func`2&lt;System.String,System.Boolean&gt;)" line-rate="0.6415000000000001" branch-rate="0.6764" complexity="34">
              <lines>
                <line number="92" hits="9" branch="False" />
                <line number="93" hits="9" branch="False" />
                <line number="94" hits="9" branch="False" />
                <line number="95" hits="9" branch="False" />
                <line number="96" hits="9" branch="False" />
                <line number="98" hits="49" branch="True" condition-coverage="100% (2/2)">
                  <conditions>
                    <condition number="348" type="jump" coverage="100%" />
                  </conditions>
                </line>
                <line number="99" hits="11" branch="False" />
                <line number="101" hits="11" branch="True" condition-coverage="75% (3/4)">
                  <conditions>
                    <condition number="50" type="jump" coverage="100%" />
                    <condition number="70" type="jump" coverage="50%" />
                  </conditions>
                </line>
                <line number="102" hits="0" branch="False" />
                <line number="103" hits="0" branch="False" />
                <line number="104" hits="0" branch="False" />
                <line number="105" hits="0" branch="False" />
[...]
                  </conditions>
                </line>
                <line number="136" hits="0" branch="False" />
                <line number="137" hits="0" branch="False" />
                <line number="139" hits="9" branch="True" condition-coverage="50% (1/2)">
                  <conditions>
                    <condition number="403" type="jump" coverage="50%" />
                  </conditions>
                </line>
                <line number="140" hits="0" branch="False" />
                <line number="141" hits="0" branch="False" />
                <line number="143" hits="9" branch="True" condition-coverage="50% (1/2)">
                  <conditions>
                    <condition number="425" type="jump" coverage="50%" />
                  </conditions>
                </line>
                <line number="144" hits="0" branch="False" />
                <line number="145" hits="0" branch="False" />
                <line number="147" hits="9" branch="False" />
                <line number="148" hits="49" branch="True" condition-coverage="100% (2/2)">
                  <conditions>
                    <condition number="503" type="jump" coverage="100%" />
                  </conditions>
                </line>
                <line number="149" hits="11" branch="False" />
                <line number="150" hits="11" branch="False" />
                <line number="151" hits="11" branch="False" />
                <line number="152" hits="9" branch="False" />
              </lines>
            </method>
          </methods>
          <lines>
            <line number="176" hits="16" branch="False" />
            <line number="177" hits="16" branch="False" />
            <line number="178" hits="16" branch="False" />
            <line number="181" hits="16" branch="False" />
            <line number="182" hits="76" branch="True" condition-coverage="100% (2/2)">
              <conditions>
                <condition number="268" type="jump" coverage="100%" />
              </conditions>
            </line>
            <line number="183" hits="16" branch="False" />
            <line number="184" hits="16" branch="True" condition-coverage="50% (1/2)">
              <conditions>
                <condition number="56" type="jump" coverage="50%" />
              </conditions>
            </line>
            <line number="185" hits="16" branch="False" />
            <line number="187" hits="16" branch="True" condition-coverage="100% (2/2)">
              <conditions>
                <condition number="74" type="jump" coverage="100%" />
              </conditions>
            </line>
            <line number="188" hits="10" branch="False" />
            <line number="190" hits="10" branch="False" />
            <line number="191" hits="10" branch="False" />
            <line number="192" hits="6" branch="False" />
            <line number="193" hits="4" branch="False" />
            <line number="194" hits="4" branch="False" />
            <line number="195" hits="4" branch="False" />
            <line number="197" hits="6" branch="False" />
            <line number="198" hits="12" branch="False" />
            <line number="199" hits="12" branch="False" />
            <line number="200" hits="12" branch="False" />
            <line number="202" hits="0" branch="True" condition-coverage="0% (0/2)">
              <conditions>
                <condition number="164" type="jump" coverage="0%" />
              </conditions>
            </line>
            <line number="203" hits="0" branch="False" />
            <line number="204" hits="0" branch="False" />
            <line number="205" hits="0" branch="False" />
            <line number="206" hits="0" branch="False" />
            <line number="208" hits="0" branch="True" condition-coverage="0% (0/2)">
              <conditions>
                <condition number="202" type="jump" coverage="0%" />
              </conditions>
            </line>
            <line number="209" hits="0" branch="False" />
            <line number="210" hits="0" branch="False" />
            <line number="211" hits="0" branch="False" />
            <line number="213" hits="0" branch="True" condition-coverage="50% (1/2)">
              <conditions>
                <condition number="231" type="jump" coverage="50%" />
              </conditions>
            </line>
            <line number="214" hits="0" branch="False" />
            <line number="215" hits="0" branch="False" />
            <line number="216" hits="0" branch="False" />
            <line number="217" hits="0" branch="False" />
            <line number="218" hits="0" branch="False" />
            <line number="219" hits="12" branch="False" />
            <line number="220" hits="12" branch="False" />
            <line number="221" hits="0" branch="False" />
            <line number="222" hits="0" branch="False" />
            <line number="223" hits="0" branch="False" />
            <line number="227" hits="12" branch="False" />
            <line number="230" hits="12" branch="False" />
            <line number="231" hits="16" branch="False" />
            <line number="240" hits="24" branch="False" />
            <line number="241" hits="24" branch="True" condition-coverage="50% (1/2)">
              <conditions>
                <condition number="12" type="jump" coverage="50%" />
              </conditions>
            </line>
            <line number="242" hits="0" branch="False" />
            <line number="243" hits="0" branch="True" condition-coverage="0% (0/8)">
              <conditions>
                <condition number="19" type="jump" coverage="0%" />
                <condition number="37" type="jump" coverage="0%" />
                <condition number="40" type="jump" coverage="0%" />
                <condition number="66" type="jump" coverage="0%" />
              </conditions>
            </line>
            <line number="244" hits="0" branch="False" />
            <line number="245" hits="0" branch="True" condition-coverage="0% (0/8)">
              <conditions>
                <condition number="96" type="jump" coverage="0%" />
                <condition number="110" type="jump" coverage="0%" />
                <condition number="124" type="jump" coverage="0%" />
                <condition number="138" type="jump" coverage="0%" />
              </conditions>
            </line>
            <line number="248" hits="0" branch="False" />
            <line number="249" hits="0" branch="False" />
            <line number="251" hits="0" branch="False" />
            <line number="252" hits="0" branch="False" />
            <line number="253" hits="0" branch="False" />
            <line number="255" hits="0" branch="False" />
            <line number="256" hits="0" branch="False" />
            <line number="258" hits="0" branch="False" />
            <line number="259" hits="0" branch="True" condition-coverage="0% (0/2)">
              <conditions>
                <condition number="233" type="jump" coverage="0%" />
              </conditions>
            </line>
            <line number="260" hits="0" branch="False" />
            <line number="262" hits="0" branch="False" />
            <line number="263" hits="0" branch="False" />
            <line number="265" hits="0" branch="False" />
            <line number="266" hits="0" branch="False" />
            <line number="267" hits="24" branch="False" />
            <line number="281" hits="9" branch="False" />
            <line number="282" hits="20" branch="False" />
            <line number="283" hits="9" branch="False" />
            <line number="296" hits="8" branch="False" />
            <line number="297" hits="8" branch="False" />
            <line number="298" hits="8" branch="False" />
            <line number="321" hits="0" branch="False" />
            <line number="322" hits="0" branch="True" condition-coverage="0% (0/2)">
              <conditions>
                <condition number="15" type="jump" coverage="0%" />
              </conditions>
            </line>
            <line number="323" hits="0" branch="False" />
            <line number="324" hits="0" branch="False" />
            <line number="326" hits="0" branch="False" />
            <line number="327" hits="0" branch="False" />
            <line number="335" hits="0" branch="False" />
            <line number="336" hits="0" branch="True" condition-coverage="0% (0/2)">
              <conditions>
                <condition number="7" type="jump" coverage="0%" />
              </conditions>
            </line>
            <line number="337" hits="0" branch="False" />
            <line number="338" hits="0" branch="False" />
            <line number="340" hits="0" branch="False" />
            <line number="341" hits="0" branch="False" />
            <line number="349" hits="0" branch="False" />
            <line number="350" hits="0" branch="False" />
            <line number="351" hits="0" branch="False" />
            <line number="359" hits="0" branch="False" />
            <line number="360" hits="0" branch="False" />
            <line number="361" hits="0" branch="False" />
            <line number="66" hits="0" branch="False" />
            <line number="67" hits="0" branch="False" />
            <line number="68" hits="0" branch="False" />
            <line number="92" hits="9" branch="False" />
            <line number="93" hits="9" branch="False" />
            <line number="94" hits="9" branch="False" />
            <line number="95" hits="9" branch="False" />
            <line number="96" hits="9" branch="False" />
            <line number="98" hits="49" branch="True" condition-coverage="100% (2/2)">
              <conditions>
                <condition number="348" type="jump" coverage="100%" />
              </conditions>
            </line>
            <line number="99" hits="11" branch="False" />
            <line number="101" hits="11" branch="True" condition-coverage="75% (3/4)">
              <conditions>
                <condition number="50" type="jump" coverage="100%" />
                <condition number="70" type="jump" coverage="50%" />
              </conditions>
            </line>
            <line number="102" hits="0" branch="False" />
            <line number="103" hits="0" branch="False" />
            <line number="104" hits="0" branch="False" />
            <line number="105" hits="0" branch="False" />
            <line number="106" hits="11" branch="True" condition-coverage="75% (3/4)">
              <conditions>
                <condition number="97" type="jump" coverage="100%" />
                <condition number="117" type="jump" coverage="50%" />
              </conditions>
            </line>
            <line number="107" hits="0" branch="False" />
            <line number="108" hits="0" branch="False" />
            <line number="109" hits="0" branch="True" condition-coverage="0% (0/2)">
              <conditions>
                <condition number="132" type="jump" coverage="0%" />
              </conditions>
            </line>
            <line number="110" hits="0" branch="False" />
            <line number="111" hits="0" branch="False" />
            <line number="113" hits="0" branch="False" />
            <line number="114" hits="0" branch="False" />
            <line number="115" hits="11" branch="True" condition-coverage="100% (4/4)">
              <conditions>
                <condition number="166" type="jump" coverage="100%" />
                <condition number="186" type="jump" coverage="100%" />
              </conditions>
            </line>
            <line number="116" hits="1" branch="False" />
            <line number="117" hits="1" branch="False" />
            <line number="118" hits="1" branch="False" />
            <line number="119" hits="1" branch="False" />
            <line number="120" hits="10" branch="True" condition-coverage="75% (3/4)">
              <conditions>
                <condition number="211" type="jump" coverage="50%" />
                <condition number="228" type="jump" coverage="100%" />
              </conditions>
            </line>
            <line number="121" hits="3" branch="False" />
            <line number="122" hits="3" branch="False" />
            <line number="123" hits="3" branch="False" />
            <line number="124" hits="3" branch="False" />
            <line number="125" hits="7" branch="True" condition-coverage="50% (3/6)">
              <conditions>
                <condition number="256" type="jump" coverage="50%" />
                <condition number="269" type="jump" coverage="50%" />
                <condition number="291" type="jump" coverage="50%" />
              </conditions>
            </line>
            <line number="126" hits="7" branch="False" />
            <line number="127" hits="7" branch="False" />
            <line number="128" hits="7" branch="False" />
            <line number="129" hits="7" branch="False" />
            <line number="131" hits="0" branch="False" />
            <line number="132" hits="0" branch="False" />
            <line number="134" hits="11" branch="False" />
            <line number="135" hits="9" branch="True" condition-coverage="50% (1/2)">
              <conditions>
                <condition number="384" type="jump" coverage="50%" />
              </conditions>
            </line>
            <line number="136" hits="0" branch="False" />
            <line number="137" hits="0" branch="False" />
            <line number="139" hits="9" branch="True" condition-coverage="50% (1/2)">
              <conditions>
                <condition number="403" type="jump" coverage="50%" />
              </conditions>
            </line>
            <line number="140" hits="0" branch="False" />
            <line number="141" hits="0" branch="False" />
            <line number="143" hits="9" branch="True" condition-coverage="50% (1/2)">
              <conditions>
                <condition number="425" type="jump" coverage="50%" />
              </conditions>
            </line>
            <line number="144" hits="0" branch="False" />
            <line number="145" hits="0" branch="False" />
            <line number="147" hits="9" branch="False" />
            <line number="148" hits="49" branch="True" condition-coverage="100% (2/2)">
              <conditions>
                <condition number="503" type="jump" coverage="100%" />
              </conditions>
            </line>
            <line number="149" hits="11" branch="False" />
            <line number="150" hits="11" branch="False" />
            <line number="151" hits="11" branch="False" />
            <line number="152" hits="9" branch="False" />
          </lines>
        </class>
        <class name="SpreadsheetUtilities.Formula/&lt;GetTokens&gt;d__12" filename="Formula/Formula.cs" line-rate="1" branch-rate="1" complexity="4">
          <methods>
            <method name="MoveNext" signature="()" line-rate="1" branch-rate="1" complexity="4">
              <lines>
                <line number="370" hits="9" branch="False" />
                <line number="372" hits="9" branch="False" />
                <line number="373" hits="9" branch="False" />
                <line number="374" hits="9" branch="False" />
                <line number="375" hits="9" branch="False" />
                <line number="376" hits="9" branch="False" />
                <line number="377" hits="9" branch="False" />
                <line number="380" hits="9" branch="False" />
                <line number="381" hits="9" branch="False" />
                <line number="384" hits="101" branch="True" condition-coverage="100% (2/2)">
                  <conditions>
                    <condition number="323" type="jump" coverage="100%" />
                  </conditions>
                </line>
                <line number="385" hits="37" branch="False" />
                <line number="386" hits="37" branch="True" condition-coverage="100% (2/2)">
                  <conditions>
                    <condition number="255" type="jump" coverage="100%" />
                  </conditions>
                </line>
                <line number="387" hits="11" branch="False" />
                <line number="388" hits="11" branch="False" />
                <line number="389" hits="11" branch="False" />
                <line number="390" hits="37" branch="False" />
                <line number="392" hits="9" branch="False" />
              </lines>
            </method>
          </methods>
          <lines>
            <line number="370" hits="9" branch="False" />
            <line number="372" hits="9" branch="False" />
            <line number="373" hits="9" branch="False" />
            <line number="374" hits="9" branch="False" />
            <line number="375" hits="9" branch="False" />
            <line number="376" hits="9" branch="False" />
            <line number="377" hits="9" branch="False" />
            <line number="380" hits="9" branch="False" />
            <line number="381" hits="9" branch="False" />
            <line number="384" hits="101" branch="True" condition-coverage="100% (2/2)">
              <conditions>
                <condition number="323" type="jump" coverage="100%" />
              </conditions>
            </line>
            <line number="385" hits="37" branch="False" />
            <line number="386" hits="37" branch="True" condition-coverage="100% (2/2)">
              <conditions>
                <condition number="255" type="jump" coverage="100%" />
              </conditions>
            </line>
            <line number="387" hits="11" branch="False" />
            <line number="388" hits="11" branch="False" />
            <line number="389" hits="11" branch="False" />
            <line number="390" hits="37" branch="False" />
            <line number="392" hits="9" branch="False" />
          </lines>
        </class>
        <class name="SpreadsheetUtilities.FormulaFormatException" filename="Formula/Formula.cs" line-rate="0" branch-rate="1" complexity="1">
          <methods>
            <method name=".ctor" signature="(System.String)" line-rate="0" branch-rate="1" complexity="1">
              <lines>
                <line number="404" hits="0" branch="False" />
                <line number="405" hits="0" branch="False" />
                <line number="406" hits="0" branch="False" />
              </lines>
            </method>
          </methods>
          <lines>
            <line number="404" hits="0" branch="False" />
            <line number="405" hits="0" branch="False" />
            <line number="406" hits="0" branch="False" />
          </lines>
        </class>
        <class name="SpreadsheetUtilities.FormulaError" filename="Formula/Formula.cs" line-rate="1" branch-rate="1" complexity="2">
          <methods>
            <method name="get_Reason" signature="()" line-rate="1" branch-rate="1" complexity="1">
              <lines>
                <line number="428" hits="4" branch="False" />
              </lines>
            </method>
            <method name=".ctor" signature="(System.String)" line-rate="1" branch-rate="1" complexity="1">
              <lines>
                <line number="419" hits="4" branch="False" />
                <line number="420" hits="4" branch="False" />
                <line number="421" hits="4" branch="False" />
                <line number="422" hits="4" branch="False" />
              </lines>
            </method>
          </methods>
          <lines>
            <line number="428" hits="4" branch="False" />
            <line number="419" hits="4" branch="False" />
            <line number="420" hits="4" branch="False" />
            <line number="421" hits="4" branch="False" />
            <line number="422" hits="4" branch="False" />
          </lines>
        </class>
      </classes>
    </package>
  </packages>
</coverage>